****************************************
Report : Time Based Power
	-hierarchy
Design : mac_engine
Version: U-2022.12
Date   : Wed May 22 01:43:16 2024
****************************************



                                      Int      Switch   Leak     Total
Hierarchy                             Power    Power    Power    Power    %
----------------------------------------------------------------------------------
mac_engine                            2.61e-04 1.13e-04 1.32e-06 3.75e-04 100.0
  add_74 (mac_engine_DW01_inc_0)         0.000    0.000 1.72e-08 1.72e-08   0.0
  PFU1 (proposed)                     1.97e-04 1.05e-04 1.10e-06 3.03e-04  80.8
    sign_ctrl (signbit_ctrl)          7.34e-12    0.000 2.65e-09 2.66e-09   0.0
    add_0_root_add_0_root_add_432_3 (proposed_DW01_add_28)
                                      7.03e-06 2.25e-06 2.05e-08 9.30e-06   2.5
    add_367_2 (proposed_DW01_add_7)   1.99e-06 2.32e-06 1.28e-08 4.33e-06   1.2
    add_346_2 (proposed_DW01_add_5)   2.52e-06 2.87e-06 1.31e-08 5.41e-06   1.4
    add_2_root_add_0_root_add_443_15 (proposed_DW01_add_13)
                                      3.43e-06 2.01e-06 1.67e-08 5.46e-06   1.5
    bb_lh_1 (ns_bitbrick_5)           2.01e-06 1.50e-06 2.88e-08 3.54e-06   0.9
      HA_p1 (half_adder_28)           1.85e-07 1.79e-07 2.86e-09 3.67e-07   0.1
      FA_p3a (full_adder_40)          6.19e-07 4.21e-07 6.47e-09 1.05e-06   0.3
      HA_p2 (half_adder_27)           3.89e-07 2.84e-07 4.34e-09 6.77e-07   0.2
      FA_p3b (full_adder_41)          2.47e-07 3.52e-08 7.10e-09 2.89e-07   0.1
      FA_p2 (full_adder_42)           3.83e-07 1.47e-07 5.08e-09 5.35e-07   0.1
    bb_lh_2 (s_bitbrick_0)            2.19e-06 1.86e-06 3.45e-08 4.08e-06   1.1
      FA_p2 (full_adder_30)           5.29e-07 2.06e-07 5.31e-09 7.40e-07   0.2
      HA_p1 (half_adder_20)           2.77e-07 2.62e-07 2.92e-09 5.41e-07   0.1
      HA_p2 (half_adder_19)           2.90e-07 1.99e-07 4.26e-09 4.93e-07   0.1
      FA_p3a (full_adder_28)          6.13e-07 2.56e-07 6.92e-09 8.75e-07   0.2
      FA_p3b (full_adder_29)          1.88e-07 8.44e-08 7.41e-09 2.80e-07   0.1
    bb_lh_3 (ns_bitbrick_1)           2.02e-06 1.47e-06 2.88e-08 3.52e-06   0.9
      HA_p1 (half_adder_12)           1.82e-07 1.77e-07 2.85e-09 3.62e-07   0.1
      FA_p3a (full_adder_16)          6.29e-07 3.97e-07 6.47e-09 1.03e-06   0.3
      HA_p2 (half_adder_11)           3.92e-07 2.86e-07 4.34e-09 6.83e-07   0.2
      FA_p3b (full_adder_17)          2.48e-07 3.54e-08 7.10e-09 2.91e-07   0.1
      FA_p2 (full_adder_18)           3.84e-07 1.48e-07 5.06e-09 5.37e-07   0.1
    bb_lh_4 (s_bitbrick_1)            2.03e-06 1.79e-06 3.39e-08 3.86e-06   1.0
      FA_p2 (full_adder_6)            4.49e-07 1.87e-07 4.57e-09 6.40e-07   0.2
      HA_p1 (half_adder_4)            2.74e-07 2.56e-07 2.91e-09 5.32e-07   0.1
      HA_p2 (half_adder_3)            2.33e-07 1.89e-07 3.84e-09 4.26e-07   0.1
      FA_p3a (full_adder_4)           6.00e-07 2.49e-07 6.91e-09 8.56e-07   0.2
      FA_p3b (full_adder_5)           1.83e-07 8.20e-08 7.40e-09 2.72e-07   0.1
    add_328_2 (proposed_DW01_add_3)   2.70e-06 2.76e-06 1.35e-08 5.47e-06   1.5
    bb_hh_1 (ss_bitbrick)             2.80e-07 7.89e-07 5.51e-09 1.07e-06   0.3
    bb_hh_2 (ns_bitbrick_4)           2.93e-06 1.92e-06 2.90e-08 4.88e-06   1.3
      HA_p1 (half_adder_24)           2.59e-07 2.46e-07 2.95e-09 5.08e-07   0.1
      FA_p3a (full_adder_34)          9.16e-07 3.56e-07 6.37e-09 1.28e-06   0.3
      HA_p2 (half_adder_23)           5.72e-07 4.26e-07 4.14e-09 1.00e-06   0.3
      FA_p3b (full_adder_35)          3.61e-07 5.14e-08 7.05e-09 4.19e-07   0.1
      FA_p2 (full_adder_36)           5.66e-07 2.18e-07 5.33e-09 7.89e-07   0.2
    bb_hh_3 (ns_bitbrick_2)           1.96e-06 1.54e-06 2.88e-08 3.52e-06   0.9
      HA_p1 (half_adder_16)           1.82e-07 1.77e-07 2.85e-09 3.62e-07   0.1
      FA_p3a (full_adder_22)          5.98e-07 4.72e-07 6.48e-09 1.08e-06   0.3
      HA_p2 (half_adder_15)           3.91e-07 2.87e-07 4.35e-09 6.82e-07   0.2
      FA_p3b (full_adder_23)          2.38e-07 3.40e-08 7.11e-09 2.79e-07   0.1
      FA_p2 (full_adder_24)           3.66e-07 1.41e-07 5.05e-09 5.12e-07   0.1
    bb_hh_4 (s_bitbrick_3)            2.19e-06 1.87e-06 3.44e-08 4.09e-06   1.1
      FA_p2 (full_adder_12)           5.32e-07 2.07e-07 5.29e-09 7.44e-07   0.2
      HA_p1 (half_adder_8)            2.78e-07 2.61e-07 2.92e-09 5.42e-07   0.1
      HA_p2 (half_adder_7)            2.91e-07 2.01e-07 4.28e-09 4.97e-07   0.1
      FA_p3a (full_adder_10)          5.91e-07 2.13e-07 6.91e-09 8.11e-07   0.2
      FA_p3b (full_adder_11)          1.83e-07 8.21e-08 7.40e-09 2.73e-07   0.1
    bb_ll_1 (fs_bitbrick_0)           2.33e-06 2.07e-06 3.04e-08 4.42e-06   1.2
      FA_p2 (full_adder_39)           5.71e-07 2.23e-07 5.40e-09 8.00e-07   0.2
      HA_p1 (half_adder_26)           2.77e-07 3.79e-07 2.96e-09 6.58e-07   0.2
      HA_p2 (half_adder_25)           3.20e-07 1.90e-07 4.21e-09 5.14e-07   0.1
      FA_p3a (full_adder_37)          6.66e-07 3.26e-07 6.96e-09 9.99e-07   0.3
      FA_p3b (full_adder_38)          2.01e-07 9.03e-08 7.44e-09 2.99e-07   0.1
    bb_ll_2 (fs_bitbrick_3)           2.14e-06 1.86e-06 3.02e-08 4.03e-06   1.1
      FA_p2 (full_adder_27)           5.17e-07 2.01e-07 5.30e-09 7.24e-07   0.2
      HA_p1 (half_adder_18)           2.72e-07 3.74e-07 2.91e-09 6.49e-07   0.2
      HA_p2 (half_adder_17)           2.82e-07 1.68e-07 4.27e-09 4.55e-07   0.1
      FA_p3a (full_adder_25)          5.99e-07 2.58e-07 6.92e-09 8.64e-07   0.2
      FA_p3b (full_adder_26)          1.85e-07 8.31e-08 7.40e-09 2.76e-07   0.1
    bb_ll_3 (fs_bitbrick_2)           2.29e-06 2.02e-06 3.04e-08 4.34e-06   1.2
      FA_p2 (full_adder_15)           5.60e-07 2.18e-07 5.38e-09 7.83e-07   0.2
      HA_p1 (half_adder_10)           2.81e-07 3.86e-07 2.96e-09 6.70e-07   0.2
      HA_p2 (half_adder_9)            3.07e-07 1.82e-07 4.23e-09 4.94e-07   0.1
      FA_p3a (full_adder_13)          6.52e-07 3.19e-07 6.95e-09 9.79e-07   0.3
      FA_p3b (full_adder_14)          1.98e-07 8.90e-08 7.43e-09 2.95e-07   0.1
    bb_ll_4 (fs_bitbrick_1)           2.02e-06 1.72e-06 2.90e-08 3.77e-06   1.0
      FA_p2 (full_adder_3)            4.49e-07 1.88e-07 4.57e-09 6.42e-07   0.2
      HA_p1 (half_adder_2)            2.68e-07 2.86e-07 2.91e-09 5.57e-07   0.1
      HA_p2 (half_adder_1)            2.39e-07 1.67e-07 3.84e-09 4.10e-07   0.1
      FA_p3a (full_adder_1)           5.94e-07 2.77e-07 6.91e-09 8.79e-07   0.2
      FA_p3b (full_adder_2)           1.82e-07 8.17e-08 7.40e-09 2.71e-07   0.1
    bb_hl_1 (ns_bitbrick_0)           3.02e-06 2.16e-06 2.92e-08 5.22e-06   1.4
      HA_p1 (half_adder_0)            2.59e-07 2.47e-07 3.01e-09 5.09e-07   0.1
      FA_p3a (full_adder_43)          8.85e-07 5.68e-07 6.36e-09 1.46e-06   0.4
      HA_p2 (half_adder_29)           6.01e-07 4.47e-07 4.13e-09 1.05e-06   0.3
      FA_p3b (full_adder_44)          3.92e-07 5.58e-08 7.03e-09 4.54e-07   0.1
      FA_p2 (full_adder_0)            6.19e-07 2.39e-07 5.43e-09 8.63e-07   0.2
    bb_hl_2 (ns_bitbrick_3)           2.89e-06 2.02e-06 2.91e-08 4.95e-06   1.3
      HA_p1 (half_adder_22)           2.55e-07 2.43e-07 2.96e-09 5.00e-07   0.1
      FA_p3a (full_adder_31)          8.52e-07 5.15e-07 6.37e-09 1.37e-06   0.4
      HA_p2 (half_adder_21)           5.72e-07 4.27e-07 4.14e-09 1.00e-06   0.3
      FA_p3b (full_adder_32)          3.74e-07 5.34e-08 7.05e-09 4.35e-07   0.1
      FA_p2 (full_adder_33)           5.85e-07 2.25e-07 5.34e-09 8.16e-07   0.2
    bb_hl_3 (s_bitbrick_4)            2.34e-06 1.93e-06 3.52e-08 4.31e-06   1.1
      FA_p2 (full_adder_21)           5.64e-07 2.19e-07 5.38e-09 7.89e-07   0.2
      HA_p1 (half_adder_14)           2.87e-07 2.70e-07 2.96e-09 5.60e-07   0.1
      HA_p2 (half_adder_13)           3.23e-07 2.24e-07 4.23e-09 5.51e-07   0.1
      FA_p3a (full_adder_19)          6.56e-07 2.76e-07 6.95e-09 9.39e-07   0.3
      FA_p3b (full_adder_20)          2.00e-07 8.98e-08 7.43e-09 2.98e-07   0.1
    bb_hl_4 (s_bitbrick_2)            2.08e-06 1.83e-06 3.38e-08 3.95e-06   1.1
      FA_p2 (full_adder_9)            4.65e-07 1.94e-07 4.58e-09 6.63e-07   0.2
      HA_p1 (half_adder_6)            2.75e-07 2.55e-07 2.91e-09 5.33e-07   0.1
      HA_p2 (half_adder_5)            2.45e-07 1.96e-07 3.84e-09 4.45e-07   0.1
      FA_p3a (full_adder_7)           6.06e-07 2.53e-07 6.91e-09 8.66e-07   0.2
      FA_p3b (full_adder_8)           1.86e-07 8.36e-08 7.40e-09 2.77e-07   0.1
    add_425_2 (proposed_DW01_add_26)  9.28e-06 2.66e-06 2.51e-08 1.20e-05   3.2
    add_1_root_add_0_root_add_443_15 (proposed_DW01_add_12)
                                      4.27e-06 2.37e-06 1.65e-08 6.65e-06   1.8
    add_4_root_add_0_root_add_443_15 (proposed_DW01_add_18)
                                      1.86e-06 1.10e-06 1.59e-08 2.98e-06   0.8
    add_536 (proposed_DW01_add_2)     1.77e-05 6.34e-06 3.62e-08 2.41e-05   6.4
    add_543 (proposed_DW01_add_1)     1.04e-05 3.34e-06 2.33e-08 1.37e-05   3.7
    add_6_root_add_0_root_add_443_15 (proposed_DW01_add_23)
                                      3.16e-06 1.75e-06 1.63e-08 4.93e-06   1.3
    add_551 (proposed_DW01_add_0)     8.89e-06 2.65e-06 2.08e-08 1.16e-05   3.1
    add_0_root_add_0_root_add_443_15 (proposed_DW01_add_11)
                                      5.63e-06 1.56e-06 1.65e-08 7.21e-06   1.9
    add_3_root_add_0_root_add_443_15 (proposed_DW01_add_21)
                                      3.40e-06 1.92e-06 1.59e-08 5.34e-06   1.4
    add_383_2 (proposed_DW01_add_9)   2.43e-06 2.34e-06 1.59e-08 4.79e-06   1.3
    add_5_root_add_0_root_add_443_15 (proposed_DW01_add_14)
                                      1.26e-06 8.52e-07 1.54e-08 2.13e-06   0.6
  add_80_aco (mac_engine_DW01_inc_1_DW01_inc_2)
                                      7.43e-07 2.43e-07 1.44e-08 1.00e-06   0.3


                                      Peak     Peak            Glitch   X-tran
Hierarchy                             Power    Time            Power    Power
--------------------------------------------------------------------------------
mac_engine                            1.68e-02 19348.4200-19348.4201
                                                               2.35e-09    0.000
  add_74 (mac_engine_DW01_inc_0)      1.72e-08 14.5812-14.5813    0.000    0.000
  PFU1 (proposed)                     8.47e-03 6626.6200-6626.6201
                                                               2.35e-09    0.000
    sign_ctrl (signbit_ctrl)          2.55e-05 14.5600-14.5601    0.000    0.000
    add_0_root_add_0_root_add_432_3 (proposed_DW01_add_28)
                                      2.67e-04 15955.3751-15955.3752
                                                                  0.000    0.000
    add_367_2 (proposed_DW01_add_7)   2.86e-04 18315.6994-18315.6995
                                                                  0.000    0.000
    add_346_2 (proposed_DW01_add_5)   2.85e-04 19798.9909-19798.9910
                                                                  0.000    0.000
    add_2_root_add_0_root_add_443_15 (proposed_DW01_add_13)
                                      2.21e-04 12779.3232-12779.3233
                                                                  0.000    0.000
    bb_lh_1 (ns_bitbrick_5)           3.81e-04 6032.5042-6032.5043
                                                                  0.000    0.000
      HA_p1 (half_adder_28)           1.19e-04 900.0781-900.0782
                                                                  0.000    0.000
      FA_p3a (full_adder_40)          1.13e-04 30.2512-30.2513    0.000    0.000
      HA_p2 (half_adder_27)           1.22e-04 19811.7921-19811.7922
                                                                  0.000    0.000
      FA_p3b (full_adder_41)          8.33e-05 37.3993-37.3994    0.000    0.000
      FA_p2 (full_adder_42)           1.88e-04 1660.8571-1660.8572
                                                                  0.000    0.000
    bb_lh_2 (s_bitbrick_0)            2.39e-04 19788.0731-19788.0732
                                                                  0.000    0.000
      FA_p2 (full_adder_30)           1.85e-04 19840.8399-19840.8400
                                                                  0.000    0.000
      HA_p1 (half_adder_20)           1.18e-04 20019.1835-20019.1836
                                                                  0.000    0.000
      HA_p2 (half_adder_19)           1.22e-04 21.1018-21.1019    0.000    0.000
      FA_p3a (full_adder_28)          1.03e-04 19926.4165-19926.4166
                                                                  0.000    0.000
      FA_p3b (full_adder_29)          9.20e-05 26.5147-26.5148    0.000    0.000
    bb_lh_3 (ns_bitbrick_1)           3.82e-04 1620.8242-1620.8243
                                                                  0.000    0.000
      HA_p1 (half_adder_12)           1.19e-04 2681.8578-2681.8579
                                                                  0.000    0.000
      FA_p3a (full_adder_16)          1.11e-04 28.3458-28.3459    0.000    0.000
      HA_p2 (half_adder_11)           1.22e-04 19693.4921-19693.4922
                                                                  0.000    0.000
      FA_p3b (full_adder_17)          8.33e-05 37.3993-37.3994    0.000    0.000
      FA_p2 (full_adder_18)           1.88e-04 1264.0971-1264.0972
                                                                  0.000    0.000
    bb_lh_4 (s_bitbrick_1)            2.39e-04 2385.2327-2385.2328
                                                                  0.000    0.000
      FA_p2 (full_adder_6)            1.03e-04 22.8478-22.8479    0.000    0.000
      HA_p1 (half_adder_4)            1.16e-04 19768.0235-19768.0236
                                                                  0.000    0.000
      HA_p2 (half_adder_3)            1.03e-04 21.1014-21.1015    0.000    0.000
      FA_p3a (full_adder_4)           1.03e-04 949.2781-949.2782
                                                                  0.000    0.000
      FA_p3b (full_adder_5)           9.20e-05 22.8727-22.8728    0.000    0.000
    add_328_2 (proposed_DW01_add_3)   2.63e-04 17214.6788-17214.6789
                                                                  0.000    0.000
    bb_hh_1 (ss_bitbrick)             1.86e-04 5646.6333-5646.6334
                                                               2.18e-10    0.000
    bb_hh_2 (ns_bitbrick_4)           3.83e-04 559.7612-559.7613
                                                                  0.000    0.000
      HA_p1 (half_adder_24)           1.19e-04 57.4202-57.4203    0.000    0.000
      FA_p3a (full_adder_34)          1.42e-04 50.2371-50.2372    0.000    0.000
      HA_p2 (half_adder_23)           1.22e-04 20028.3679-20028.3680
                                                                  0.000    0.000
      FA_p3b (full_adder_35)          8.32e-05 24.6550-24.6551    0.000    0.000
      FA_p2 (full_adder_36)           1.89e-04 17463.9204-17463.9205
                                                                  0.000    0.000
    bb_hh_3 (ns_bitbrick_2)           3.70e-04 12533.5496-12533.5497
                                                                  0.000    0.000
      HA_p1 (half_adder_16)           1.19e-04 1351.4465-1351.4466
                                                                  0.000    0.000
      FA_p3a (full_adder_22)          1.17e-04 30.2628-30.2629    0.000    0.000
      HA_p2 (half_adder_15)           1.22e-04 19951.9370-19951.9371
                                                                  0.000    0.000
      FA_p3b (full_adder_23)          8.16e-05 51.9633-51.9634    0.000    0.000
      FA_p2 (full_adder_24)           2.04e-04 3105.9388-3105.9389
                                                                  0.000    0.000
    bb_hh_4 (s_bitbrick_3)            2.73e-04 50.1849-50.1850    0.000    0.000
      FA_p2 (full_adder_12)           1.84e-04 19702.5201-19702.5202
                                                                  0.000    0.000
      HA_p1 (half_adder_8)            1.18e-04 20000.9877-20000.9878
                                                                  0.000    0.000
      HA_p2 (half_adder_7)            1.22e-04 17.4720-17.4721    0.000    0.000
      FA_p3a (full_adder_10)          1.03e-04 19891.8382-19891.8383
                                                                  0.000    0.000
      FA_p3b (full_adder_11)          9.20e-05 44.7148-44.7149    0.000    0.000
    bb_ll_1 (fs_bitbrick_0)           2.95e-04 108.3836-108.3837
                                                                  0.000    0.000
      FA_p2 (full_adder_39)           1.81e-04 19702.5165-19702.5166
                                                                  0.000    0.000
      HA_p1 (half_adder_26)           1.19e-04 3095.0013-3095.0014
                                                                  0.000    0.000
      HA_p2 (half_adder_25)           1.20e-04 21.1027-21.1028    0.000    0.000
      FA_p3a (full_adder_37)          1.04e-04 20021.0700-20021.0701
                                                                  0.000    0.000
      FA_p3b (full_adder_38)          9.20e-05 70.1915-70.1916    0.000    0.000
    bb_ll_2 (fs_bitbrick_3)           2.91e-04 192.1344-192.1345
                                                                  0.000    0.000
      FA_p2 (full_adder_27)           1.81e-04 18843.4765-18843.4766
                                                                  0.000    0.000
      HA_p1 (half_adder_18)           1.19e-04 468.7423-468.7424
                                                                  0.000    0.000
      HA_p2 (half_adder_17)           1.20e-04 30.2027-30.2028    0.000    0.000
      FA_p3a (full_adder_25)          1.03e-04 19611.5529-19611.5530
                                                                  0.000    0.000
      FA_p3b (full_adder_26)          9.20e-05 57.4495-57.4496    0.000    0.000
    bb_ll_3 (fs_bitbrick_2)           2.91e-04 881.9140-881.9141
                                                                  0.000    0.000
      FA_p2 (full_adder_15)           1.81e-04 19482.2965-19482.2966
                                                                  0.000    0.000
      HA_p1 (half_adder_10)           1.19e-04 82.9013-82.9014    0.000    0.000
      HA_p2 (half_adder_9)            1.20e-04 21.0985-21.0986    0.000    0.000
      FA_p3a (full_adder_13)          1.04e-04 19910.0500-19910.0501
                                                                  0.000    0.000
      FA_p3b (full_adder_14)          9.20e-05 30.1520-30.1521    0.000    0.000
    bb_ll_4 (fs_bitbrick_1)           2.40e-04 1031.1233-1031.1234
                                                                  0.000    0.000
      FA_p2 (full_adder_3)            1.00e-04 33.7633-33.7634    0.000    0.000
      HA_p1 (half_adder_2)            1.14e-04 20006.4413-20006.4414
                                                                  0.000    0.000
      HA_p2 (half_adder_1)            1.02e-04 32.0212-32.0213    0.000    0.000
      FA_p3a (full_adder_1)           1.03e-04 33.8296-33.8297    0.000    0.000
      FA_p3b (full_adder_2)           9.20e-05 53.8091-53.8092    0.000    0.000
    bb_hl_1 (ns_bitbrick_0)           3.83e-04 2599.9812-2599.9813
                                                                  0.000    0.000
      HA_p1 (half_adder_0)            1.19e-04 250.3360-250.3361
                                                                  0.000    0.000
      FA_p3a (full_adder_43)          1.12e-04 19.2429-19.2430    0.000    0.000
      HA_p2 (half_adder_29)           1.22e-04 20028.3626-20028.3627
                                                                  0.000    0.000
      FA_p3b (full_adder_44)          8.36e-05 42.8565-42.8566    0.000    0.000
      FA_p2 (full_adder_0)            1.89e-04 10172.9953-10172.9954
                                                                  0.000    0.000
    bb_hl_2 (ns_bitbrick_3)           3.83e-04 747.2212-747.2213
                                                                  0.000    0.000
      HA_p1 (half_adder_22)           1.19e-04 403.2160-403.2161
                                                                  0.000    0.000
      FA_p3a (full_adder_31)          1.10e-04 19.2429-19.2430    0.000    0.000
      HA_p2 (half_adder_21)           1.22e-04 19917.3426-19917.3427
                                                                  0.000    0.000
      FA_p3b (full_adder_32)          8.36e-05 59.2300-59.2301    0.000    0.000
      FA_p2 (full_adder_33)           1.89e-04 81.0962-81.0963    0.000    0.000
    bb_hl_3 (s_bitbrick_4)            2.73e-04 19982.8208-19982.8209
                                                                  0.000    0.000
      FA_p2 (full_adder_21)           1.84e-04 19928.2001-19928.2002
                                                                  0.000    0.000
      HA_p1 (half_adder_14)           1.18e-04 19988.2430-19988.2431
                                                                  0.000    0.000
      HA_p2 (half_adder_13)           1.22e-04 17.4720-17.4721    0.000    0.000
      FA_p3a (full_adder_19)          1.03e-04 19988.2935-19988.2936
                                                                  0.000    0.000
      FA_p3b (full_adder_20)          9.20e-05 44.7249-44.7250    0.000    0.000
    bb_hl_4 (s_bitbrick_2)            2.61e-04 1477.0256-1477.0257
                                                                  0.000    0.000
      FA_p2 (full_adder_9)            1.55e-04 146.6194-146.6195
                                                                  0.000    0.000
      HA_p1 (half_adder_6)            1.16e-04 19891.7830-19891.7831
                                                                  0.000    0.000
      HA_p2 (half_adder_5)            1.03e-04 17.4716-17.4717    0.000    0.000
      FA_p3a (full_adder_7)           1.03e-04 57.4735-57.4736    0.000    0.000
      FA_p3b (full_adder_8)           9.20e-05 33.7901-33.7902    0.000    0.000
    add_425_2 (proposed_DW01_add_26)  3.35e-04 4862.5261-4862.5262
                                                                  0.000    0.000
    add_1_root_add_0_root_add_443_15 (proposed_DW01_add_12)
                                      2.90e-04 3932.4269-3932.4270
                                                                  0.000    0.000
    add_4_root_add_0_root_add_443_15 (proposed_DW01_add_18)
                                      2.15e-04 18399.5580-18399.5581
                                                                  0.000    0.000
    add_536 (proposed_DW01_add_2)     5.03e-04 16129.8366-16129.8367
                                                                  0.000    0.000
    add_543 (proposed_DW01_add_1)     3.32e-04 11534.3366-11534.3367
                                                                  0.000    0.000
    add_6_root_add_0_root_add_443_15 (proposed_DW01_add_23)
                                      2.52e-04 5066.1771-5066.1772
                                                                  0.000    0.000
    add_551 (proposed_DW01_add_0)     2.92e-04 1356.8966-1356.8967
                                                                  0.000    0.000
    add_0_root_add_0_root_add_443_15 (proposed_DW01_add_11)
                                      2.39e-04 2139.8045-2139.8046
                                                                  0.000    0.000
    add_3_root_add_0_root_add_443_15 (proposed_DW01_add_21)
                                      2.80e-04 12351.6874-12351.6875
                                                                  0.000    0.000
    add_383_2 (proposed_DW01_add_9)   3.28e-04 5544.8825-5544.8826
                                                                  0.000    0.000
    add_5_root_add_0_root_add_443_15 (proposed_DW01_add_14)
                                      1.35e-04 17576.8037-17576.8038
                                                                  0.000    0.000
  add_80_aco (mac_engine_DW01_inc_1_DW01_inc_2)
                                      3.70e-04 474.1851-474.1852
                                                                  0.000    0.000
1
