****************************************
Report : Time Based Power
	-hierarchy
Design : mac_engine
Version: U-2022.12
Date   : Fri Apr  5 21:49:53 2024
****************************************



                                      Int      Switch   Leak     Total
Hierarchy                             Power    Power    Power    Power    %
----------------------------------------------------------------------------------
mac_engine                            2.79e-06 1.22e-06 1.46e-06 5.47e-06 100.0
  MFU1 (mfu)                          2.07e-06 1.16e-06 1.24e-06 4.47e-06  81.7
    add_379 (mfu_DW01_add_2)          8.50e-08 3.04e-08 3.32e-08 1.49e-07   2.7
    bb_hh_1 (bitbrick_0)              3.84e-08 3.23e-08 3.78e-08 1.09e-07   2.0
      FA_p2 (full_adder_0)            5.81e-09 2.31e-09 5.12e-09 1.32e-08   0.2
      FA_p4 (full_adder_61)           7.51e-09 2.35e-09 6.70e-09 1.66e-08   0.3
      HA_p1 (half_adder_0)            1.77e-09 1.77e-09 2.79e-09 6.33e-09   0.1
      HA_p2 (half_adder_31)           5.57e-09 4.27e-09 4.15e-09 1.40e-08   0.3
      FA_p3a (full_adder_62)          9.60e-09 4.51e-09 6.78e-09 2.09e-08   0.4
      FA_p3b (full_adder_63)          2.97e-09 1.60e-09 6.94e-09 1.15e-08   0.2
    bb_hh_2 (bitbrick_12)             4.92e-08 3.93e-08 3.73e-08 1.26e-07   2.3
      FA_p2 (full_adder_48)           7.91e-09 3.14e-09 5.20e-09 1.62e-08   0.3
      FA_p4 (full_adder_45)           9.68e-09 3.09e-09 6.27e-09 1.90e-08   0.3
      HA_p1 (half_adder_24)           2.14e-09 2.19e-09 2.96e-09 7.29e-09   0.1
      HA_p2 (half_adder_23)           7.70e-09 5.94e-09 3.85e-09 1.75e-08   0.3
      FA_p3a (full_adder_46)          1.21e-08 5.67e-09 6.56e-09 2.43e-08   0.4
      FA_p3b (full_adder_47)          4.17e-09 1.75e-09 6.89e-09 1.28e-08   0.2
    add_4_root_add_0_root_add_286_15 (mfu_DW01_add_17)
                                      2.82e-08 1.69e-08 1.55e-08 6.06e-08   1.1
    bb_hh_3 (bitbrick_8)              3.67e-08 3.25e-08 3.79e-08 1.07e-07   2.0
      FA_p2 (full_adder_32)           4.53e-09 1.90e-09 5.24e-09 1.17e-08   0.2
      FA_p4 (full_adder_29)           6.47e-09 2.01e-09 6.59e-09 1.51e-08   0.3
      HA_p1 (half_adder_16)           2.64e-09 2.39e-09 3.01e-09 8.04e-09   0.1
      HA_p2 (half_adder_15)           6.40e-09 4.87e-09 4.23e-09 1.55e-08   0.3
      FA_p3a (full_adder_30)          7.76e-09 3.75e-09 6.71e-09 1.82e-08   0.3
      FA_p3b (full_adder_31)          3.75e-09 1.65e-09 6.95e-09 1.23e-08   0.2
    bb_hh_4 (bitbrick_4)              3.63e-08 2.88e-08 3.85e-08 1.04e-07   1.9
      FA_p2 (full_adder_16)           6.08e-09 2.34e-09 5.72e-09 1.41e-08   0.3
      FA_p4 (full_adder_13)           6.52e-09 2.02e-09 6.62e-09 1.52e-08   0.3
      HA_p1 (half_adder_8)            3.59e-09 2.80e-09 3.12e-09 9.51e-09   0.2
      HA_p2 (half_adder_7)            4.60e-09 3.63e-09 3.78e-09 1.20e-08   0.2
      FA_p3a (full_adder_14)          9.34e-09 4.31e-09 6.94e-09 2.06e-08   0.4
      FA_p3b (full_adder_15)          2.27e-09 1.14e-09 6.92e-09 1.03e-08   0.2
    bb_lh_1 (bitbrick_14)             3.10e-08 2.86e-08 3.65e-08 9.62e-08   1.8
      FA_p2 (full_adder_56)           4.56e-09 1.79e-09 5.01e-09 1.14e-08   0.2
      FA_p4 (full_adder_53)           5.80e-09 3.02e-09 6.36e-09 1.52e-08   0.3
      HA_p1 (half_adder_28)           2.05e-09 2.07e-09 2.90e-09 7.02e-09   0.1
      HA_p2 (half_adder_27)           4.98e-09 3.58e-09 4.25e-09 1.28e-08   0.2
      FA_p3a (full_adder_54)          6.99e-09 4.12e-09 6.56e-09 1.77e-08   0.3
      FA_p3b (full_adder_55)          2.41e-09 9.03e-10 7.17e-09 1.05e-08   0.2
    bb_lh_2 (bitbrick_10)             3.07e-08 2.69e-08 3.70e-08 9.46e-08   1.7
      FA_p2 (full_adder_40)           5.26e-09 2.06e-09 5.08e-09 1.24e-08   0.2
      FA_p4 (full_adder_37)           5.71e-09 3.00e-09 6.41e-09 1.51e-08   0.3
      HA_p1 (half_adder_20)           1.77e-09 1.76e-09 2.90e-09 6.44e-09   0.1
      HA_p2 (half_adder_19)           4.08e-09 2.97e-09 4.21e-09 1.13e-08   0.2
      FA_p3a (full_adder_38)          7.11e-09 4.00e-09 6.67e-09 1.78e-08   0.3
      FA_p3b (full_adder_39)          3.27e-09 1.38e-09 7.14e-09 1.18e-08   0.2
    bb_lh_3 (bitbrick_6)              2.29e-08 2.04e-08 3.64e-08 7.97e-08   1.5
      FA_p2 (full_adder_24)           3.66e-09 1.36e-09 4.80e-09 9.82e-09   0.2
      FA_p4 (full_adder_21)           4.07e-09 2.10e-09 6.42e-09 1.26e-08   0.2
      HA_p1 (half_adder_12)           2.27e-09 2.16e-09 2.67e-09 7.10e-09   0.1
      HA_p2 (half_adder_11)           3.38e-09 2.41e-09 4.36e-09 1.02e-08   0.2
      FA_p3a (full_adder_22)          5.37e-09 3.06e-09 6.56e-09 1.50e-08   0.3
      FA_p3b (full_adder_23)          1.70e-09 6.67e-10 7.17e-09 9.54e-09   0.2
    bb_lh_4 (bitbrick_2)              2.82e-08 2.41e-08 3.80e-08 9.02e-08   1.7
      FA_p2 (full_adder_8)            5.68e-09 2.20e-09 5.66e-09 1.35e-08   0.2
      FA_p4 (full_adder_5)            5.00e-09 2.66e-09 6.41e-09 1.41e-08   0.3
      HA_p1 (half_adder_4)            2.58e-09 2.39e-09 3.13e-09 8.09e-09   0.1
      HA_p2 (half_adder_3)            3.11e-09 2.42e-09 3.98e-09 9.51e-09   0.2
      FA_p3a (full_adder_6)           5.95e-09 3.41e-09 6.78e-09 1.61e-08   0.3
      FA_p3b (full_adder_7)           2.76e-09 1.13e-09 7.21e-09 1.11e-08   0.2
    add_227 (mfu_DW01_add_7)          1.62e-08 8.97e-09 1.27e-08 3.79e-08   0.7
    add_384 (mfu_DW01_add_1)          7.44e-08 2.40e-08 2.21e-08 1.20e-07   2.2
    add_0_root_add_0_root_add_275_3 (mfu_DW01_add_25)
                                      8.85e-08 2.86e-08 2.23e-08 1.39e-07   2.5
    add_390 (mfu_DW01_add_0)          6.45e-08 1.99e-08 1.91e-08 1.04e-07   1.9
    add_239 (mfu_DW01_add_9)          1.49e-08 8.17e-09 1.31e-08 3.61e-08   0.7
    sign_ctrl (signbit_ctrl)          8.07e-10 2.28e-09 6.11e-09 9.19e-09   0.2
    add_215_2 (mfu_DW01_add_4)        2.82e-08 3.15e-08 1.30e-08 7.27e-08   1.3
    add_0_root_add_0_root_add_280_3 (mfu_DW01_add_29)
                                      6.29e-08 1.89e-08 1.93e-08 1.01e-07   1.8
    add_239_2 (mfu_DW01_add_8)        2.38e-08 2.33e-08 1.33e-08 6.04e-08   1.1
    add_0_root_add_0_root_add_286_15 (mfu_DW01_add_10)
                                      4.78e-08 1.27e-08 1.59e-08 7.65e-08   1.4
    bb_hl_1 (bitbrick_15)             4.07e-08 3.54e-08 3.69e-08 1.13e-07   2.1
      FA_p2 (full_adder_60)           6.21e-09 2.51e-09 5.09e-09 1.38e-08   0.3
      FA_p4 (full_adder_57)           7.99e-09 4.04e-09 6.20e-09 1.82e-08   0.3
      HA_p1 (half_adder_30)           2.28e-09 2.18e-09 2.85e-09 7.31e-09   0.1
      HA_p2 (half_adder_29)           5.89e-09 4.39e-09 4.06e-09 1.43e-08   0.3
      FA_p3a (full_adder_58)          9.57e-09 5.55e-09 6.51e-09 2.16e-08   0.4
      FA_p3b (full_adder_59)          3.96e-09 1.35e-09 7.03e-09 1.23e-08   0.2
    bb_hl_2 (bitbrick_11)             3.37e-08 2.95e-08 3.68e-08 1.00e-07   1.8
      FA_p2 (full_adder_44)           4.60e-09 1.74e-09 4.91e-09 1.13e-08   0.2
      FA_p4 (full_adder_41)           6.49e-09 3.36e-09 6.22e-09 1.61e-08   0.3
      HA_p1 (half_adder_22)           2.07e-09 2.19e-09 2.79e-09 7.04e-09   0.1
      HA_p2 (half_adder_21)           6.06e-09 4.65e-09 4.24e-09 1.49e-08   0.3
      FA_p3a (full_adder_42)          8.17e-09 4.73e-09 6.48e-09 1.94e-08   0.4
      FA_p3b (full_adder_43)          2.40e-09 7.95e-10 7.05e-09 1.03e-08   0.2
    bb_hl_3 (bitbrick_7)              3.75e-08 3.28e-08 3.79e-08 1.08e-07   2.0
      FA_p2 (full_adder_28)           7.07e-09 2.76e-09 5.76e-09 1.56e-08   0.3
      FA_p4 (full_adder_25)           6.22e-09 3.45e-09 6.36e-09 1.60e-08   0.3
      HA_p1 (half_adder_14)           2.57e-09 2.39e-09 3.01e-09 7.96e-09   0.1
      HA_p2 (half_adder_13)           5.43e-09 4.49e-09 3.95e-09 1.39e-08   0.3
      FA_p3a (full_adder_26)          7.72e-09 4.27e-09 6.77e-09 1.88e-08   0.3
      FA_p3b (full_adder_27)          4.12e-09 1.59e-09 7.04e-09 1.28e-08   0.2
    bb_hl_4 (bitbrick_3)              2.95e-08 2.49e-08 3.74e-08 9.18e-08   1.7
      FA_p2 (full_adder_12)           5.00e-09 1.95e-09 5.40e-09 1.23e-08   0.2
      FA_p4 (full_adder_9)            4.56e-09 2.39e-09 6.31e-09 1.33e-08   0.2
      HA_p1 (half_adder_6)            2.82e-09 2.50e-09 2.95e-09 8.28e-09   0.2
      HA_p2 (half_adder_5)            3.60e-09 2.85e-09 4.12e-09 1.06e-08   0.2
      FA_p3a (full_adder_10)          6.29e-09 3.45e-09 6.65e-09 1.64e-08   0.3
      FA_p3b (full_adder_11)          3.64e-09 1.38e-09 7.06e-09 1.21e-08   0.2
    bb_ll_1 (bitbrick_13)             2.25e-08 2.19e-08 3.70e-08 8.14e-08   1.5
      FA_p2 (full_adder_52)           4.07e-09 1.57e-09 5.13e-09 1.08e-08   0.2
      FA_p4 (full_adder_49)           3.52e-09 1.09e-09 6.57e-09 1.12e-08   0.2
      HA_p1 (half_adder_26)           1.71e-09 2.48e-09 2.84e-09 7.04e-09   0.1
      HA_p2 (half_adder_25)           2.98e-09 1.92e-09 4.25e-09 9.15e-09   0.2
      FA_p3a (full_adder_50)          5.23e-09 2.89e-09 6.79e-09 1.49e-08   0.3
      FA_p3b (full_adder_51)          1.62e-09 7.87e-10 7.22e-09 9.62e-09   0.2
    bb_ll_2 (bitbrick_9)              2.03e-08 1.94e-08 3.66e-08 7.63e-08   1.4
      FA_p2 (full_adder_36)           3.35e-09 1.29e-09 4.89e-09 9.53e-09   0.2
      FA_p4 (full_adder_33)           3.02e-09 9.39e-10 6.55e-09 1.05e-08   0.2
      HA_p1 (half_adder_18)           2.96e-09 4.38e-09 2.85e-09 1.02e-08   0.2
      HA_p2 (half_adder_17)           2.67e-09 1.61e-09 4.36e-09 8.64e-09   0.2
      FA_p3a (full_adder_34)          4.39e-09 2.49e-09 6.67e-09 1.36e-08   0.2
      FA_p3b (full_adder_35)          1.15e-09 5.71e-10 7.17e-09 8.89e-09   0.2
    bb_ll_3 (bitbrick_5)              2.57e-08 2.21e-08 3.73e-08 8.52e-08   1.6
      FA_p2 (full_adder_20)           4.39e-09 1.78e-09 5.22e-09 1.14e-08   0.2
      FA_p4 (full_adder_17)           4.52e-09 1.41e-09 6.55e-09 1.25e-08   0.2
      HA_p1 (half_adder_10)           2.03e-09 2.48e-09 2.90e-09 7.41e-09   0.1
      HA_p2 (half_adder_9)            3.62e-09 2.27e-09 4.21e-09 1.01e-08   0.2
      FA_p3a (full_adder_18)          6.63e-09 3.73e-09 6.80e-09 1.72e-08   0.3
      FA_p3b (full_adder_19)          1.64e-09 7.87e-10 7.19e-09 9.62e-09   0.2
    bb_ll_4 (bitbrick_1)              1.70e-08 1.59e-08 3.65e-08 6.95e-08   1.3
      FA_p2 (full_adder_4)            2.64e-09 1.01e-09 4.94e-09 8.59e-09   0.2
      FA_p4 (full_adder_1)            2.52e-09 7.76e-10 6.47e-09 9.77e-09   0.2
      HA_p1 (half_adder_2)            2.19e-09 2.47e-09 2.67e-09 7.33e-09   0.1
      HA_p2 (half_adder_1)            2.67e-09 1.73e-09 4.27e-09 8.67e-09   0.2
      FA_p3a (full_adder_2)           3.68e-09 2.07e-09 6.68e-09 1.24e-08   0.2
      FA_p3b (full_adder_3)           8.15e-10 3.93e-10 7.21e-09 8.42e-09   0.2
    add_1_root_add_0_root_add_275_3 (mfu_DW01_add_26)
                                      6.34e-08 3.98e-08 2.21e-08 1.25e-07   2.3
    add_1_root_add_0_root_add_286_15 (mfu_DW01_add_11)
                                      4.33e-08 2.40e-08 1.61e-08 8.34e-08   1.5
    add_5_root_add_0_root_add_286_15 (mfu_DW01_add_13)
                                      3.14e-08 1.69e-08 1.62e-08 6.45e-08   1.2
    add_204 (mfu_DW01_add_3)          2.21e-08 1.10e-08 1.28e-08 4.58e-08   0.8
    add_204_2 (mfu_DW01_add_28)       2.99e-08 2.96e-08 1.28e-08 7.23e-08   1.3
    add_2_root_add_0_root_add_286_15 (mfu_DW01_add_12)
                                      3.27e-08 1.73e-08 1.57e-08 6.57e-08   1.2
    add_6_root_add_0_root_add_286_15 (mfu_DW01_add_19)
                                      2.54e-08 1.38e-08 1.56e-08 5.48e-08   1.0
    add_3_root_add_0_root_add_286_15 (mfu_DW01_add_22)
                                      2.44e-08 1.27e-08 1.55e-08 5.25e-08   1.0
    add_215 (mfu_DW01_add_5)          1.82e-08 9.17e-09 1.29e-08 4.02e-08   0.7
    add_227_2 (mfu_DW01_add_6)        2.27e-08 2.59e-08 1.28e-08 6.14e-08   1.1
  add_73 (mac_engine_DW01_inc_0)         0.000    0.000 1.39e-08 1.39e-08   0.3
  add_79_aco (mac_engine_DW01_inc_1_DW01_inc_2)
                                      5.82e-09 1.85e-09 1.23e-08 1.99e-08   0.4


                                      Peak     Peak            Glitch   X-tran
Hierarchy                             Power    Time            Power    Power
--------------------------------------------------------------------------------
mac_engine                            1.55e-02 6600.0000-6600.0001
                                                                  0.000    0.000
  MFU1 (mfu)                          7.74e-03 5850.0000-5850.0001
                                                                  0.000    0.000
    add_379 (mfu_DW01_add_2)          3.62e-04 5925.0866-5925.0867
                                                                  0.000    0.000
    bb_hh_1 (bitbrick_0)              3.17e-04 6225.0882-6225.0883
                                                                  0.000    0.000
      FA_p2 (full_adder_0)            1.12e-04 2325.1091-2325.1092
                                                                  0.000    0.000
      FA_p4 (full_adder_61)           1.07e-04 6375.1710-6375.1711
                                                                  0.000    0.000
      HA_p1 (half_adder_0)            9.39e-05 3675.0859-3675.0860
                                                                  0.000    0.000
      HA_p2 (half_adder_31)           1.22e-04 3525.1672-3525.1673
                                                                  0.000    0.000
      FA_p3a (full_adder_62)          1.45e-04 3825.1743-3825.1744
                                                                  0.000    0.000
      FA_p3b (full_adder_63)          1.00e-04 6525.1343-6525.1344
                                                                  0.000    0.000
    bb_hh_2 (bitbrick_12)             3.17e-04 4725.0882-4725.0883
                                                                  0.000    0.000
      FA_p2 (full_adder_48)           1.00e-04 1725.0882-1725.0883
                                                                  0.000    0.000
      FA_p4 (full_adder_45)           1.37e-04 6375.1800-6375.1801
                                                                  0.000    0.000
      HA_p1 (half_adder_24)           9.39e-05 5175.0864-5175.0865
                                                                  0.000    0.000
      HA_p2 (half_adder_23)           1.22e-04 4425.1410-4425.1411
                                                                  0.000    0.000
      FA_p3a (full_adder_46)          1.45e-04 1725.1743-1725.1744
                                                                  0.000    0.000
      FA_p3b (full_adder_47)          1.00e-04 4725.1180-4725.1181
                                                                  0.000    0.000
    add_4_root_add_0_root_add_286_15 (mfu_DW01_add_17)
                                      1.79e-04 6525.3353-6525.3354
                                                                  0.000    0.000
    bb_hh_3 (bitbrick_8)              2.94e-04 3525.1720-3525.1721
                                                                  0.000    0.000
      FA_p2 (full_adder_32)           1.12e-04 1575.1039-1575.1040
                                                                  0.000    0.000
      FA_p4 (full_adder_29)           1.07e-04 1425.1720-1425.1721
                                                                  0.000    0.000
      HA_p1 (half_adder_16)           1.02e-04 3675.0835-3675.0836
                                                                  0.000    0.000
      HA_p2 (half_adder_15)           1.22e-04 5625.1577-5625.1578
                                                                  0.000    0.000
      FA_p3a (full_adder_30)          1.11e-04 5925.1732-5925.1733
                                                                  0.000    0.000
      FA_p3b (full_adder_31)          1.08e-04 5775.1322-5775.1323
                                                                  0.000    0.000
    bb_hh_4 (bitbrick_4)              2.94e-04 3525.1720-3525.1721
                                                                  0.000    0.000
      FA_p2 (full_adder_16)           1.12e-04 1725.1109-1725.1110
                                                                  0.000    0.000
      FA_p4 (full_adder_13)           1.07e-04 2175.1909-2175.1910
                                                                  0.000    0.000
      HA_p1 (half_adder_8)            1.14e-04 1725.0864-1725.0865
                                                                  0.000    0.000
      HA_p2 (half_adder_7)            1.22e-04 2325.1669-2325.1670
                                                                  0.000    0.000
      FA_p3a (full_adder_14)          1.44e-04 6825.1739-6825.1740
                                                                  0.000    0.000
      FA_p3b (full_adder_15)          9.95e-05 4725.1176-4725.1177
                                                                  0.000    0.000
    bb_lh_1 (bitbrick_14)             3.04e-04 2175.1719-2175.1720
                                                                  0.000    0.000
      FA_p2 (full_adder_56)           1.12e-04 1575.1086-1575.1087
                                                                  0.000    0.000
      FA_p4 (full_adder_53)           1.13e-04 1425.1719-1425.1720
                                                                  0.000    0.000
      HA_p1 (half_adder_28)           9.37e-05 4125.0864-4125.0865
                                                                  0.000    0.000
      HA_p2 (half_adder_27)           1.22e-04 3525.1577-3525.1578
                                                                  0.000    0.000
      FA_p3a (full_adder_54)          1.07e-04 1425.1480-1425.1481
                                                                  0.000    0.000
      FA_p3b (full_adder_55)          9.95e-05 2325.1343-2325.1344
                                                                  0.000    0.000
    bb_lh_2 (bitbrick_10)             3.19e-04 4575.1860-4575.1861
                                                                  0.000    0.000
      FA_p2 (full_adder_40)           1.12e-04 3675.1104-3675.1105
                                                                  0.000    0.000
      FA_p4 (full_adder_37)           1.13e-04 1425.1719-1425.1720
                                                                  0.000    0.000
      HA_p1 (half_adder_20)           9.38e-05 2325.0859-2325.0860
                                                                  0.000    0.000
      HA_p2 (half_adder_19)           1.22e-04 1875.1672-1875.1673
                                                                  0.000    0.000
      FA_p3a (full_adder_38)          1.49e-04 6525.1743-6525.1744
                                                                  0.000    0.000
      FA_p3b (full_adder_39)          1.20e-04 4575.1276-4575.1277
                                                                  0.000    0.000
    bb_lh_3 (bitbrick_6)              3.20e-04 4275.1842-4275.1843
                                                                  0.000    0.000
      FA_p2 (full_adder_24)           1.00e-04 2325.0877-2325.0878
                                                                  0.000    0.000
      FA_p4 (full_adder_21)           1.12e-04 6075.2368-6075.2369
                                                                  0.000    0.000
      HA_p1 (half_adder_12)           9.37e-05 4125.0864-4125.0865
                                                                  0.000    0.000
      HA_p2 (half_adder_11)           1.22e-04 3975.1672-3975.1673
                                                                  0.000    0.000
      FA_p3a (full_adder_22)          1.49e-04 2325.1739-2325.1740
                                                                  0.000    0.000
      FA_p3b (full_adder_23)          1.21e-04 4275.1261-4275.1262
                                                                  0.000    0.000
    bb_lh_4 (bitbrick_2)              3.05e-04 2475.1909-2475.1910
                                                                  0.000    0.000
      FA_p2 (full_adder_8)            1.29e-04 2475.1161-2475.1162
                                                                  0.000    0.000
      FA_p4 (full_adder_5)            1.13e-04 2475.1909-2475.1910
                                                                  0.000    0.000
      HA_p1 (half_adder_4)            1.14e-04 2625.0864-2625.0865
                                                                  0.000    0.000
      HA_p2 (half_adder_3)            1.22e-04 3975.1672-3975.1673
                                                                  0.000    0.000
      FA_p3a (full_adder_6)           1.11e-04 6825.1370-6825.1371
                                                                  0.000    0.000
      FA_p3b (full_adder_7)           1.08e-04 4575.1265-4575.1266
                                                                  0.000    0.000
    add_227 (mfu_DW01_add_7)          1.13e-04 2625.2284-2625.2285
                                                                  0.000    0.000
    add_384 (mfu_DW01_add_1)          2.91e-04 7125.1117-7125.1118
                                                                  0.000    0.000
    add_0_root_add_0_root_add_275_3 (mfu_DW01_add_25)
                                      2.66e-04 1725.3337-1725.3338
                                                                  0.000    0.000
    add_390 (mfu_DW01_add_0)          2.56e-04 7125.1117-7125.1118
                                                                  0.000    0.000
    add_239 (mfu_DW01_add_9)          1.01e-04 2025.0858-2025.0859
                                                                  0.000    0.000
    sign_ctrl (signbit_ctrl)          1.93e-04 1200.0393-1200.0394
                                                                  0.000    0.000
    add_215_2 (mfu_DW01_add_4)        2.25e-04 1725.2028-1725.2029
                                                                  0.000    0.000
    add_0_root_add_0_root_add_280_3 (mfu_DW01_add_29)
                                      2.15e-04 1875.3204-1875.3205
                                                                  0.000    0.000
    add_239_2 (mfu_DW01_add_8)        1.69e-04 1875.2678-1875.2679
                                                                  0.000    0.000
    add_0_root_add_0_root_add_286_15 (mfu_DW01_add_10)
                                      1.51e-04 4275.3487-4275.3488
                                                                  0.000    0.000
    bb_hl_1 (bitbrick_15)             2.95e-04 3975.1186-3975.1187
                                                                  0.000    0.000
      FA_p2 (full_adder_60)           1.00e-04 1725.0882-1725.0883
                                                                  0.000    0.000
      FA_p4 (full_adder_57)           1.13e-04 2625.1784-2625.1785
                                                                  0.000    0.000
      HA_p1 (half_adder_30)           9.38e-05 2775.0864-2775.0865
                                                                  0.000    0.000
      HA_p2 (half_adder_29)           1.22e-04 6675.1632-6675.1633
                                                                  0.000    0.000
      FA_p3a (full_adder_58)          1.49e-04 1725.1743-1725.1744
                                                                  0.000    0.000
      FA_p3b (full_adder_59)          1.00e-04 2025.1227-2025.1228
                                                                  0.000    0.000
    bb_hl_2 (bitbrick_11)             3.17e-04 2025.0882-2025.0883
                                                                  0.000    0.000
      FA_p2 (full_adder_44)           1.00e-04 2025.0882-2025.0883
                                                                  0.000    0.000
      FA_p4 (full_adder_41)           1.13e-04 6675.1710-6675.1711
                                                                  0.000    0.000
      HA_p1 (half_adder_22)           6.77e-05 4725.0840-4725.0841
                                                                  0.000    0.000
      HA_p2 (half_adder_21)           1.22e-04 4275.1632-4275.1633
                                                                  0.000    0.000
      FA_p3a (full_adder_42)          1.49e-04 2025.1743-2025.1744
                                                                  0.000    0.000
      FA_p3b (full_adder_43)          1.00e-04 2025.1227-2025.1228
                                                                  0.000    0.000
    bb_hl_3 (bitbrick_7)              3.08e-04 2175.0974-2175.0975
                                                                  0.000    0.000
      FA_p2 (full_adder_28)           1.25e-04 2625.1161-2625.1162
                                                                  0.000    0.000
      FA_p4 (full_adder_25)           1.13e-04 2625.1922-2625.1923
                                                                  0.000    0.000
      HA_p1 (half_adder_14)           1.02e-04 1575.0835-1575.0836
                                                                  0.000    0.000
      HA_p2 (half_adder_13)           1.22e-04 5775.1246-5775.1247
                                                                  0.000    0.000
      FA_p3a (full_adder_26)          1.49e-04 5925.1739-5925.1740
                                                                  0.000    0.000
      FA_p3b (full_adder_27)          1.10e-04 3825.1204-3825.1205
                                                                  0.000    0.000
    bb_hl_4 (bitbrick_3)              3.08e-04 2475.0974-2475.0975
                                                                  0.000    0.000
      FA_p2 (full_adder_12)           1.12e-04 2025.1152-2025.1153
                                                                  0.000    0.000
      FA_p4 (full_adder_9)            1.13e-04 5775.1780-5775.1781
                                                                  0.000    0.000
      HA_p1 (half_adder_6)            1.14e-04 2025.0864-2025.0865
                                                                  0.000    0.000
      HA_p2 (half_adder_5)            1.22e-04 2325.1689-2325.1690
                                                                  0.000    0.000
      FA_p3a (full_adder_10)          1.49e-04 5775.1739-5775.1740
                                                                  0.000    0.000
      FA_p3b (full_adder_11)          1.10e-04 3675.1204-3675.1205
                                                                  0.000    0.000
    bb_ll_1 (bitbrick_13)             3.25e-04 2775.0882-2775.0883
                                                                  0.000    0.000
      FA_p2 (full_adder_52)           1.12e-04 1575.1044-1575.1045
                                                                  0.000    0.000
      FA_p4 (full_adder_49)           1.07e-04 1425.1719-1425.1720
                                                                  0.000    0.000
      HA_p1 (half_adder_26)           7.53e-05 2325.0840-2325.0841
                                                                  0.000    0.000
      HA_p2 (half_adder_25)           1.20e-04 1875.1689-1875.1690
                                                                  0.000    0.000
      FA_p3a (full_adder_50)          1.49e-04 6975.1743-6975.1744
                                                                  0.000    0.000
      FA_p3b (full_adder_51)          9.95e-05 2775.1227-2775.1228
                                                                  0.000    0.000
    bb_ll_2 (bitbrick_9)              2.54e-04 2325.0882-2325.0883
                                                                  0.000    0.000
      FA_p2 (full_adder_36)           1.00e-04 3675.0882-3675.0883
                                                                  0.000    0.000
      FA_p4 (full_adder_33)           1.06e-04 1725.2384-1725.2385
                                                                  0.000    0.000
      HA_p1 (half_adder_18)           1.01e-04 1575.0864-1575.0865
                                                                  0.000    0.000
      HA_p2 (half_adder_17)           1.20e-04 1725.1689-1725.1690
                                                                  0.000    0.000
      FA_p3a (full_adder_34)          1.49e-04 3675.1743-3675.1744
                                                                  0.000    0.000
      FA_p3b (full_adder_35)          9.20e-05 4425.1141-4425.1142
                                                                  0.000    0.000
    bb_ll_3 (bitbrick_5)              2.96e-04 2625.1704-2625.1705
                                                                  0.000    0.000
      FA_p2 (full_adder_20)           1.12e-04 2775.1152-2775.1153
                                                                  0.000    0.000
      FA_p4 (full_adder_17)           1.07e-04 2475.1922-2475.1923
                                                                  0.000    0.000
      HA_p1 (half_adder_10)           1.20e-04 2775.0864-2775.0865
                                                                  0.000    0.000
      HA_p2 (half_adder_9)            1.20e-04 4125.1632-4125.1633
                                                                  0.000    0.000
      FA_p3a (full_adder_18)          1.49e-04 4275.1739-4275.1740
                                                                  0.000    0.000
      FA_p3b (full_adder_19)          9.24e-05 2475.1279-2475.1280
                                                                  0.000    0.000
    bb_ll_4 (bitbrick_1)              3.08e-04 2475.0974-2475.0975
                                                                  0.000    0.000
      FA_p2 (full_adder_4)            1.00e-04 2475.0877-2475.0878
                                                                  0.000    0.000
      FA_p4 (full_adder_1)            1.06e-04 2475.1780-2475.1781
                                                                  0.000    0.000
      HA_p1 (half_adder_2)            6.98e-05 6375.0835-6375.0836
                                                                  0.000    0.000
      HA_p2 (half_adder_1)            1.20e-04 1875.1674-1875.1675
                                                                  0.000    0.000
      FA_p3a (full_adder_2)           1.49e-04 4575.1739-4575.1740
                                                                  0.000    0.000
      FA_p3b (full_adder_3)           9.95e-05 2475.1222-2475.1223
                                                                  0.000    0.000
    add_1_root_add_0_root_add_275_3 (mfu_DW01_add_26)
                                      2.58e-04 4875.3024-4875.3025
                                                                  0.000    0.000
    add_1_root_add_0_root_add_286_15 (mfu_DW01_add_11)
                                      1.86e-04 2775.4045-2775.4046
                                                                  0.000    0.000
    add_5_root_add_0_root_add_286_15 (mfu_DW01_add_13)
                                      1.67e-04 6825.2830-6825.2831
                                                                  0.000    0.000
    add_204 (mfu_DW01_add_3)          1.20e-04 2025.1134-2025.1135
                                                                  0.000    0.000
    add_204_2 (mfu_DW01_add_28)       2.09e-04 2775.1919-2775.1920
                                                                  0.000    0.000
    add_2_root_add_0_root_add_286_15 (mfu_DW01_add_12)
                                      1.78e-04 4575.3621-4575.3622
                                                                  0.000    0.000
    add_6_root_add_0_root_add_286_15 (mfu_DW01_add_19)
                                      1.63e-04 3975.3367-3975.3368
                                                                  0.000    0.000
    add_3_root_add_0_root_add_286_15 (mfu_DW01_add_22)
                                      1.62e-04 2475.3559-2475.3560
                                                                  0.000    0.000
    add_215 (mfu_DW01_add_5)          1.05e-04 4725.2813-4725.2814
                                                                  0.000    0.000
    add_227_2 (mfu_DW01_add_6)        2.09e-04 2325.1330-2325.1331
                                                                  0.000    0.000
  add_73 (mac_engine_DW01_inc_0)      1.39e-08  0.0000-0.0001     0.000    0.000
  add_79_aco (mac_engine_DW01_inc_1_DW01_inc_2)
                                      2.07e-04 5025.1744-5025.1745
                                                                  0.000    0.000
1
