****************************************
Report : Time Based Power
	-hierarchy
Design : mac_engine
Version: U-2022.12
Date   : Sat Apr 13 02:52:07 2024
****************************************



                                      Int      Switch   Leak     Total
Hierarchy                             Power    Power    Power    Power    %
----------------------------------------------------------------------------------
mac_engine                            4.14e-06 9.99e-07 1.95e-06 7.09e-06 100.0
  add_74 (mac_engine_DW01_inc_0)         0.000    0.000 1.39e-08 1.39e-08   0.2
  PFU1 (proposed)                     3.41e-06 9.22e-07 1.73e-06 6.07e-06  85.6
    sign_ctrl (signbit_ctrl)          8.06e-10 1.93e-09 6.11e-09 8.84e-09   0.1
    add_244_2 (proposed_DW01_add_29)  7.75e-08 2.43e-08 2.24e-08 1.24e-07   1.8
    add_197_2 (proposed_DW01_add_21)  2.50e-08 1.65e-08 1.32e-08 5.48e-08   0.8
    add_223_2 (proposed_DW01_add_25)  2.49e-08 1.76e-08 1.29e-08 5.54e-08   0.8
    add_321 (proposed_DW01_add_20)    1.02e-07 3.48e-08 3.50e-08 1.71e-07   2.4
    add_327 (proposed_DW01_add_19)    5.75e-08 1.89e-08 2.22e-08 9.86e-08   1.4
    add_328 (proposed_DW01_add_18)    6.01e-08 1.96e-08 2.28e-08 1.03e-07   1.4
    add_329 (proposed_DW01_add_17)    3.50e-08 1.03e-08 2.16e-08 6.69e-08   0.9
    add_210_2 (proposed_DW01_add_23)  2.34e-08 1.56e-08 1.29e-08 5.20e-08   0.7
    add_330 (proposed_DW01_add_16)    3.44e-08 1.09e-08 2.15e-08 6.68e-08   0.9
    bb_lh_1 (s_bitbrick_14)           3.05e-08 1.97e-08 3.48e-08 8.50e-08   1.2
      FA_p2 (full_adder_42)           5.04e-09 1.99e-09 5.36e-09 1.24e-08   0.2
      HA_p1 (half_adder_28)           1.84e-09 1.23e-09 2.96e-09 6.02e-09   0.1
      HA_p2 (half_adder_27)           4.54e-09 2.30e-09 4.04e-09 1.09e-08   0.2
      FA_p3a (full_adder_40)          7.83e-09 2.43e-09 6.61e-09 1.69e-08   0.2
      FA_p3b (full_adder_41)          3.37e-09 7.03e-10 7.07e-09 1.11e-08   0.2
    bb_lh_2 (s_bitbrick_10)           2.71e-08 1.86e-08 3.43e-08 7.99e-08   1.1
      FA_p2 (full_adder_30)           4.80e-09 1.85e-09 5.13e-09 1.18e-08   0.2
      HA_p1 (half_adder_20)           3.26e-09 2.15e-09 2.84e-09 8.25e-09   0.1
      HA_p2 (half_adder_19)           4.37e-09 2.22e-09 4.12e-09 1.07e-08   0.2
      FA_p3a (full_adder_28)          6.66e-09 2.05e-09 6.63e-09 1.53e-08   0.2
      FA_p3b (full_adder_29)          1.75e-09 5.00e-10 7.20e-09 9.44e-09   0.1
    bb_lh_3 (s_bitbrick_6)            2.84e-08 1.83e-08 3.45e-08 8.13e-08   1.1
      FA_p2 (full_adder_18)           2.06e-09 7.27e-10 4.86e-09 7.65e-09   0.1
      HA_p1 (half_adder_12)           1.37e-09 9.16e-10 2.85e-09 5.13e-09   0.1
      HA_p2 (half_adder_11)           1.87e-09 9.58e-10 4.48e-09 7.31e-09   0.1
      FA_p3a (full_adder_16)          8.29e-09 2.41e-09 6.74e-09 1.74e-08   0.2
      FA_p3b (full_adder_17)          6.00e-09 1.58e-09 6.89e-09 1.45e-08   0.2
    bb_lh_4 (s_bitbrick_2)            3.31e-08 2.17e-08 3.44e-08 8.92e-08   1.3
      FA_p2 (full_adder_6)            5.57e-09 2.09e-09 5.03e-09 1.27e-08   0.2
      HA_p1 (half_adder_4)            2.64e-09 1.69e-09 2.96e-09 7.29e-09   0.1
      HA_p2 (half_adder_3)            4.50e-09 2.29e-09 4.30e-09 1.11e-08   0.2
      FA_p3a (full_adder_4)           8.35e-09 2.49e-09 6.70e-09 1.75e-08   0.2
      FA_p3b (full_adder_5)           4.74e-09 1.38e-09 7.09e-09 1.32e-08   0.2
    add_235_2 (proposed_DW01_add_27)  2.08e-08 1.21e-08 1.28e-08 4.58e-08   0.6
    bb_ll_1 (s_bitbrick_13)           3.05e-08 1.93e-08 3.43e-08 8.41e-08   1.2
      FA_p2 (full_adder_39)           7.42e-09 2.86e-09 5.22e-09 1.55e-08   0.2
      HA_p1 (half_adder_26)           2.15e-09 1.67e-09 2.73e-09 6.55e-09   0.1
      HA_p2 (half_adder_25)           4.81e-09 1.94e-09 4.06e-09 1.08e-08   0.2
      FA_p3a (full_adder_37)          7.83e-09 2.44e-09 6.84e-09 1.71e-08   0.2
      FA_p3b (full_adder_38)          3.25e-09 1.11e-09 7.23e-09 1.16e-08   0.2
    bb_ll_2 (s_bitbrick_9)            1.83e-08 1.36e-08 3.37e-08 6.56e-08   0.9
      FA_p2 (full_adder_27)           2.64e-09 1.01e-09 4.79e-09 8.45e-09   0.1
      HA_p1 (half_adder_18)           3.03e-09 2.20e-09 2.66e-09 7.89e-09   0.1
      HA_p2 (half_adder_17)           2.84e-09 1.18e-09 4.37e-09 8.39e-09   0.1
      FA_p3a (full_adder_25)          4.62e-09 1.40e-09 6.61e-09 1.26e-08   0.2
      FA_p3b (full_adder_26)          8.15e-10 3.24e-10 7.20e-09 8.34e-09   0.1
    bb_ll_3 (s_bitbrick_5)            2.80e-08 1.89e-08 3.42e-08 8.11e-08   1.1
      FA_p2 (full_adder_15)           5.55e-09 2.17e-09 5.10e-09 1.28e-08   0.2
      HA_p1 (half_adder_10)           2.65e-09 2.01e-09 2.90e-09 7.56e-09   0.1
      HA_p2 (half_adder_9)            5.56e-09 2.26e-09 4.27e-09 1.21e-08   0.2
      FA_p3a (full_adder_13)          6.69e-09 2.06e-09 6.75e-09 1.55e-08   0.2
      FA_p3b (full_adder_14)          2.29e-09 7.83e-10 7.20e-09 1.03e-08   0.1
    bb_ll_4 (s_bitbrick_1)            1.81e-08 1.32e-08 3.39e-08 6.51e-08   0.9
      FA_p2 (full_adder_3)            2.49e-09 9.43e-10 4.84e-09 8.27e-09   0.1
      HA_p1 (half_adder_2)            2.77e-09 1.20e-09 2.78e-09 6.76e-09   0.1
      HA_p2 (half_adder_1)            2.98e-09 1.25e-09 4.50e-09 8.73e-09   0.1
      FA_p3a (full_adder_1)           4.53e-09 1.40e-09 6.66e-09 1.26e-08   0.2
      FA_p3b (full_adder_2)           8.15e-10 3.24e-10 7.20e-09 8.34e-09   0.1
    bb_hh_1 (s_bitbrick_0)            2.69e-08 1.69e-08 3.42e-08 7.80e-08   1.1
      FA_p2 (full_adder_0)            4.45e-09 1.57e-09 4.76e-09 1.08e-08   0.2
      HA_p1 (half_adder_0)            2.10e-09 1.39e-09 2.97e-09 6.45e-09   0.1
      HA_p2 (half_adder_31)           4.05e-09 2.01e-09 3.98e-09 1.00e-08   0.1
      FA_p3a (full_adder_46)          6.17e-09 1.26e-09 6.37e-09 1.38e-08   0.2
      FA_p3b (full_adder_47)          2.04e-09 5.27e-10 7.03e-09 9.60e-09   0.1
    bb_hh_2 (s_bitbrick_12)           2.39e-08 1.73e-08 3.45e-08 7.57e-08   1.1
      FA_p2 (full_adder_36)           3.91e-09 1.46e-09 4.94e-09 1.03e-08   0.1
      HA_p1 (half_adder_24)           2.67e-09 1.70e-09 2.96e-09 7.33e-09   0.1
      HA_p2 (half_adder_23)           3.58e-09 1.93e-09 4.25e-09 9.76e-09   0.1
      FA_p3a (full_adder_34)          4.11e-09 8.39e-10 6.56e-09 1.15e-08   0.2
      FA_p3b (full_adder_35)          2.57e-09 4.87e-10 7.01e-09 1.01e-08   0.1
    bb_hh_3 (s_bitbrick_8)            3.03e-08 1.83e-08 3.42e-08 8.27e-08   1.2
      FA_p2 (full_adder_24)           5.52e-09 2.20e-09 5.17e-09 1.29e-08   0.2
      HA_p1 (half_adder_16)           2.28e-09 1.39e-09 2.85e-09 6.51e-09   0.1
      HA_p2 (half_adder_15)           4.55e-09 2.32e-09 3.92e-09 1.08e-08   0.2
      FA_p3a (full_adder_22)          6.35e-09 1.26e-09 6.61e-09 1.42e-08   0.2
      FA_p3b (full_adder_23)          2.95e-09 8.11e-10 6.95e-09 1.07e-08   0.2
    bb_hh_4 (s_bitbrick_4)            2.35e-08 1.59e-08 3.44e-08 7.39e-08   1.0
      FA_p2 (full_adder_12)           4.18e-09 1.67e-09 5.26e-09 1.11e-08   0.2
      HA_p1 (half_adder_8)            1.12e-09 7.74e-10 2.79e-09 4.68e-09   0.1
      HA_p2 (half_adder_7)            3.70e-09 1.96e-09 4.11e-09 9.77e-09   0.1
      FA_p3a (full_adder_10)          6.39e-09 1.26e-09 6.86e-09 1.45e-08   0.2
      FA_p3b (full_adder_11)          2.30e-09 7.83e-10 7.06e-09 1.01e-08   0.1
    bb_hl_1 (s_bitbrick_15)           2.38e-08 1.80e-08 3.42e-08 7.60e-08   1.1
      FA_p2 (full_adder_45)           3.37e-09 1.29e-09 5.00e-09 9.66e-09   0.1
      HA_p1 (half_adder_30)           1.97e-09 1.39e-09 2.85e-09 6.21e-09   0.1
      HA_p2 (half_adder_29)           3.30e-09 1.70e-09 4.29e-09 9.29e-09   0.1
      FA_p3a (full_adder_43)          5.69e-09 1.77e-09 6.49e-09 1.40e-08   0.2
      FA_p3b (full_adder_44)          2.68e-09 4.46e-10 6.97e-09 1.01e-08   0.1
    bb_hl_2 (s_bitbrick_11)           1.33e-08 1.21e-08 3.39e-08 5.93e-08   0.8
      FA_p2 (full_adder_33)           5.07e-10 1.75e-10 4.65e-09 5.33e-09   0.1
      HA_p1 (half_adder_22)           1.49e-09 9.25e-10 2.67e-09 5.09e-09   0.1
      HA_p2 (half_adder_21)           2.34e-09 1.31e-09 4.46e-09 8.11e-09   0.1
      FA_p3a (full_adder_31)          2.80e-09 8.87e-10 6.53e-09 1.02e-08   0.1
      FA_p3b (full_adder_32)             0.000    0.000 7.16e-09 7.16e-09   0.1
    bb_hl_3 (s_bitbrick_7)            2.59e-08 1.73e-08 3.39e-08 7.71e-08   1.1
      FA_p2 (full_adder_21)           5.28e-09 2.02e-09 5.08e-09 1.24e-08   0.2
      HA_p1 (half_adder_14)           1.49e-09 9.25e-10 2.73e-09 5.14e-09   0.1
      HA_p2 (half_adder_13)           4.12e-09 2.18e-09 4.12e-09 1.04e-08   0.1
      FA_p3a (full_adder_19)          5.99e-09 1.84e-09 6.63e-09 1.45e-08   0.2
      FA_p3b (full_adder_20)          3.62e-09 9.19e-10 7.13e-09 1.17e-08   0.2
    bb_hl_4 (s_bitbrick_3)            1.89e-08 1.35e-08 3.36e-08 6.60e-08   0.9
      FA_p2 (full_adder_9)            2.64e-09 1.01e-09 4.79e-09 8.45e-09   0.1
      HA_p1 (half_adder_6)            2.25e-09 1.39e-09 2.67e-09 6.30e-09   0.1
      HA_p2 (half_adder_5)            3.13e-09 1.65e-09 4.31e-09 9.09e-09   0.1
      FA_p3a (full_adder_7)           4.87e-09 1.55e-09 6.53e-09 1.30e-08   0.2
      FA_p3b (full_adder_8)           1.41e-09 3.92e-10 7.17e-09 8.97e-09   0.1
  add_80_aco (mac_engine_DW01_inc_1_DW01_inc_2)
                                      5.82e-09 1.85e-09 1.23e-08 1.99e-08   0.3


                                      Peak     Peak            Glitch   X-tran
Hierarchy                             Power    Time            Power    Power
--------------------------------------------------------------------------------
mac_engine                            4.77e-02 2250.0000-2250.0001
                                                               1.23e-09    0.000
  add_74 (mac_engine_DW01_inc_0)      1.39e-08  0.0000-0.0001     0.000    0.000
  PFU1 (proposed)                     3.98e-02 2250.0000-2250.0001
                                                               1.23e-09    0.000
    sign_ctrl (signbit_ctrl)          1.83e-04 3300.0222-3300.0223
                                                                  0.000    0.000
    add_244_2 (proposed_DW01_add_29)  2.66e-04 4575.3175-4575.3176
                                                                  0.000    0.000
    add_197_2 (proposed_DW01_add_21)  2.15e-04 2175.1300-2175.1301
                                                                  0.000    0.000
    add_223_2 (proposed_DW01_add_25)  1.91e-04 6375.1300-6375.1301
                                                                  0.000    0.000
    add_321 (proposed_DW01_add_20)    3.34e-04 2325.1109-2325.1110
                                                                  0.000    0.000
    add_327 (proposed_DW01_add_19)    2.78e-04 1875.0866-1875.0867
                                                                  0.000    0.000
    add_328 (proposed_DW01_add_18)    2.92e-04 3975.0866-3975.0867
                                                                  0.000    0.000
    add_329 (proposed_DW01_add_17)    3.11e-04 5475.0808-5475.0809
                                                                  0.000    0.000
    add_210_2 (proposed_DW01_add_23)  1.80e-04 2025.1243-2025.1244
                                                                  0.000    0.000
    add_330 (proposed_DW01_add_16)    2.05e-04 3825.3458-3825.3459
                                                                  0.000    0.000
    bb_lh_1 (s_bitbrick_14)           3.26e-04 3075.0867-3075.0868
                                                               1.05e-10    0.000
      FA_p2 (full_adder_42)           1.13e-04 3075.1077-3075.1078
                                                                  0.000    0.000
      HA_p1 (half_adder_28)           9.26e-05 2025.1007-2025.1008
                                                                  0.000    0.000
      HA_p2 (half_adder_27)           1.18e-04 3975.1417-3975.1418
                                                                  0.000    0.000
      FA_p3a (full_adder_40)          1.03e-04 4725.1693-4725.1694
                                                                  0.000    0.000
      FA_p3b (full_adder_41)          1.03e-04 4575.1026-4575.1027
                                                                  0.000    0.000
    bb_lh_2 (s_bitbrick_10)           2.90e-04 2625.0961-2625.0962
                                                               1.13e-10    0.000
      FA_p2 (full_adder_30)           1.84e-04 6825.1077-6825.1078
                                                                  0.000    0.000
      HA_p1 (half_adder_20)           9.26e-05 1575.0998-1575.0999
                                                                  0.000    0.000
      HA_p2 (half_adder_19)           1.18e-04 1425.1671-1425.1672
                                                                  0.000    0.000
      FA_p3a (full_adder_28)          9.61e-05 2475.1430-2475.1431
                                                                  0.000    0.000
      FA_p3b (full_adder_29)          1.03e-04 4575.1026-4575.1027
                                                                  0.000    0.000
    bb_lh_3 (s_bitbrick_6)            3.23e-04 2025.1002-2025.1003
                                                               7.33e-11    0.000
      FA_p2 (full_adder_18)           6.92e-05 5925.1371-5925.1372
                                                                  0.000    0.000
      HA_p1 (half_adder_12)           9.26e-05 6825.1007-6825.1008
                                                                  0.000    0.000
      HA_p2 (half_adder_11)           1.18e-04 1725.1671-1725.1672
                                                                  0.000    0.000
      FA_p3a (full_adder_16)          1.03e-04 2325.1995-2325.1996
                                                                  0.000    0.000
      FA_p3b (full_adder_17)          1.17e-04 1875.1384-1875.1385
                                                                  0.000    0.000
    bb_lh_4 (s_bitbrick_2)            3.51e-04 2475.0914-2475.0915
                                                               2.24e-10    0.000
      FA_p2 (full_adder_6)            1.84e-04 6825.1077-6825.1078
                                                                  0.000    0.000
      HA_p1 (half_adder_4)            9.26e-05 3675.0998-3675.0999
                                                                  0.000    0.000
      HA_p2 (half_adder_3)            1.18e-04 3525.1671-3525.1672
                                                                  0.000    0.000
      FA_p3a (full_adder_4)           1.03e-04 2325.1995-2325.1996
                                                                  0.000    0.000
      FA_p3b (full_adder_5)           1.17e-04 1875.1384-1875.1385
                                                                  0.000    0.000
    add_235_2 (proposed_DW01_add_27)  1.92e-04 6225.2045-6225.2046
                                                                  0.000    0.000
    bb_ll_1 (s_bitbrick_13)           3.46e-04 2475.1002-2475.1003
                                                                  0.000    0.000
      FA_p2 (full_adder_39)           1.03e-04 1725.1027-1725.1028
                                                                  0.000    0.000
      HA_p1 (half_adder_26)           9.47e-05 5775.0998-5775.0999
                                                                  0.000    0.000
      HA_p2 (half_adder_25)           1.15e-04 3675.1877-3675.1878
                                                                  0.000    0.000
      FA_p3a (full_adder_37)          9.61e-05 2775.1683-2775.1684
                                                                  0.000    0.000
      FA_p3b (full_adder_38)          9.20e-05 3825.1279-3825.1280
                                                                  0.000    0.000
    bb_ll_2 (s_bitbrick_9)            2.69e-04 2625.1050-2625.1051
                                                                  0.000    0.000
      FA_p2 (full_adder_27)           1.03e-04 4875.1027-4875.1028
                                                                  0.000    0.000
      HA_p1 (half_adder_18)           9.46e-05 2025.1007-2025.1008
                                                                  0.000    0.000
      HA_p2 (half_adder_17)           1.15e-04 4725.1753-4725.1754
                                                                  0.000    0.000
      FA_p3a (full_adder_25)          9.61e-05 4875.1683-4875.1684
                                                                  0.000    0.000
      FA_p3b (full_adder_26)          9.20e-05 4875.1279-4875.1280
                                                                  0.000    0.000
    bb_ll_3 (s_bitbrick_5)            3.09e-04 1575.0998-1575.0999
                                                               5.72e-11    0.000
      FA_p2 (full_adder_15)           1.99e-04 4425.1123-4425.1124
                                                                  0.000    0.000
      HA_p1 (half_adder_10)           9.49e-05 2775.0998-2775.0999
                                                                  0.000    0.000
      HA_p2 (half_adder_9)            1.15e-04 2625.1672-2625.1673
                                                                  0.000    0.000
      FA_p3a (full_adder_13)          9.61e-05 1725.1683-1725.1684
                                                                  0.000    0.000
      FA_p3b (full_adder_14)          9.20e-05 4425.1374-4425.1375
                                                                  0.000    0.000
    bb_ll_4 (s_bitbrick_1)            3.34e-04 2025.0976-2025.0977
                                                                  0.000    0.000
      FA_p2 (full_adder_3)            1.84e-04 4125.1077-4125.1078
                                                                  0.000    0.000
      HA_p1 (half_adder_2)            8.86e-05 2775.0998-2775.0999
                                                                  0.000    0.000
      HA_p2 (half_adder_1)            1.15e-04 2625.1672-2625.1673
                                                                  0.000    0.000
      FA_p3a (full_adder_1)           9.61e-05 1575.1775-1575.1776
                                                                  0.000    0.000
      FA_p3b (full_adder_2)           9.20e-05 4125.1299-4125.1300
                                                                  0.000    0.000
    bb_hh_1 (s_bitbrick_0)            2.74e-04 6825.0711-6825.0712
                                                               1.69e-10    0.000
      FA_p2 (full_adder_0)            6.92e-05 6975.1371-6975.1372
                                                                  0.000    0.000
      HA_p1 (half_adder_0)            9.27e-05 6825.0998-6825.0999
                                                                  0.000    0.000
      HA_p2 (half_adder_31)           1.18e-04 4425.1417-4425.1418
                                                                  0.000    0.000
      FA_p3a (full_adder_46)          9.09e-05 1725.2128-1725.2129
                                                                  0.000    0.000
      FA_p3b (full_adder_47)          1.20e-04 2475.1384-2475.1385
                                                                  0.000    0.000
    bb_hh_2 (s_bitbrick_12)           3.31e-04 2625.0867-2625.0868
                                                               1.13e-10    0.000
      FA_p2 (full_adder_36)           1.84e-04 6825.1077-6825.1078
                                                                  0.000    0.000
      HA_p1 (half_adder_24)           9.27e-05 3675.1007-3675.1008
                                                                  0.000    0.000
      HA_p2 (half_adder_23)           1.18e-04 1725.1671-1725.1672
                                                                  0.000    0.000
      FA_p3a (full_adder_34)          9.09e-05 1725.2128-1725.2129
                                                                  0.000    0.000
      FA_p3b (full_adder_35)          1.20e-04 2475.1384-2475.1385
                                                                  0.000    0.000
    bb_hh_3 (s_bitbrick_8)            2.93e-04 2025.0767-2025.0768
                                                                  0.000    0.000
      FA_p2 (full_adder_24)           9.81e-05 2025.1027-2025.1028
                                                                  0.000    0.000
      HA_p1 (half_adder_16)           9.27e-05 1875.0998-1875.0999
                                                                  0.000    0.000
      HA_p2 (half_adder_15)           1.18e-04 1875.1492-1875.1493
                                                                  0.000    0.000
      FA_p3a (full_adder_22)          9.09e-05 2025.1683-2025.1684
                                                                  0.000    0.000
      FA_p3b (full_adder_23)          9.17e-05 4125.1279-4125.1280
                                                                  0.000    0.000
    bb_hh_4 (s_bitbrick_4)            2.52e-04 1725.1002-1725.1003
                                                               1.13e-10    0.000
      FA_p2 (full_adder_12)           1.03e-04 6225.1027-6225.1028
                                                                  0.000    0.000
      HA_p1 (half_adder_8)            9.27e-05 2625.1007-2625.1008
                                                                  0.000    0.000
      HA_p2 (half_adder_7)            1.18e-04 2175.1877-2175.1878
                                                                  0.000    0.000
      FA_p3a (full_adder_10)          9.09e-05 1725.1496-1725.1497
                                                                  0.000    0.000
      FA_p3b (full_adder_11)          9.20e-05 6225.1279-6225.1280
                                                                  0.000    0.000
    bb_hl_1 (s_bitbrick_15)           3.17e-04 6375.1123-6375.1124
                                                               5.72e-11    0.000
      FA_p2 (full_adder_45)           1.03e-04 3825.1027-3825.1028
                                                                  0.000    0.000
      HA_p1 (half_adder_30)           5.97e-05 6825.1100-6825.1101
                                                                  0.000    0.000
      HA_p2 (half_adder_29)           1.18e-04 2325.1417-2325.1418
                                                                  0.000    0.000
      FA_p3a (full_adder_43)          1.52e-04 2175.1978-2175.1979
                                                                  0.000    0.000
      FA_p3b (full_adder_44)          9.44e-05 2175.1291-2175.1292
                                                                  0.000    0.000
    bb_hl_2 (s_bitbrick_11)           2.49e-04 2625.0711-2625.0712
                                                               2.07e-10    0.000
      FA_p2 (full_adder_33)           6.92e-05 1875.1372-1875.1373
                                                                  0.000    0.000
      HA_p1 (half_adder_22)           9.27e-05 2025.1007-2025.1008
                                                                  0.000    0.000
      HA_p2 (half_adder_21)           1.18e-04 1875.1672-1875.1673
                                                                  0.000    0.000
      FA_p3a (full_adder_31)          9.61e-05 1425.1766-1425.1767
                                                                  0.000    0.000
      FA_p3b (full_adder_32)          7.19e-09 75.1196-75.1197    0.000    0.000
    bb_hl_3 (s_bitbrick_7)            3.07e-04 1725.1002-1725.1003
                                                                  0.000    0.000
      FA_p2 (full_adder_21)           1.03e-04 3825.1027-3825.1028
                                                                  0.000    0.000
      HA_p1 (half_adder_14)           9.27e-05 2775.1007-2775.1008
                                                                  0.000    0.000
      HA_p2 (half_adder_13)           1.18e-04 5775.1877-5775.1878
                                                                  0.000    0.000
      FA_p3a (full_adder_19)          1.00e-04 2025.1844-2025.1845
                                                                  0.000    0.000
      FA_p3b (full_adder_20)          1.10e-04 3825.1347-3825.1348
                                                                  0.000    0.000
    bb_hl_4 (s_bitbrick_3)            3.07e-04 4125.1122-4125.1123
                                                                  0.000    0.000
      FA_p2 (full_adder_9)            1.03e-04 4125.1027-4125.1028
                                                                  0.000    0.000
      HA_p1 (half_adder_6)            9.27e-05 2775.1007-2775.1008
                                                                  0.000    0.000
      HA_p2 (half_adder_5)            1.18e-04 2625.1672-2625.1673
                                                                  0.000    0.000
      FA_p3a (full_adder_7)           9.61e-05 2025.1683-2025.1684
                                                                  0.000    0.000
      FA_p3b (full_adder_8)           1.10e-04 4125.1347-4125.1348
                                                                  0.000    0.000
  add_80_aco (mac_engine_DW01_inc_1_DW01_inc_2)
                                      2.07e-04 7125.1744-7125.1745
                                                                  0.000    0.000
1
