 
****************************************
check_design summary:
Version:     U-2022.12
Date:        Sun Jun 16 01:02:44 2024
****************************************

                   Name                                            Total
--------------------------------------------------------------------------------
Inputs/Outputs                                                     14
    Feedthrough (LINT-29)                                           8
    Shorted outputs (LINT-31)                                       6

Cells                                                               8
    Cells do not drive (LINT-1)                                     7
    Connected to power or ground (LINT-32)                          1

Nets                                                               32
    Unloaded nets (LINT-2)                                         32
--------------------------------------------------------------------------------

Warning: In design 'mac_engine', cell 'C258' does not drive any nets. (LINT-1)
Warning: In design 'rfu', cell 'C228' does not drive any nets. (LINT-1)
Warning: In design 'rfu', cell 'C237' does not drive any nets. (LINT-1)
Warning: In design 'rfu', cell 'C238' does not drive any nets. (LINT-1)
Warning: In design 'rfu', cell 'C263' does not drive any nets. (LINT-1)
Warning: In design 'rfu', cell 'C264' does not drive any nets. (LINT-1)
Warning: In design 'rfu', cell 'C265' does not drive any nets. (LINT-1)
Warning: In design 'mac_engine', net 'RFU1/bb_hl_1/HA_p3_co' driven by pin 'RFU1/bb_hl_1/FA_p3a/co' has no loads. (LINT-2)
Warning: In design 'mac_engine', net 'RFU1/bb_hl_1/FA_p3_co' driven by pin 'RFU1/bb_hl_1/FA_p3b/co' has no loads. (LINT-2)
Warning: In design 'mac_engine', net 'RFU1/bb_lh_1/HA_p3_co' driven by pin 'RFU1/bb_lh_1/FA_p3a/co' has no loads. (LINT-2)
Warning: In design 'mac_engine', net 'RFU1/bb_lh_1/FA_p3_co' driven by pin 'RFU1/bb_lh_1/FA_p3b/co' has no loads. (LINT-2)
Warning: In design 'mac_engine', net 'RFU1/bb_ll_1/HA_p3_co' driven by pin 'RFU1/bb_ll_1/FA_p3a/co' has no loads. (LINT-2)
Warning: In design 'mac_engine', net 'RFU1/bb_ll_1/FA_p3_co' driven by pin 'RFU1/bb_ll_1/FA_p3b/co' has no loads. (LINT-2)
Warning: In design 'mac_engine', net 'RFU1/bb_hh_2/HA_p3_co' driven by pin 'RFU1/bb_hh_2/FA_p3a/co' has no loads. (LINT-2)
Warning: In design 'mac_engine', net 'RFU1/bb_hh_2/FA_p3_co' driven by pin 'RFU1/bb_hh_2/FA_p3b/co' has no loads. (LINT-2)
Warning: In design 'mac_engine', net 'RFU1/bb_hl_2/HA_p3_co' driven by pin 'RFU1/bb_hl_2/FA_p3a/co' has no loads. (LINT-2)
Warning: In design 'mac_engine', net 'RFU1/bb_hl_2/FA_p3_co' driven by pin 'RFU1/bb_hl_2/FA_p3b/co' has no loads. (LINT-2)
Warning: In design 'mac_engine', net 'RFU1/bb_lh_2/HA_p3_co' driven by pin 'RFU1/bb_lh_2/FA_p3a/co' has no loads. (LINT-2)
Warning: In design 'mac_engine', net 'RFU1/bb_lh_2/FA_p3_co' driven by pin 'RFU1/bb_lh_2/FA_p3b/co' has no loads. (LINT-2)
Warning: In design 'mac_engine', net 'RFU1/bb_ll_2/HA_p3_co' driven by pin 'RFU1/bb_ll_2/FA_p3a/co' has no loads. (LINT-2)
Warning: In design 'mac_engine', net 'RFU1/bb_ll_2/FA_p3_co' driven by pin 'RFU1/bb_ll_2/FA_p3b/co' has no loads. (LINT-2)
Warning: In design 'mac_engine', net 'RFU1/bb_hh_3/HA_p3_co' driven by pin 'RFU1/bb_hh_3/FA_p3a/co' has no loads. (LINT-2)
Warning: In design 'mac_engine', net 'RFU1/bb_hh_3/FA_p3_co' driven by pin 'RFU1/bb_hh_3/FA_p3b/co' has no loads. (LINT-2)
Warning: In design 'mac_engine', net 'RFU1/bb_hl_3/HA_p3_co' driven by pin 'RFU1/bb_hl_3/FA_p3a/co' has no loads. (LINT-2)
Warning: In design 'mac_engine', net 'RFU1/bb_hl_3/FA_p3_co' driven by pin 'RFU1/bb_hl_3/FA_p3b/co' has no loads. (LINT-2)
Warning: In design 'mac_engine', net 'RFU1/bb_lh_3/HA_p3_co' driven by pin 'RFU1/bb_lh_3/FA_p3a/co' has no loads. (LINT-2)
Warning: In design 'mac_engine', net 'RFU1/bb_lh_3/FA_p3_co' driven by pin 'RFU1/bb_lh_3/FA_p3b/co' has no loads. (LINT-2)
Warning: In design 'mac_engine', net 'RFU1/bb_ll_3/HA_p3_co' driven by pin 'RFU1/bb_ll_3/FA_p3a/co' has no loads. (LINT-2)
Warning: In design 'mac_engine', net 'RFU1/bb_ll_3/FA_p3_co' driven by pin 'RFU1/bb_ll_3/FA_p3b/co' has no loads. (LINT-2)
Warning: In design 'mac_engine', net 'RFU1/bb_hh_4/HA_p3_co' driven by pin 'RFU1/bb_hh_4/FA_p3a/co' has no loads. (LINT-2)
Warning: In design 'mac_engine', net 'RFU1/bb_hh_4/FA_p3_co' driven by pin 'RFU1/bb_hh_4/FA_p3b/co' has no loads. (LINT-2)
Warning: In design 'mac_engine', net 'RFU1/bb_hl_4/HA_p3_co' driven by pin 'RFU1/bb_hl_4/FA_p3a/co' has no loads. (LINT-2)
Warning: In design 'mac_engine', net 'RFU1/bb_hl_4/FA_p3_co' driven by pin 'RFU1/bb_hl_4/FA_p3b/co' has no loads. (LINT-2)
Warning: In design 'mac_engine', net 'RFU1/bb_lh_4/HA_p3_co' driven by pin 'RFU1/bb_lh_4/FA_p3a/co' has no loads. (LINT-2)
Warning: In design 'mac_engine', net 'RFU1/bb_lh_4/FA_p3_co' driven by pin 'RFU1/bb_lh_4/FA_p3b/co' has no loads. (LINT-2)
Warning: In design 'mac_engine', net 'RFU1/bb_ll_4/HA_p3_co' driven by pin 'RFU1/bb_ll_4/FA_p3a/co' has no loads. (LINT-2)
Warning: In design 'mac_engine', net 'RFU1/bb_ll_4/FA_p3_co' driven by pin 'RFU1/bb_ll_4/FA_p3b/co' has no loads. (LINT-2)
Warning: In design 'mac_engine', net 'RFU1/bb_hh_1/FA_p3_co' driven by pin 'RFU1/bb_hh_1/FA_p3b/co' has no loads. (LINT-2)
Warning: In design 'mac_engine', net 'RFU1/bb_hh_1/HA_p3_co' driven by pin 'RFU1/bb_hh_1/FA_p3a/co' has no loads. (LINT-2)
Warning: In design 'signbit_ctrl', input port 'sx' is connected directly to output port 'hh_sx[1]'. (LINT-29)
Warning: In design 'signbit_ctrl', input port 'sx' is connected directly to output port 'hh_sx[2]'. (LINT-29)
Warning: In design 'signbit_ctrl', input port 'sx' is connected directly to output port 'hl_sx[1]'. (LINT-29)
Warning: In design 'signbit_ctrl', input port 'sx' is connected directly to output port 'hl_sx[2]'. (LINT-29)
Warning: In design 'signbit_ctrl', input port 'sy' is connected directly to output port 'hh_sy[1]'. (LINT-29)
Warning: In design 'signbit_ctrl', input port 'sy' is connected directly to output port 'hh_sy[3]'. (LINT-29)
Warning: In design 'signbit_ctrl', input port 'sy' is connected directly to output port 'lh_sy[1]'. (LINT-29)
Warning: In design 'signbit_ctrl', input port 'sy' is connected directly to output port 'lh_sy[3]'. (LINT-29)
Warning: In design 'signbit_ctrl', output port 'hh_sx[2]' is connected directly to output port 'hh_sx[1]'. (LINT-31)
Warning: In design 'signbit_ctrl', output port 'hh_sx[2]' is connected directly to output port 'hl_sx[1]'. (LINT-31)
Warning: In design 'signbit_ctrl', output port 'hh_sx[2]' is connected directly to output port 'hl_sx[2]'. (LINT-31)
Warning: In design 'signbit_ctrl', output port 'hh_sy[3]' is connected directly to output port 'hh_sy[1]'. (LINT-31)
Warning: In design 'signbit_ctrl', output port 'hh_sy[3]' is connected directly to output port 'lh_sy[1]'. (LINT-31)
Warning: In design 'signbit_ctrl', output port 'hh_sy[3]' is connected directly to output port 'lh_sy[3]'. (LINT-31)
Warning: In design 's_bitbrick', a pin on submodule 'FA_p3a' is connected to logic 1 or logic 0. (LINT-32)
   Pin 'ci' is connected to logic 1. 
1
