****************************************
Report : Time Based Power
	-hierarchy
Design : mac_engine
Version: U-2022.12
Date   : Fri Apr  5 23:27:59 2024
****************************************



                                      Int      Switch   Leak     Total
Hierarchy                             Power    Power    Power    Power    %
----------------------------------------------------------------------------------
mac_engine                            2.27e-06 8.73e-07 1.37e-06 4.51e-06 100.0
  RFU1 (rfu)                          1.56e-06 8.00e-07 1.14e-06 3.50e-06  77.6
    sign_ctrl (signbit_ctrl)          8.06e-10 1.93e-09 6.11e-09 8.84e-09   0.2
    bb_lh_1 (s_bitbrick_14)           1.93e-08 1.58e-08 3.35e-08 6.87e-08   1.5
      FA_p2 (full_adder_42)           3.66e-09 1.36e-09 4.80e-09 9.82e-09   0.2
      HA_p1 (half_adder_28)           1.43e-09 1.45e-09 2.67e-09 5.55e-09   0.1
      HA_p2 (half_adder_27)           2.96e-09 2.11e-09 4.33e-09 9.39e-09   0.2
      FA_p3a (full_adder_40)          4.90e-09 2.17e-09 6.54e-09 1.36e-08   0.3
      FA_p3b (full_adder_41)          1.61e-09 3.11e-10 7.17e-09 9.09e-09   0.2
    bb_lh_2 (s_bitbrick_10)           2.20e-08 1.69e-08 3.37e-08 7.27e-08   1.6
      FA_p2 (full_adder_30)           4.07e-09 1.67e-09 4.94e-09 1.07e-08   0.2
      HA_p1 (half_adder_20)           1.77e-09 1.45e-09 2.67e-09 5.89e-09   0.1
      HA_p2 (half_adder_19)           3.13e-09 2.18e-09 4.29e-09 9.59e-09   0.2
      FA_p3a (full_adder_28)          5.00e-09 2.17e-09 6.64e-09 1.38e-08   0.3
      FA_p3b (full_adder_29)          2.67e-09 7.03e-10 7.19e-09 1.06e-08   0.2
    bb_lh_3 (s_bitbrick_6)            1.46e-08 1.37e-08 3.34e-08 6.17e-08   1.4
      FA_p2 (full_adder_18)           1.52e-09 5.24e-10 4.67e-09 6.71e-09   0.1
      HA_p1 (half_adder_12)           2.54e-09 2.18e-09 2.73e-09 7.45e-09   0.2
      HA_p2 (half_adder_11)           2.30e-09 1.62e-09 4.34e-09 8.27e-09   0.2
      FA_p3a (full_adder_16)          3.90e-09 1.61e-09 6.52e-09 1.20e-08   0.3
      FA_p3b (full_adder_17)             0.000    0.000 7.18e-09 7.18e-09   0.2
    bb_lh_4 (s_bitbrick_2)            2.46e-08 1.89e-08 3.38e-08 7.73e-08   1.7
      FA_p2 (full_adder_6)            5.43e-09 2.09e-09 5.03e-09 1.25e-08   0.3
      HA_p1 (half_adder_4)            1.50e-09 1.44e-09 2.67e-09 5.62e-09   0.1
      HA_p2 (half_adder_3)            3.38e-09 2.41e-09 4.31e-09 1.01e-08   0.2
      FA_p3a (full_adder_4)           5.10e-09 2.16e-09 6.71e-09 1.40e-08   0.3
      FA_p3b (full_adder_5)           3.87e-09 1.09e-09 7.14e-09 1.21e-08   0.3
    add_1_root_add_0_root_add_283_15 (rfu_DW01_add_12)
                                      3.69e-08 1.95e-08 1.61e-08 7.26e-08   1.6
    add_4_root_add_0_root_add_283_15 (rfu_DW01_add_18)
                                      2.19e-08 1.26e-08 1.56e-08 5.01e-08   1.1
    bb_hh_1 (s_bitbrick_0)            2.13e-08 1.42e-08 3.39e-08 6.94e-08   1.5
      FA_p2 (full_adder_0)            2.14e-09 8.36e-10 4.79e-09 7.77e-09   0.2
      HA_p1 (half_adder_0)            1.54e-09 1.46e-09 2.61e-09 5.62e-09   0.1
      HA_p2 (half_adder_31)           3.69e-09 2.81e-09 4.44e-09 1.09e-08   0.2
      FA_p3a (full_adder_46)          6.26e-09 2.06e-09 6.65e-09 1.50e-08   0.3
      FA_p3b (full_adder_47)          2.21e-09 5.27e-10 7.09e-09 9.83e-09   0.2
    bb_hh_2 (s_bitbrick_12)           2.12e-08 1.69e-08 3.38e-08 7.18e-08   1.6
      FA_p2 (full_adder_36)           2.85e-09 1.12e-09 5.03e-09 8.99e-09   0.2
      HA_p1 (half_adder_24)           2.21e-09 2.19e-09 2.67e-09 7.07e-09   0.2
      HA_p2 (half_adder_23)           4.06e-09 3.06e-09 4.29e-09 1.14e-08   0.3
      FA_p3a (full_adder_34)          3.50e-09 1.14e-09 6.63e-09 1.13e-08   0.2
      FA_p3b (full_adder_35)          2.37e-09 4.87e-10 6.95e-09 9.80e-09   0.2
    bb_hh_3 (s_bitbrick_8)            1.31e-08 1.28e-08 3.37e-08 5.97e-08   1.3
      FA_p2 (full_adder_24)           1.85e-09 8.36e-10 4.80e-09 7.48e-09   0.2
      HA_p1 (half_adder_16)           8.50e-10 7.25e-10 2.67e-09 4.25e-09   0.1
      HA_p2 (half_adder_15)           1.85e-09 1.42e-09 4.38e-09 7.65e-09   0.2
      FA_p3a (full_adder_22)          2.14e-09 6.82e-10 6.61e-09 9.44e-09   0.2
      FA_p3b (full_adder_23)          1.59e-09 4.19e-10 7.14e-09 9.15e-09   0.2
    bb_hh_4 (s_bitbrick_4)            1.86e-08 1.68e-08 3.38e-08 6.91e-08   1.5
      FA_p2 (full_adder_12)           2.66e-09 1.12e-09 4.90e-09 8.67e-09   0.2
      HA_p1 (half_adder_8)            1.66e-09 1.45e-09 2.79e-09 5.91e-09   0.1
      HA_p2 (half_adder_7)            2.22e-09 1.52e-09 4.30e-09 8.05e-09   0.2
      FA_p3a (full_adder_10)          4.48e-09 1.18e-09 6.66e-09 1.23e-08   0.3
      FA_p3b (full_adder_11)          1.85e-09 5.67e-10 7.08e-09 9.50e-09   0.2
    bb_ll_1 (s_bitbrick_13)           1.35e-08 1.34e-08 3.36e-08 6.05e-08   1.3
      FA_p2 (full_adder_39)           2.64e-09 1.01e-09 4.79e-09 8.45e-09   0.2
      HA_p1 (half_adder_26)           1.44e-09 2.17e-09 2.67e-09 6.29e-09   0.1
      HA_p2 (half_adder_25)           2.05e-09 1.26e-09 4.42e-09 7.74e-09   0.2
      FA_p3a (full_adder_37)          2.87e-09 1.24e-09 6.65e-09 1.08e-08   0.2
      FA_p3b (full_adder_38)          8.15e-10 3.24e-10 7.20e-09 8.34e-09   0.2
    bb_ll_2 (s_bitbrick_9)            1.36e-08 1.36e-08 3.36e-08 6.08e-08   1.3
      FA_p2 (full_adder_27)           2.64e-09 1.01e-09 4.79e-09 8.45e-09   0.2
      HA_p1 (half_adder_18)           1.44e-09 2.18e-09 2.67e-09 6.29e-09   0.1
      HA_p2 (half_adder_17)           2.02e-09 1.27e-09 4.40e-09 7.69e-09   0.2
      FA_p3a (full_adder_25)          2.87e-09 1.24e-09 6.64e-09 1.08e-08   0.2
      FA_p3b (full_adder_26)          8.15e-10 3.24e-10 7.20e-09 8.34e-09   0.2
    bb_ll_3 (s_bitbrick_5)            2.23e-08 1.97e-08 3.39e-08 7.59e-08   1.7
      FA_p2 (full_adder_15)           4.62e-09 1.78e-09 5.12e-09 1.15e-08   0.3
      HA_p1 (half_adder_10)           1.89e-09 2.48e-09 2.78e-09 7.16e-09   0.2
      HA_p2 (half_adder_9)            4.05e-09 2.53e-09 4.27e-09 1.08e-08   0.2
      FA_p3a (full_adder_13)          5.62e-09 2.48e-09 6.79e-09 1.49e-08   0.3
      FA_p3b (full_adder_14)          1.63e-09 6.48e-10 7.22e-09 9.50e-09   0.2
    bb_ll_4 (s_bitbrick_1)            1.89e-08 1.52e-08 3.39e-08 6.80e-08   1.5
      FA_p2 (full_adder_3)            4.07e-09 1.57e-09 4.98e-09 1.06e-08   0.2
      HA_p1 (half_adder_2)            1.10e-09 1.13e-09 2.78e-09 5.02e-09   0.1
      HA_p2 (half_adder_1)            2.46e-09 1.53e-09 4.38e-09 8.37e-09   0.2
      FA_p3a (full_adder_1)           5.49e-09 2.23e-09 6.73e-09 1.45e-08   0.3
      FA_p3b (full_adder_2)           1.64e-09 6.48e-10 7.21e-09 9.50e-09   0.2
    add_6_root_add_0_root_add_283_15 (rfu_DW01_add_20)
                                      1.84e-08 1.04e-08 1.53e-08 4.41e-08   1.0
    add_197_2 (rfu_DW01_add_3)        1.88e-08 2.03e-08 1.28e-08 5.19e-08   1.2
    bb_hl_1 (s_bitbrick_15)           1.63e-08 1.43e-08 3.36e-08 6.42e-08   1.4
      FA_p2 (full_adder_45)           1.43e-09 5.58e-10 4.77e-09 6.75e-09   0.1
      HA_p1 (half_adder_30)           1.50e-09 1.45e-09 2.67e-09 5.62e-09   0.1
      HA_p2 (half_adder_29)           2.49e-09 1.76e-09 4.42e-09 8.68e-09   0.2
      FA_p3a (full_adder_43)          3.99e-09 1.61e-09 6.52e-09 1.21e-08   0.3
      FA_p3b (full_adder_44)          1.60e-09 3.11e-10 7.10e-09 9.01e-09   0.2
    bb_hl_2 (s_bitbrick_11)           1.36e-08 1.33e-08 3.37e-08 6.06e-08   1.3
      FA_p2 (full_adder_33)           3.12e-14    0.000 4.65e-09 4.65e-09   0.1
      HA_p1 (half_adder_22)           1.54e-09 1.46e-09 2.61e-09 5.62e-09   0.1
      HA_p2 (half_adder_21)           2.86e-09 2.08e-09 4.50e-09 9.44e-09   0.2
      FA_p3a (full_adder_31)          4.21e-09 1.86e-09 6.54e-09 1.26e-08   0.3
      FA_p3b (full_adder_32)             0.000    0.000 7.16e-09 7.16e-09   0.2
    bb_hl_3 (s_bitbrick_7)            2.49e-08 2.09e-08 3.37e-08 7.95e-08   1.8
      FA_p2 (full_adder_21)           4.07e-09 1.57e-09 4.91e-09 1.06e-08   0.2
      HA_p1 (half_adder_14)           2.23e-09 2.18e-09 2.73e-09 7.14e-09   0.2
      HA_p2 (half_adder_13)           3.55e-09 2.49e-09 4.34e-09 1.04e-08   0.2
      FA_p3a (full_adder_19)          6.09e-09 2.54e-09 6.62e-09 1.53e-08   0.3
      FA_p3b (full_adder_20)          3.09e-09 8.51e-10 7.13e-09 1.11e-08   0.2
    bb_hl_4 (s_bitbrick_3)            1.91e-08 1.74e-08 3.37e-08 7.02e-08   1.6
      FA_p2 (full_adder_9)            2.64e-09 1.01e-09 4.79e-09 8.45e-09   0.2
      HA_p1 (half_adder_6)            2.27e-09 2.19e-09 2.67e-09 7.13e-09   0.2
      HA_p2 (half_adder_5)            3.15e-09 2.36e-09 4.42e-09 9.93e-09   0.2
      FA_p3a (full_adder_7)           4.22e-09 1.86e-09 6.61e-09 1.27e-08   0.3
      FA_p3b (full_adder_8)           1.41e-09 3.92e-10 7.17e-09 8.97e-09   0.2
    add_0_root_add_0_root_add_277_3 (rfu_DW01_add_26)
                                      4.89e-08 1.43e-08 1.92e-08 8.24e-08   1.8
    add_0_root_add_0_root_add_283_15 (rfu_DW01_add_11)
                                      5.05e-08 1.34e-08 1.62e-08 8.01e-08   1.8
    add_271_2 (rfu_DW01_add_29)       6.63e-08 1.95e-08 2.19e-08 1.08e-07   2.4
    add_3_root_add_0_root_add_283_15 (rfu_DW01_add_23)
                                      2.03e-08 1.14e-08 1.58e-08 4.75e-08   1.1
    add_210_2 (rfu_DW01_add_5)        1.69e-08 1.97e-08 1.24e-08 4.89e-08   1.1
    add_5_root_add_0_root_add_283_15 (rfu_DW01_add_14)
                                      1.71e-08 1.00e-08 1.53e-08 4.24e-08   0.9
    add_223_2 (rfu_DW01_add_7)        1.91e-08 2.06e-08 1.25e-08 5.21e-08   1.2
    add_235_2 (rfu_DW01_add_9)        1.83e-08 1.88e-08 1.25e-08 4.97e-08   1.1
    add_2_root_add_0_root_add_283_15 (rfu_DW01_add_13)
                                      2.40e-08 1.35e-08 1.54e-08 5.29e-08   1.2
    add_376 (rfu_DW01_add_2)          8.31e-08 3.08e-08 3.33e-08 1.47e-07   3.3
    add_381 (rfu_DW01_add_1)          6.64e-08 2.23e-08 2.20e-08 1.11e-07   2.5
    add_387 (rfu_DW01_add_0)          5.47e-08 1.77e-08 1.91e-08 9.14e-08   2.0
  add_73 (mac_engine_DW01_inc_0)         0.000    0.000 1.39e-08 1.39e-08   0.3
  add_79_aco (mac_engine_DW01_inc_1_DW01_inc_2)
                                      5.82e-09 1.85e-09 1.23e-08 1.99e-08   0.4


                                      Peak     Peak            Glitch   X-tran
Hierarchy                             Power    Time            Power    Power
--------------------------------------------------------------------------------
mac_engine                            1.50e-02 6300.0000-6300.0001
                                                               1.40e-09    0.000
  RFU1 (rfu)                          7.61e-03 7050.0000-7050.0001
                                                               1.40e-09    0.000
    sign_ctrl (signbit_ctrl)          1.83e-04 3300.0222-3300.0223
                                                                  0.000    0.000
    bb_lh_1 (s_bitbrick_14)           3.09e-04 2325.1141-2325.1142
                                                                  0.000    0.000
      FA_p2 (full_adder_42)           1.03e-04 2325.1027-2325.1028
                                                                  0.000    0.000
      HA_p1 (half_adder_28)           6.57e-05 2325.0867-2325.0868
                                                                  0.000    0.000
      HA_p2 (half_adder_27)           1.22e-04 2025.1671-2025.1672
                                                                  0.000    0.000
      FA_p3a (full_adder_40)          1.16e-04 4275.2049-4275.2050
                                                                  0.000    0.000
      FA_p3b (full_adder_41)          9.17e-05 2325.1279-2325.1280
                                                                  0.000    0.000
    bb_lh_2 (s_bitbrick_10)           3.12e-04 2625.0998-2625.0999
                                                                  0.000    0.000
      FA_p2 (full_adder_30)           1.03e-04 6675.1123-6675.1124
                                                                  0.000    0.000
      HA_p1 (half_adder_20)           9.84e-05 2625.0998-2625.0999
                                                                  0.000    0.000
      HA_p2 (half_adder_19)           1.22e-04 2325.1753-2325.1754
                                                                  0.000    0.000
      FA_p3a (full_adder_28)          1.16e-04 4725.2049-4725.2050
                                                                  0.000    0.000
      FA_p3b (full_adder_29)          9.20e-05 6675.1374-6675.1375
                                                                  0.000    0.000
    bb_lh_3 (s_bitbrick_6)            2.62e-04 2025.0783-2025.0784
                                                               1.69e-10    0.000
      FA_p2 (full_adder_18)           6.92e-05 2025.1371-2025.1372
                                                                  0.000    0.000
      HA_p1 (half_adder_12)           9.84e-05 2325.0998-2325.0999
                                                                  0.000    0.000
      HA_p2 (half_adder_11)           1.22e-04 2025.1671-2025.1672
                                                                  0.000    0.000
      FA_p3a (full_adder_16)          1.01e-04 1425.1775-1425.1776
                                                                  0.000    0.000
      FA_p3b (full_adder_17)          7.19e-09 75.0912-75.0913    0.000    0.000
    bb_lh_4 (s_bitbrick_2)            3.10e-04 1725.1141-1725.1142
                                                                  0.000    0.000
      FA_p2 (full_adder_6)            1.03e-04 3825.1027-3825.1028
                                                                  0.000    0.000
      HA_p1 (half_adder_4)            9.84e-05 2775.0998-2775.0999
                                                                  0.000    0.000
      HA_p2 (half_adder_3)            1.22e-04 1575.1753-1575.1754
                                                                  0.000    0.000
      FA_p3a (full_adder_4)           1.03e-04 4875.1594-4875.1595
                                                                  0.000    0.000
      FA_p3b (full_adder_5)           1.17e-04 2625.1384-2625.1385
                                                                  0.000    0.000
    add_1_root_add_0_root_add_283_15 (rfu_DW01_add_12)
                                      2.10e-04 3675.2658-3675.2659
                                                                  0.000    0.000
    add_4_root_add_0_root_add_283_15 (rfu_DW01_add_18)
                                      2.19e-04 2475.1837-2475.1838
                                                                  0.000    0.000
    bb_hh_1 (s_bitbrick_0)            3.13e-04 6525.1141-6525.1142
                                                               1.70e-10    0.000
      FA_p2 (full_adder_0)            1.03e-04 2325.1027-2325.1028
                                                                  0.000    0.000
      HA_p1 (half_adder_0)            6.58e-05 1575.0867-1575.0868
                                                                  0.000    0.000
      HA_p2 (half_adder_31)           1.09e-04 4275.1877-4275.1878
                                                                  0.000    0.000
      FA_p3a (full_adder_46)          9.65e-05 1425.1766-1425.1767
                                                                  0.000    0.000
      FA_p3b (full_adder_47)          9.24e-05 2325.1279-2325.1280
                                                                  0.000    0.000
    bb_hh_2 (s_bitbrick_12)           3.38e-04 4725.1123-4725.1124
                                                               1.62e-10    0.000
      FA_p2 (full_adder_36)           1.03e-04 2625.1123-2625.1124
                                                                  0.000    0.000
      HA_p1 (half_adder_24)           6.58e-05 4425.0867-4425.0868
                                                                  0.000    0.000
      HA_p2 (half_adder_23)           1.22e-04 2325.1753-2325.1754
                                                                  0.000    0.000
      FA_p3a (full_adder_34)          9.65e-05 2175.1766-2175.1767
                                                                  0.000    0.000
      FA_p3b (full_adder_35)          8.83e-05 5775.1395-5775.1396
                                                                  0.000    0.000
    bb_hh_3 (s_bitbrick_8)            2.50e-04 6525.0998-6525.0999
                                                               1.69e-10    0.000
      FA_p2 (full_adder_24)           6.55e-05 2025.1576-2025.1577
                                                                  0.000    0.000
      HA_p1 (half_adder_16)           9.84e-05 2325.0998-2325.0999
                                                                  0.000    0.000
      HA_p2 (half_adder_15)           1.22e-04 6225.1877-6225.1878
                                                                  0.000    0.000
      FA_p3a (full_adder_22)          9.64e-05 2175.2186-2175.2187
                                                                  0.000    0.000
      FA_p3b (full_adder_23)          7.30e-05 6225.1050-6225.1051
                                                                  0.000    0.000
    bb_hh_4 (s_bitbrick_4)            3.26e-04 3825.0711-3825.0712
                                                               1.86e-10    0.000
      FA_p2 (full_adder_12)           1.03e-04 5925.1027-5925.1028
                                                                  0.000    0.000
      HA_p1 (half_adder_8)            9.84e-05 2775.1007-2775.1008
                                                                  0.000    0.000
      HA_p2 (half_adder_7)            1.22e-04 2325.1877-2325.1878
                                                                  0.000    0.000
      FA_p3a (full_adder_10)          9.64e-05 2475.2186-2475.2187
                                                                  0.000    0.000
      FA_p3b (full_adder_11)          9.20e-05 6675.1374-6675.1375
                                                                  0.000    0.000
    bb_ll_1 (s_bitbrick_13)           3.32e-04 2775.0976-2775.0977
                                                               1.99e-10    0.000
      FA_p2 (full_adder_39)           1.03e-04 4875.1027-4875.1028
                                                                  0.000    0.000
      HA_p1 (half_adder_26)           7.34e-05 2475.0867-2475.0868
                                                                  0.000    0.000
      HA_p2 (half_adder_25)           1.20e-04 4725.1877-4725.1878
                                                                  0.000    0.000
      FA_p3a (full_adder_37)          1.01e-04 2775.1683-2775.1684
                                                                  0.000    0.000
      FA_p3b (full_adder_38)          9.20e-05 4875.1279-4875.1280
                                                                  0.000    0.000
    bb_ll_2 (s_bitbrick_9)            2.51e-04 3075.0867-3075.0868
                                                               2.48e-10    0.000
      FA_p2 (full_adder_27)           1.03e-04 4875.1027-4875.1028
                                                                  0.000    0.000
      HA_p1 (half_adder_18)           7.35e-05 2325.0867-2325.0868
                                                                  0.000    0.000
      HA_p2 (half_adder_17)           1.20e-04 4725.1877-4725.1878
                                                                  0.000    0.000
      FA_p3a (full_adder_25)          1.01e-04 2025.2129-2025.2130
                                                                  0.000    0.000
      FA_p3b (full_adder_26)          9.20e-05 4875.1279-4875.1280
                                                                  0.000    0.000
    bb_ll_3 (s_bitbrick_5)            3.64e-04 1875.1002-1875.1003
                                                                  0.000    0.000
      FA_p2 (full_adder_15)           1.84e-04 4875.1077-4875.1078
                                                                  0.000    0.000
      HA_p1 (half_adder_10)           1.06e-04 4275.1007-4275.1008
                                                                  0.000    0.000
      HA_p2 (half_adder_9)            1.20e-04 3675.1753-3675.1754
                                                                  0.000    0.000
      FA_p3a (full_adder_13)          1.06e-04 2025.1844-2025.1845
                                                                  0.000    0.000
      FA_p3b (full_adder_14)          9.20e-05 3975.1279-3975.1280
                                                                  0.000    0.000
    bb_ll_4 (s_bitbrick_1)            2.74e-04 2775.0711-2775.0712
                                                                  0.000    0.000
      FA_p2 (full_adder_3)            1.12e-04 2775.1203-2775.1204
                                                                  0.000    0.000
      HA_p1 (half_adder_2)            1.01e-04 2175.1007-2175.1008
                                                                  0.000    0.000
      HA_p2 (half_adder_1)            1.20e-04 3825.1753-3825.1754
                                                                  0.000    0.000
      FA_p3a (full_adder_1)           1.03e-04 4875.1513-4875.1514
                                                                  0.000    0.000
      FA_p3b (full_adder_2)           9.20e-05 2775.1502-2775.1503
                                                                  0.000    0.000
    add_6_root_add_0_root_add_283_15 (rfu_DW01_add_20)
                                      1.90e-04 4875.1791-4875.1792
                                                                  0.000    0.000
    add_197_2 (rfu_DW01_add_3)        1.95e-04 6675.1847-6675.1848
                                                                  0.000    0.000
    bb_hl_1 (s_bitbrick_15)           3.06e-04 5925.1123-5925.1124
                                                               5.72e-11    0.000
      FA_p2 (full_adder_45)           1.03e-04 3825.1123-3825.1124
                                                                  0.000    0.000
      HA_p1 (half_adder_30)           9.84e-05 1725.0998-1725.0999
                                                                  0.000    0.000
      HA_p2 (half_adder_29)           1.22e-04 3675.1753-3675.1754
                                                                  0.000    0.000
      FA_p3a (full_adder_43)          1.03e-04 1725.1978-1725.1979
                                                                  0.000    0.000
      FA_p3b (full_adder_44)          9.44e-05 1725.1291-1725.1292
                                                                  0.000    0.000
    bb_hl_2 (s_bitbrick_11)           1.87e-04 1575.1201-1575.1202
                                                               5.72e-11    0.000
      FA_p2 (full_adder_33)           1.00e-05 1875.0796-1875.0797
                                                                  0.000    0.000
      HA_p1 (half_adder_22)           6.58e-05 1725.1100-1725.1101
                                                                  0.000    0.000
      HA_p2 (half_adder_21)           9.45e-05 1575.1002-1575.1003
                                                                  0.000    0.000
      FA_p3a (full_adder_31)          1.01e-04 1575.1485-1575.1486
                                                                  0.000    0.000
      FA_p3b (full_adder_32)          7.19e-09 75.1196-75.1197    0.000    0.000
    bb_hl_3 (s_bitbrick_7)            3.06e-04 3825.1123-3825.1124
                                                                  0.000    0.000
      FA_p2 (full_adder_21)           1.03e-04 3825.1123-3825.1124
                                                                  0.000    0.000
      HA_p1 (half_adder_14)           9.84e-05 1725.0998-1725.0999
                                                                  0.000    0.000
      HA_p2 (half_adder_13)           1.22e-04 2025.1877-2025.1878
                                                                  0.000    0.000
      FA_p3a (full_adder_19)          1.03e-04 1725.1995-1725.1996
                                                                  0.000    0.000
      FA_p3b (full_adder_20)          1.10e-04 3825.1442-3825.1443
                                                                  0.000    0.000
    bb_hl_4 (s_bitbrick_3)            3.23e-04 4275.1347-4275.1348
                                                                  0.000    0.000
      FA_p2 (full_adder_9)            1.03e-04 4275.1027-4275.1028
                                                                  0.000    0.000
      HA_p1 (half_adder_6)            9.85e-05 2775.1007-2775.1008
                                                                  0.000    0.000
      HA_p2 (half_adder_5)            1.22e-04 6225.1877-6225.1878
                                                                  0.000    0.000
      FA_p3a (full_adder_7)           1.01e-04 1575.1777-1575.1778
                                                                  0.000    0.000
      FA_p3b (full_adder_8)           1.10e-04 4275.1347-4275.1348
                                                                  0.000    0.000
    add_0_root_add_0_root_add_277_3 (rfu_DW01_add_26)
                                      1.91e-04 6825.3486-6825.3487
                                                                  0.000    0.000
    add_0_root_add_0_root_add_283_15 (rfu_DW01_add_11)
                                      2.14e-04 2325.2926-2325.2927
                                                                  0.000    0.000
    add_271_2 (rfu_DW01_add_29)       2.08e-04 2325.2729-2325.2730
                                                                  0.000    0.000
    add_3_root_add_0_root_add_283_15 (rfu_DW01_add_23)
                                      2.29e-04 2475.1837-2475.1838
                                                                  0.000    0.000
    add_210_2 (rfu_DW01_add_5)        1.87e-04 4875.2107-4875.2108
                                                                  0.000    0.000
    add_5_root_add_0_root_add_283_15 (rfu_DW01_add_14)
                                      1.93e-04 6525.2326-6525.2327
                                                                  0.000    0.000
    add_223_2 (rfu_DW01_add_7)        1.99e-04 4575.1868-4575.1869
                                                                  0.000    0.000
    add_235_2 (rfu_DW01_add_9)        1.77e-04 4875.2493-4875.2494
                                                                  0.000    0.000
    add_2_root_add_0_root_add_283_15 (rfu_DW01_add_13)
                                      1.96e-04 6525.2517-6525.2518
                                                                  0.000    0.000
    add_376 (rfu_DW01_add_2)          3.33e-04 7125.0866-7125.0867
                                                                  0.000    0.000
    add_381 (rfu_DW01_add_1)          2.32e-04 6375.0866-6375.0867
                                                                  0.000    0.000
    add_387 (rfu_DW01_add_0)          2.09e-04 6375.0866-6375.0867
                                                                  0.000    0.000
  add_73 (mac_engine_DW01_inc_0)      1.39e-08  0.0000-0.0001     0.000    0.000
  add_79_aco (mac_engine_DW01_inc_1_DW01_inc_2)
                                      2.07e-04 7125.1744-7125.1745
                                                                  0.000    0.000
1
