****************************************
Report : Time Based Power
	-hierarchy
Design : mac_engine
Version: U-2022.12
Date   : Wed May 22 01:07:49 2024
****************************************



                                      Int      Switch   Leak     Total
Hierarchy                             Power    Power    Power    Power    %
----------------------------------------------------------------------------------
mac_engine                            2.72e-04 9.48e-05 1.30e-06 3.68e-04 100.0
  add_78 (mac_engine_DW01_inc_0)         0.000    0.000 1.72e-08 1.72e-08   0.0
  PFU1 (proposed)                     2.05e-04 8.83e-05 1.08e-06 2.95e-04  80.1
    add_365_2 (proposed_DW01_add_11)  2.73e-06 2.08e-06 1.28e-08 4.82e-06   1.3
    sign_ctrl (signbit_ctrl)          7.63e-12    0.000 2.65e-09 2.66e-09   0.0
    add_347_2 (proposed_DW01_add_9)   2.97e-06 1.93e-06 1.32e-08 4.91e-06   1.3
    bb_lh_1 (ns_bitbrick_5)           2.03e-06 1.15e-06 2.87e-08 3.21e-06   0.9
      HA_p1 (half_adder_28)           1.97e-07 1.11e-07 2.85e-09 3.10e-07   0.1
      FA_p3a (full_adder_40)          6.08e-07 2.94e-07 6.48e-09 9.08e-07   0.2
      HA_p2 (half_adder_27)           4.27e-07 1.88e-07 4.35e-09 6.19e-07   0.2
      FA_p3b (full_adder_41)          2.54e-07 3.61e-08 7.10e-09 2.97e-07   0.1
      FA_p2 (full_adder_42)           3.75e-07 1.44e-07 5.06e-09 5.25e-07   0.1
    bb_lh_2 (s_bitbrick_0)            2.17e-06 1.62e-06 3.31e-08 3.82e-06   1.0
      FA_p2 (full_adder_30)           4.83e-07 2.05e-07 4.67e-09 6.92e-07   0.2
      HA_p1 (half_adder_20)           3.17e-07 1.61e-07 2.91e-09 4.81e-07   0.1
      HA_p2 (half_adder_19)           2.99e-07 1.24e-07 4.28e-09 4.28e-07   0.1
      FA_p3a (full_adder_28)          5.39e-07 1.58e-07 6.32e-09 7.03e-07   0.2
      FA_p3b (full_adder_29)          1.91e-07 7.46e-08 7.40e-09 2.73e-07   0.1
    bb_lh_3 (ns_bitbrick_1)           1.91e-06 1.13e-06 2.75e-08 3.07e-06   0.8
      HA_p1 (half_adder_12)           1.98e-07 1.08e-07 2.85e-09 3.09e-07   0.1
      FA_p3a (full_adder_16)          6.20e-07 3.00e-07 6.48e-09 9.27e-07   0.3
      HA_p2 (half_adder_11)           3.40e-07 1.69e-07 3.88e-09 5.13e-07   0.1
      FA_p3b (full_adder_17)          2.52e-07 3.59e-08 7.10e-09 2.95e-07   0.1
      FA_p2 (full_adder_18)           3.30e-07 1.39e-07 4.38e-09 4.74e-07   0.1
    bb_lh_4 (s_bitbrick_1)            1.97e-06 1.57e-06 3.22e-08 3.57e-06   1.0
      FA_p2 (full_adder_6)            4.67e-07 1.95e-07 4.56e-09 6.67e-07   0.2
      HA_p1 (half_adder_4)            2.04e-07 1.53e-07 1.94e-09 3.59e-07   0.1
      HA_p2 (half_adder_3)            2.51e-07 1.22e-07 3.85e-09 3.76e-07   0.1
      FA_p3a (full_adder_4)           5.31e-07 1.76e-07 6.32e-09 7.13e-07   0.2
      FA_p3b (full_adder_5)           1.88e-07 7.34e-08 7.39e-09 2.68e-07   0.1
    add_502 (proposed_DW01_add_8)     1.91e-05 6.73e-06 3.86e-08 2.59e-05   7.0
    bb_hh_1 (ss_bitbrick)             2.77e-07 6.99e-07 5.51e-09 9.82e-07   0.3
    bb_hh_2 (ns_bitbrick_4)           3.03e-06 1.54e-06 2.89e-08 4.60e-06   1.3
      HA_p1 (half_adder_24)           2.63e-07 1.74e-07 2.94e-09 4.40e-07   0.1
      FA_p3a (full_adder_34)          9.49e-07 1.89e-07 6.37e-09 1.14e-06   0.3
      HA_p2 (half_adder_23)           6.23e-07 3.29e-07 4.16e-09 9.56e-07   0.3
      FA_p3b (full_adder_35)          3.66e-07 5.22e-08 7.05e-09 4.26e-07   0.1
      FA_p2 (full_adder_36)           5.73e-07 2.21e-07 5.30e-09 7.99e-07   0.2
    bb_hh_3 (ns_bitbrick_2)           2.01e-06 1.04e-06 2.87e-08 3.08e-06   0.8
      HA_p1 (half_adder_16)           1.81e-07 1.23e-07 2.84e-09 3.07e-07   0.1
      FA_p3a (full_adder_22)          6.06e-07 1.19e-07 6.48e-09 7.31e-07   0.2
      HA_p2 (half_adder_15)           4.29e-07 2.23e-07 4.36e-09 6.56e-07   0.2
      FA_p3b (full_adder_23)          2.39e-07 3.41e-08 7.11e-09 2.81e-07   0.1
      FA_p2 (full_adder_24)           3.70e-07 1.42e-07 5.04e-09 5.18e-07   0.1
    bb_hh_4 (s_bitbrick_3)            2.24e-06 1.68e-06 3.43e-08 3.95e-06   1.1
      FA_p2 (full_adder_12)           5.47e-07 2.13e-07 5.27e-09 7.65e-07   0.2
      HA_p1 (half_adder_8)            2.82e-07 2.06e-07 2.90e-09 4.91e-07   0.1
      HA_p2 (half_adder_7)            3.06e-07 1.72e-07 4.28e-09 4.82e-07   0.1
      FA_p3a (full_adder_10)          5.99e-07 1.16e-07 6.90e-09 7.22e-07   0.2
      FA_p3b (full_adder_11)          1.88e-07 8.43e-08 7.39e-09 2.80e-07   0.1
    bb_ll_1 (fs_bitbrick_0)           2.51e-06 1.60e-06 3.03e-08 4.14e-06   1.1
      FA_p2 (full_adder_39)           6.27e-07 2.44e-07 5.41e-09 8.76e-07   0.2
      HA_p1 (half_adder_26)           2.89e-07 1.91e-07 2.96e-09 4.83e-07   0.1
      HA_p2 (half_adder_25)           3.78e-07 1.19e-07 4.22e-09 5.01e-07   0.1
      FA_p3a (full_adder_37)          6.97e-07 1.81e-07 6.96e-09 8.85e-07   0.2
      FA_p3b (full_adder_38)          2.15e-07 9.64e-08 7.44e-09 3.19e-07   0.1
    bb_ll_2 (fs_bitbrick_3)           2.15e-06 1.41e-06 2.96e-08 3.59e-06   1.0
      FA_p2 (full_adder_27)           5.20e-07 1.98e-07 5.29e-09 7.23e-07   0.2
      HA_p1 (half_adder_18)           2.78e-07 1.81e-07 2.91e-09 4.62e-07   0.1
      HA_p2 (half_adder_17)           2.44e-07 9.00e-08 3.84e-09 3.38e-07   0.1
      FA_p3a (full_adder_25)          6.27e-07 1.58e-07 6.91e-09 7.91e-07   0.2
      FA_p3b (full_adder_26)          1.89e-07 8.46e-08 7.40e-09 2.81e-07   0.1
    bb_ll_3 (fs_bitbrick_2)           2.40e-06 1.50e-06 2.98e-08 3.93e-06   1.1
      FA_p2 (full_adder_15)           6.18e-07 2.35e-07 5.39e-09 8.58e-07   0.2
      HA_p1 (half_adder_10)           2.89e-07 1.88e-07 2.96e-09 4.80e-07   0.1
      HA_p2 (half_adder_9)            3.07e-07 1.14e-07 3.80e-09 4.24e-07   0.1
      FA_p3a (full_adder_13)          6.85e-07 1.76e-07 6.96e-09 8.68e-07   0.2
      FA_p3b (full_adder_14)          2.10e-07 9.41e-08 7.43e-09 3.11e-07   0.1
    bb_ll_4 (fs_bitbrick_1)           2.13e-06 1.31e-06 2.89e-08 3.47e-06   0.9
      FA_p2 (full_adder_3)            4.80e-07 2.00e-07 4.58e-09 6.85e-07   0.2
      HA_p1 (half_adder_2)            2.78e-07 8.68e-08 2.91e-09 3.67e-07   0.1
      HA_p2 (half_adder_1)            2.50e-07 9.26e-08 3.84e-09 3.46e-07   0.1
      FA_p3a (full_adder_1)           6.34e-07 1.86e-07 6.91e-09 8.27e-07   0.2
      FA_p3b (full_adder_2)           1.95e-07 8.76e-08 7.40e-09 2.90e-07   0.1
    add_513 (proposed_DW01_add_7)        0.000    0.000 1.99e-08 1.99e-08   0.0
    add_514 (proposed_DW01_add_6)        0.000    0.000 1.99e-08 1.99e-08   0.0
    add_515 (proposed_DW01_add_5)     6.56e-06 2.00e-06 2.24e-08 8.58e-06   2.3
    add_516 (proposed_DW01_add_4)     1.19e-05 3.92e-06 2.31e-08 1.58e-05   4.3
    add_402_2 (proposed_DW01_add_15)  3.12e-06 1.54e-06 1.97e-08 4.68e-06   1.3
    bb_hl_1 (ns_bitbrick_0)           2.89e-06 1.63e-06 2.91e-08 4.55e-06   1.2
      HA_p1 (half_adder_0)            2.64e-07 1.52e-07 3.01e-09 4.20e-07   0.1
      FA_p3a (full_adder_43)          8.24e-07 4.03e-07 6.36e-09 1.23e-06   0.3
      HA_p2 (half_adder_29)           5.67e-07 2.54e-07 4.13e-09 8.24e-07   0.2
      FA_p3b (full_adder_44)          4.16e-07 5.92e-08 7.03e-09 4.82e-07   0.1
      FA_p2 (full_adder_0)            5.63e-07 2.17e-07 5.43e-09 7.86e-07   0.2
    bb_hl_2 (ns_bitbrick_3)           2.59e-06 1.54e-06 2.78e-08 4.15e-06   1.1
      HA_p1 (half_adder_22)           2.76e-07 1.50e-07 2.95e-09 4.29e-07   0.1
      FA_p3a (full_adder_31)          7.95e-07 3.95e-07 6.37e-09 1.20e-06   0.3
      HA_p2 (half_adder_21)           4.62e-07 2.37e-07 3.74e-09 7.02e-07   0.2
      FA_p3b (full_adder_32)          3.69e-07 5.26e-08 7.05e-09 4.28e-07   0.1
      FA_p2 (full_adder_33)           4.44e-07 1.81e-07 4.59e-09 6.29e-07   0.2
    bb_hl_3 (s_bitbrick_4)            2.29e-06 1.61e-06 3.28e-08 3.93e-06   1.1
      FA_p2 (full_adder_21)           5.28e-07 2.16e-07 4.66e-09 7.48e-07   0.2
      HA_p1 (half_adder_14)           2.83e-07 1.45e-07 2.95e-09 4.31e-07   0.1
      HA_p2 (half_adder_13)           3.40e-07 1.46e-07 4.21e-09 4.89e-07   0.1
      FA_p3a (full_adder_19)          6.88e-07 1.77e-07 6.95e-09 8.73e-07   0.2
      FA_p3b (full_adder_20)          1.36e-07 9.46e-08 6.47e-09 2.37e-07   0.1
    bb_hl_4 (s_bitbrick_2)            2.23e-06 1.53e-06 3.47e-08 3.80e-06   1.0
      FA_p2 (full_adder_9)            5.30e-07 2.11e-07 5.26e-09 7.46e-07   0.2
      HA_p1 (half_adder_6)            2.76e-07 1.45e-07 2.90e-09 4.24e-07   0.1
      HA_p2 (half_adder_5)            3.41e-07 1.29e-07 4.77e-09 4.75e-07   0.1
      FA_p3a (full_adder_7)           6.13e-07 1.78e-07 6.90e-09 7.98e-07   0.2
      FA_p3b (full_adder_8)           1.88e-07 8.42e-08 7.39e-09 2.79e-07   0.1
    add_416_2 (proposed_DW01_add_17)  1.02e-05 2.85e-06 2.50e-08 1.31e-05   3.6
    add_386_2 (proposed_DW01_add_13)  2.21e-06 1.69e-06 1.25e-08 3.92e-06   1.1
  add_84_aco (mac_engine_DW01_inc_1_DW01_inc_2)
                                      7.73e-07 2.53e-07 1.44e-08 1.04e-06   0.3


                                      Peak     Peak            Glitch   X-tran
Hierarchy                             Power    Time            Power    Power
--------------------------------------------------------------------------------
mac_engine                            2.45e-02 13517.0000-13517.0001
                                                               1.09e-09    0.000
  add_78 (mac_engine_DW01_inc_0)      1.72e-08 14.0212-14.0213    0.000    0.000
  PFU1 (proposed)                     1.60e-02 8023.7500-8023.7501
                                                               1.09e-09    0.000
    add_365_2 (proposed_DW01_add_11)  2.53e-04 18950.0041-18950.0042
                                                                  0.000    0.000
    sign_ctrl (signbit_ctrl)          2.55e-05 14.0000-14.0001    0.000    0.000
    add_347_2 (proposed_DW01_add_9)   2.55e-04 13978.3457-13978.3458
                                                                  0.000    0.000
    bb_lh_1 (ns_bitbrick_5)           3.18e-04 19086.4877-19086.4878
                                                                  0.000    0.000
      HA_p1 (half_adder_28)           1.05e-04 18731.2346-18731.2347
                                                                  0.000    0.000
      FA_p3a (full_adder_40)          1.05e-04 18811.8876-18811.8877
                                                                  0.000    0.000
      HA_p2 (half_adder_27)           1.16e-04 18335.7571-18335.7572
                                                                  0.000    0.000
      FA_p3b (full_adder_41)          7.49e-05 19224.7444-19224.7445
                                                                  0.000    0.000
      FA_p2 (full_adder_42)           1.92e-04 5803.9955-5803.9956
                                                                  0.000    0.000
    bb_lh_2 (s_bitbrick_0)            2.59e-04 459.5183-459.5184
                                                                  0.000    0.000
      FA_p2 (full_adder_30)           1.66e-04 317.7433-317.7434
                                                                  0.000    0.000
      HA_p1 (half_adder_20)           1.10e-04 19214.2227-19214.2228
                                                                  0.000    0.000
      HA_p2 (half_adder_19)           1.10e-04 16.8235-16.8236    0.000    0.000
      FA_p3a (full_adder_28)          9.13e-05 18.5396-18.5397    0.000    0.000
      FA_p3b (full_adder_29)          9.08e-05 32.5203-32.5204    0.000    0.000
    bb_lh_3 (ns_bitbrick_1)           3.03e-04 763.9810-763.9811
                                                                  0.000    0.000
      HA_p1 (half_adder_12)           1.03e-04 18697.9886-18697.9887
                                                                  0.000    0.000
      FA_p3a (full_adder_16)          1.21e-04 83.2957-83.2958    0.000    0.000
      HA_p2 (half_adder_11)           9.90e-05 25.5668-25.5669    0.000    0.000
      FA_p3b (full_adder_17)          7.46e-05 19224.7469-19224.7470
                                                                  0.000    0.000
      FA_p2 (full_adder_18)           1.62e-04 312.5001-312.5002
                                                                  0.000    0.000
    bb_lh_4 (s_bitbrick_1)            2.48e-04 72.7722-72.7723    0.000    0.000
      FA_p2 (full_adder_6)            1.59e-04 53.4972-53.4973    0.000    0.000
      HA_p1 (half_adder_4)            8.87e-05 471.7214-471.7215
                                                                  0.000    0.000
      HA_p2 (half_adder_3)            9.84e-05 16.8262-16.8263    0.000    0.000
      FA_p3a (full_adder_4)           9.29e-05 18.5392-18.5393    0.000    0.000
      FA_p3b (full_adder_5)           9.08e-05 18.4990-18.4991    0.000    0.000
    add_502 (proposed_DW01_add_8)     4.83e-04 15777.2128-15777.2129
                                                                  0.000    0.000
    bb_hh_1 (ss_bitbrick)             1.89e-04 10345.2063-10345.2064
                                                                  0.000    0.000
    bb_hh_2 (ns_bitbrick_4)           3.71e-04 11167.7362-11167.7363
                                                                  0.000    0.000
      HA_p1 (half_adder_24)           1.15e-04 19047.9650-19047.9651
                                                                  0.000    0.000
      FA_p3a (full_adder_34)          1.33e-04 249.5603-249.5604
                                                                  0.000    0.000
      HA_p2 (half_adder_23)           1.18e-04 19193.3031-19193.3032
                                                                  0.000    0.000
      FA_p3b (full_adder_35)          8.32e-05 19212.4607-19212.4608
                                                                  0.000    0.000
      FA_p2 (full_adder_36)           1.89e-04 193.4803-193.4804
                                                                  0.000    0.000
    bb_hh_3 (ns_bitbrick_2)           3.60e-04 16482.4945-16482.4946
                                                                  0.000    0.000
      HA_p1 (half_adder_16)           1.15e-04 18575.4710-18575.4711
                                                                  0.000    0.000
      FA_p3a (full_adder_22)          1.33e-04 155.0672-155.0673
                                                                  0.000    0.000
      HA_p2 (half_adder_15)           1.18e-04 18335.7524-18335.7525
                                                                  0.000    0.000
      FA_p3b (full_adder_23)          8.17e-05 19219.4626-19219.4627
                                                                  0.000    0.000
      FA_p2 (full_adder_24)           2.04e-04 4260.4833-4260.4834
                                                                  0.000    0.000
    bb_hh_4 (s_bitbrick_3)            2.70e-04 452.5091-452.5092
                                                                  0.000    0.000
      FA_p2 (full_adder_12)           1.85e-04 18892.2347-18892.2348
                                                                  0.000    0.000
      HA_p1 (half_adder_8)            1.15e-04 19200.2244-19200.2245
                                                                  0.000    0.000
      HA_p2 (half_adder_7)            1.19e-04 16.8060-16.8061    0.000    0.000
      FA_p3a (full_adder_10)          1.03e-04 19125.0228-19125.0229
                                                                  0.000    0.000
      FA_p3b (full_adder_11)          9.20e-05 29.0071-29.0072    0.000    0.000
    bb_ll_1 (fs_bitbrick_0)           3.09e-04 475.2730-475.2731
                                                                  0.000    0.000
      FA_p2 (full_adder_39)           1.82e-04 18731.2523-18731.2524
                                                                  0.000    0.000
      HA_p1 (half_adder_26)           1.09e-04 18696.2366-18696.2367
                                                                  0.000    0.000
      HA_p2 (half_adder_25)           1.13e-04 18.5706-18.5707    0.000    0.000
      FA_p3a (full_adder_37)          1.03e-04 19238.7902-19238.7903
                                                                  0.000    0.000
      FA_p3b (full_adder_38)          9.20e-05 27.2668-27.2669    0.000    0.000
    bb_ll_2 (fs_bitbrick_3)           2.54e-04 18848.4895-18848.4896
                                                                  0.000    0.000
      FA_p2 (full_adder_27)           9.72e-05 19147.7420-19147.7421
                                                                  0.000    0.000
      HA_p1 (half_adder_18)           1.13e-04 19219.4849-19219.4850
                                                                  0.000    0.000
      HA_p2 (half_adder_17)           1.08e-04 18.5712-18.5713    0.000    0.000
      FA_p3a (full_adder_25)          1.38e-04 19221.3232-19221.3233
                                                                  0.000    0.000
      FA_p3b (full_adder_26)          9.19e-05 32.5207-32.5208    0.000    0.000
    bb_ll_3 (fs_bitbrick_2)           2.55e-04 19226.5250-19226.5251
                                                                  0.000    0.000
      FA_p2 (full_adder_15)           1.78e-04 19004.2533-19004.2534
                                                                  0.000    0.000
      HA_p1 (half_adder_10)           1.09e-04 18792.4898-18792.4899
                                                                  0.000    0.000
      HA_p2 (half_adder_9)            1.08e-04 25.5722-25.5723    0.000    0.000
      FA_p3a (full_adder_13)          1.38e-04 18386.5801-18386.5802
                                                                  0.000    0.000
      FA_p3b (full_adder_14)          9.19e-05 27.2730-27.2731    0.000    0.000
    bb_ll_4 (fs_bitbrick_1)           2.32e-04 832.2371-832.2372
                                                                  0.000    0.000
      FA_p2 (full_adder_3)            1.04e-04 25.4864-25.4865    0.000    0.000
      HA_p1 (half_adder_2)            1.03e-04 19182.7371-19182.7372
                                                                  0.000    0.000
      HA_p2 (half_adder_1)            9.74e-05 23.8274-23.8275    0.000    0.000
      FA_p3a (full_adder_1)           1.03e-04 64.0416-64.0417    0.000    0.000
      FA_p3b (full_adder_2)           9.19e-05 44.7702-44.7703    0.000    0.000
    add_513 (proposed_DW01_add_7)     1.99e-08  0.0000-0.0001     0.000    0.000
    add_514 (proposed_DW01_add_6)     1.99e-08  0.0000-0.0001     0.000    0.000
    add_515 (proposed_DW01_add_5)     2.06e-04 9876.6382-9876.6383
                                                                  0.000    0.000
    add_516 (proposed_DW01_add_4)     3.20e-04 183.3473-183.3474
                                                                  0.000    0.000
    add_402_2 (proposed_DW01_add_15)  2.81e-04 11635.1407-11635.1408
                                                                  0.000    0.000
    bb_hl_1 (ns_bitbrick_0)           3.21e-04 18836.2567-18836.2568
                                                                  0.000    0.000
      HA_p1 (half_adder_0)            1.05e-04 19231.7352-19231.7353
                                                                  0.000    0.000
      FA_p3a (full_adder_43)          1.19e-04 37.7888-37.7889    0.000    0.000
      HA_p2 (half_adder_29)           1.16e-04 19186.3147-19186.3148
                                                                  0.000    0.000
      FA_p3b (full_adder_44)          7.53e-05 19203.7412-19203.7413
                                                                  0.000    0.000
      FA_p2 (full_adder_0)            2.03e-04 18836.2462-18836.2463
                                                                  0.000    0.000
    bb_hl_2 (ns_bitbrick_3)           3.04e-04 4367.2324-4367.2325
                                                                  0.000    0.000
      HA_p1 (half_adder_22)           1.05e-04 18909.7298-18909.7299
                                                                  0.000    0.000
      FA_p3a (full_adder_31)          1.20e-04 648.5490-648.5491
                                                                  0.000    0.000
      HA_p2 (half_adder_21)           9.90e-05 29.0534-29.0535    0.000    0.000
      FA_p3b (full_adder_32)          8.18e-05 17875.4826-17875.4827
                                                                  0.000    0.000
      FA_p2 (full_adder_33)           1.70e-04 373.7420-373.7421
                                                                  0.000    0.000
    bb_hl_3 (s_bitbrick_4)            2.36e-04 19191.5197-19191.5198
                                                                  0.000    0.000
      FA_p2 (full_adder_21)           1.55e-04 223.2441-223.2442
                                                                  0.000    0.000
      HA_p1 (half_adder_14)           1.10e-04 19191.4744-19191.4745
                                                                  0.000    0.000
      HA_p2 (half_adder_13)           1.06e-04 25.5702-25.5703    0.000    0.000
      FA_p3a (full_adder_19)          9.82e-05 18677.0305-18677.0306
                                                                  0.000    0.000
      FA_p3b (full_adder_20)          7.15e-05 29.0064-29.0065    0.000    0.000
    bb_hl_4 (s_bitbrick_2)            2.83e-04 19009.5172-19009.5173
                                                                  0.000    0.000
      FA_p2 (full_adder_9)            1.85e-04 17619.9959-17619.9960
                                                                  0.000    0.000
      HA_p1 (half_adder_6)            1.09e-04 19009.4749-19009.4750
                                                                  0.000    0.000
      HA_p2 (half_adder_5)            1.32e-04 27.3194-27.3195    0.000    0.000
      FA_p3a (full_adder_7)           1.40e-04 19221.3229-19221.3230
                                                                  0.000    0.000
      FA_p3b (full_adder_8)           9.20e-05 29.0075-29.0076    0.000    0.000
    add_416_2 (proposed_DW01_add_17)  4.20e-04 9232.3625-9232.3626
                                                                  0.000    0.000
    add_386_2 (proposed_DW01_add_13)  2.53e-04 18090.7519-18090.7520
                                                                  0.000    0.000
  add_84_aco (mac_engine_DW01_inc_1_DW01_inc_2)
                                      3.70e-04 648.4501-648.4502
                                                                  0.000    0.000
1
