Loading db file '/cad/tools/libraries/dwc_logic_in_gf22fdx_sc7p5t_116cpp_base_csc20l/GF22FDX_SC7P5T_116CPP_BASE_CSC20L_FDK_RELV02R80/model/timing/db/GF22FDX_SC7P5T_116CPP_BASE_CSC20L_TT_0P80V_0P00V_0P00V_0P00V_25C.db'
Information: Propagating switching activity (low effort zero delay simulation). (PWR-6)
Warning: Design has unannotated primary inputs. (PWR-414)
Warning: Design has unannotated sequential cell outputs. (PWR-415)
 
****************************************
Report : power
        -analysis_effort low
Design : mac_engine
Version: U-2022.12
Date   : Sun May 12 02:16:17 2024
****************************************


Library(s) Used:

    GF22FDX_SC7P5T_116CPP_BASE_CSC20L_TT_0P80V_0P00V_0P00V_0P00V_25C (File: /cad/tools/libraries/dwc_logic_in_gf22fdx_sc7p5t_116cpp_base_csc20l/GF22FDX_SC7P5T_116CPP_BASE_CSC20L_FDK_RELV02R80/model/timing/db/GF22FDX_SC7P5T_116CPP_BASE_CSC20L_TT_0P80V_0P00V_0P00V_0P00V_25C.db)


Operating Conditions: TT_0P80V_0P00V_0P00V_0P00V_25C   Library: GF22FDX_SC7P5T_116CPP_BASE_CSC20L_TT_0P80V_0P00V_0P00V_0P00V_25C
Wire Load Model Mode: top


Global Operating Voltage = 0.8  
Power-specific unit information :
    Voltage Units = 1V
    Capacitance Units = 1.000000ff
    Time Units = 1ps
    Dynamic Power Units = 1mW    (derived from V,C,T units)
    Leakage Power Units = 1uW


Attributes
----------
i - Including register clock pin internal power


  Cell Internal Power  = 124.9400 uW   (93%)
  Net Switching Power  =   9.7828 uW    (7%)
                         ---------
Total Dynamic Power    = 134.7229 uW  (100%)

Cell Leakage Power     =   1.2213 uW


                 Internal         Switching           Leakage            Total
Power Group      Power            Power               Power              Power   (   %    )  Attrs
--------------------------------------------------------------------------------------------------
io_pad             0.0000            0.0000            0.0000            0.0000  (   0.00%)
memory             0.0000            0.0000            0.0000            0.0000  (   0.00%)
black_box          0.0000            0.0000            0.0000            0.0000  (   0.00%)
clock_network      0.1097            0.0000            0.0000            0.1097  (  80.70%)  i
register       3.3010e-03        1.1458e-03            0.2838        4.7306e-03  (   3.48%)
sequential         0.0000            0.0000            0.0000            0.0000  (   0.00%)
combinational  1.1933e-02        8.6370e-03            0.9375        2.1507e-02  (  15.82%)
--------------------------------------------------------------------------------------------------
Total              0.1249 mW     9.7828e-03 mW         1.2213 uW         0.1359 mW
1
