****************************************
Report : Time Based Power
	-hierarchy
Design : mac_engine
Version: U-2022.12
Date   : Wed May 22 02:12:45 2024
****************************************



                                      Int      Switch   Leak     Total
Hierarchy                             Power    Power    Power    Power    %
----------------------------------------------------------------------------------
mac_engine                            2.55e-04 1.05e-04 1.17e-06 3.61e-04 100.0
  add_74 (mac_engine_DW01_inc_0)         0.000    0.000 1.72e-08 1.72e-08   0.0
  PFU1 (proposed)                     1.87e-04 9.80e-05 9.39e-07 2.86e-04  79.4
    bb_hh_1 (ss_bitbrick)             2.93e-07 6.86e-07 5.51e-09 9.84e-07   0.3
    bb_hh_2 (ns_bitbrick_4)           3.15e-06 1.44e-06 2.90e-08 4.62e-06   1.3
      HA_p1 (half_adder_24)           2.63e-07 1.48e-07 2.96e-09 4.14e-07   0.1
      FA_p3a (full_adder_34)          1.00e-06 1.54e-07 6.37e-09 1.16e-06   0.3
      HA_p2 (half_adder_23)           6.35e-07 2.87e-07 4.15e-09 9.26e-07   0.3
      FA_p3b (full_adder_35)          3.84e-07 5.48e-08 7.05e-09 4.46e-07   0.1
      FA_p2 (full_adder_36)           5.99e-07 2.31e-07 5.33e-09 8.35e-07   0.2
    bb_hh_3 (ns_bitbrick_2)           2.23e-06 1.04e-06 2.88e-08 3.30e-06   0.9
      HA_p1 (half_adder_16)           1.97e-07 1.12e-07 2.86e-09 3.12e-07   0.1
      FA_p3a (full_adder_22)          6.97e-07 1.08e-07 6.47e-09 8.12e-07   0.2
      HA_p2 (half_adder_15)           4.70e-07 2.09e-07 4.34e-09 6.84e-07   0.2
      FA_p3b (full_adder_23)          2.62e-07 3.74e-08 7.10e-09 3.07e-07   0.1
      FA_p2 (full_adder_24)           4.05e-07 1.56e-07 5.08e-09 5.66e-07   0.2
    bb_hh_4 (s_bitbrick_3)            2.26e-06 1.61e-06 3.44e-08 3.90e-06   1.1
      FA_p2 (full_adder_12)           5.56e-07 2.16e-07 5.29e-09 7.77e-07   0.2
      HA_p1 (half_adder_8)            2.78e-07 1.63e-07 2.92e-09 4.43e-07   0.1
      HA_p2 (half_adder_7)            3.11e-07 1.53e-07 4.27e-09 4.69e-07   0.1
      FA_p3a (full_adder_10)          6.05e-07 1.19e-07 6.91e-09 7.31e-07   0.2
      FA_p3b (full_adder_11)          1.91e-07 8.56e-08 7.40e-09 2.84e-07   0.1
    bb_lh_1 (ns_bitbrick_5)           2.22e-06 1.24e-06 2.87e-08 3.49e-06   1.0
      HA_p1 (half_adder_28)           2.05e-07 1.15e-07 2.86e-09 3.24e-07   0.1
      FA_p3a (full_adder_40)          6.54e-07 3.15e-07 6.47e-09 9.75e-07   0.3
      HA_p2 (half_adder_27)           4.69e-07 2.07e-07 4.32e-09 6.81e-07   0.2
      FA_p3b (full_adder_41)          2.74e-07 3.90e-08 7.10e-09 3.20e-07   0.1
      FA_p2 (full_adder_42)           4.18e-07 1.61e-07 5.09e-09 5.84e-07   0.2
    bb_lh_2 (s_bitbrick_0)            2.25e-06 1.65e-06 3.38e-08 3.94e-06   1.1
      FA_p2 (full_adder_30)           5.38e-07 2.09e-07 5.30e-09 7.52e-07   0.2
      HA_p1 (half_adder_20)           3.53e-07 1.82e-07 2.92e-09 5.37e-07   0.1
      HA_p2 (half_adder_19)           3.05e-07 1.26e-07 4.27e-09 4.35e-07   0.1
      FA_p3a (full_adder_28)          5.29e-07 1.55e-07 6.33e-09 6.91e-07   0.2
      FA_p3b (full_adder_29)          1.91e-07 7.48e-08 7.41e-09 2.74e-07   0.1
    bb_lh_3 (ns_bitbrick_1)           1.94e-06 1.16e-06 2.57e-08 3.13e-06   0.9
      HA_p1 (half_adder_12)           2.01e-07 1.10e-07 2.88e-09 3.14e-07   0.1
      FA_p3a (full_adder_16)          6.51e-07 3.16e-07 6.47e-09 9.74e-07   0.3
      HA_p2 (half_adder_11)           3.50e-07 1.75e-07 3.88e-09 5.29e-07   0.1
      FA_p3b (full_adder_17)          2.04e-07 3.52e-08 5.23e-09 2.44e-07   0.1
      FA_p2 (full_adder_18)           3.46e-07 1.38e-07 4.40e-09 4.88e-07   0.1
    bb_lh_4 (s_bitbrick_1)            2.26e-06 1.66e-06 3.39e-08 3.95e-06   1.1
      FA_p2 (full_adder_6)            5.66e-07 2.15e-07 5.30e-09 7.86e-07   0.2
      HA_p1 (half_adder_4)            3.50e-07 1.78e-07 2.92e-09 5.31e-07   0.1
      HA_p2 (half_adder_3)            2.74e-07 1.31e-07 3.84e-09 4.09e-07   0.1
      FA_p3a (full_adder_4)           5.41e-07 1.78e-07 6.32e-09 7.26e-07   0.2
      FA_p3b (full_adder_5)           1.94e-07 7.59e-08 7.40e-09 2.77e-07   0.1
    add_0_root_add_0_root_add_456_3 (proposed_DW01_add_11)
                                      5.63e-06 1.61e-06 1.38e-08 7.26e-06   2.0
    add_546 (proposed_DW01_add_2)     1.91e-05 6.69e-06 3.69e-08 2.58e-05   7.2
    add_354_2 (proposed_DW01_add_7)   2.68e-06 4.13e-06 1.28e-08 6.83e-06   1.9
    add_553 (proposed_DW01_add_1)     1.13e-05 3.50e-06 2.35e-08 1.48e-05   4.1
    sign_ctrl (signbit_ctrl)          7.63e-12    0.000 2.65e-09 2.66e-09   0.0
    add_563 (proposed_DW01_add_0)     9.28e-06 2.84e-06 2.06e-08 1.21e-05   3.4
    bb_hl_1 (ns_bitbrick_0)           3.09e-06 1.69e-06 2.91e-08 4.81e-06   1.3
      HA_p1 (half_adder_0)            2.75e-07 1.56e-07 2.99e-09 4.34e-07   0.1
      FA_p3a (full_adder_43)          9.16e-07 4.20e-07 6.36e-09 1.34e-06   0.4
      HA_p2 (half_adder_29)           5.83e-07 2.69e-07 4.12e-09 8.56e-07   0.2
      FA_p3b (full_adder_44)          4.09e-07 5.83e-08 7.03e-09 4.74e-07   0.1
      FA_p2 (full_adder_0)            6.35e-07 2.45e-07 5.41e-09 8.86e-07   0.2
    bb_hl_2 (ns_bitbrick_3)           2.57e-06 1.54e-06 2.79e-08 4.14e-06   1.1
      HA_p1 (half_adder_22)           2.65e-07 1.49e-07 2.96e-09 4.17e-07   0.1
      FA_p3a (full_adder_31)          7.97e-07 3.96e-07 6.37e-09 1.20e-06   0.3
      HA_p2 (half_adder_21)           4.66e-07 2.39e-07 3.74e-09 7.08e-07   0.2
      FA_p3b (full_adder_32)          3.80e-07 5.41e-08 7.05e-09 4.41e-07   0.1
      FA_p2 (full_adder_33)           4.16e-07 1.90e-07 4.72e-09 6.11e-07   0.2
    bb_hl_3 (s_bitbrick_4)            2.27e-06 1.61e-06 3.28e-08 3.92e-06   1.1
      FA_p2 (full_adder_21)           5.20e-07 2.11e-07 4.66e-09 7.36e-07   0.2
      HA_p1 (half_adder_14)           2.91e-07 1.50e-07 2.97e-09 4.44e-07   0.1
      HA_p2 (half_adder_13)           3.25e-07 1.39e-07 4.23e-09 4.68e-07   0.1
      FA_p3a (full_adder_19)          6.88e-07 1.76e-07 6.95e-09 8.71e-07   0.2
      FA_p3b (full_adder_20)          1.35e-07 9.42e-08 6.47e-09 2.36e-07   0.1
    bb_hl_4 (s_bitbrick_2)            2.30e-06 1.54e-06 3.39e-08 3.87e-06   1.1
      FA_p2 (full_adder_9)            5.50e-07 2.19e-07 5.30e-09 7.74e-07   0.2
      HA_p1 (half_adder_6)            2.82e-07 1.49e-07 2.92e-09 4.34e-07   0.1
      HA_p2 (half_adder_5)            3.40e-07 1.29e-07 4.76e-09 4.74e-07   0.1
      FA_p3a (full_adder_7)           6.45e-07 1.87e-07 6.91e-09 8.39e-07   0.2
      FA_p3b (full_adder_8)           1.96e-07 8.78e-08 6.48e-09 2.90e-07   0.1
    add_336_2 (proposed_DW01_add_5)   2.87e-06 4.02e-06 1.32e-08 6.91e-06   1.9
    bb_ll_1 (fs_bitbrick_0)           2.42e-06 1.69e-06 3.03e-08 4.15e-06   1.1
      FA_p2 (full_adder_39)           5.95e-07 2.32e-07 5.41e-09 8.32e-07   0.2
      HA_p1 (half_adder_26)           2.89e-07 2.75e-07 2.96e-09 5.67e-07   0.2
      HA_p2 (half_adder_25)           3.43e-07 1.08e-07 4.21e-09 4.56e-07   0.1
      FA_p3a (full_adder_37)          6.87e-07 1.77e-07 6.96e-09 8.71e-07   0.2
      FA_p3b (full_adder_38)          2.10e-07 9.42e-08 7.44e-09 3.12e-07   0.1
    bb_ll_2 (fs_bitbrick_3)           2.04e-06 1.52e-06 2.83e-08 3.60e-06   1.0
      FA_p2 (full_adder_27)           4.80e-07 2.01e-07 4.60e-09 6.85e-07   0.2
      HA_p1 (half_adder_18)           2.80e-07 2.64e-07 2.91e-09 5.47e-07   0.2
      HA_p2 (half_adder_17)           2.54e-07 9.12e-08 3.82e-09 3.49e-07   0.1
      FA_p3a (full_adder_25)          5.56e-07 1.63e-07 6.33e-09 7.26e-07   0.2
      FA_p3b (full_adder_26)          1.94e-07 7.58e-08 7.41e-09 2.77e-07   0.1
    bb_ll_3 (fs_bitbrick_2)           2.21e-06 1.61e-06 2.84e-08 3.85e-06   1.1
      FA_p2 (full_adder_15)           5.29e-07 2.24e-07 4.65e-09 7.58e-07   0.2
      HA_p1 (half_adder_10)           2.83e-07 2.67e-07 2.95e-09 5.53e-07   0.2
      HA_p2 (half_adder_9)            3.01e-07 1.08e-07 3.80e-09 4.13e-07   0.1
      FA_p3a (full_adder_13)          5.97e-07 1.77e-07 6.35e-09 7.80e-07   0.2
      FA_p3b (full_adder_14)          2.09e-07 8.18e-08 7.43e-09 2.98e-07   0.1
    bb_ll_4 (fs_bitbrick_1)           2.05e-06 1.40e-06 2.83e-08 3.49e-06   1.0
      FA_p2 (full_adder_3)            4.80e-07 2.01e-07 4.58e-09 6.86e-07   0.2
      HA_p1 (half_adder_2)            2.80e-07 1.77e-07 2.91e-09 4.60e-07   0.1
      HA_p2 (half_adder_1)            2.60e-07 9.34e-08 3.83e-09 3.57e-07   0.1
      FA_p3a (full_adder_1)           5.49e-07 1.62e-07 6.32e-09 7.18e-07   0.2
      FA_p3b (full_adder_2)           1.93e-07 7.54e-08 7.40e-09 2.75e-07   0.1
    add_433_2 (proposed_DW01_add_14)  9.88e-06 3.06e-06 2.51e-08 1.30e-05   3.6
    add_391_2 (proposed_DW01_add_9)   3.83e-06 3.84e-06 2.26e-08 7.69e-06   2.1
    add_375_2 (proposed_DW01_add_3)   2.26e-06 3.44e-06 1.25e-08 5.71e-06   1.6
    add_0_root_add_0_root_add_440_3 (proposed_DW01_add_16)
                                      7.52e-06 2.49e-06 2.05e-08 1.00e-05   2.8
  add_80_aco (mac_engine_DW01_inc_1_DW01_inc_2)
                                      7.73e-07 2.53e-07 1.44e-08 1.04e-06   0.3


                                      Peak     Peak            Glitch   X-tran
Hierarchy                             Power    Time            Power    Power
--------------------------------------------------------------------------------
mac_engine                            2.59e-02 9879.9183-9879.9184
                                                               3.11e-10    0.000
  add_74 (mac_engine_DW01_inc_0)      1.72e-08 14.0212-14.0213    0.000    0.000
  PFU1 (proposed)                     2.59e-02 9879.9183-9879.9184
                                                               3.11e-10    0.000
    bb_hh_1 (ss_bitbrick)             1.88e-04 18283.2070-18283.2071
                                                               1.19e-10    0.000
    bb_hh_2 (ns_bitbrick_4)           3.67e-04 270.4862-270.4863
                                                                  0.000    0.000
      HA_p1 (half_adder_24)           1.13e-04 19198.4650-19198.4651
                                                                  0.000    0.000
      FA_p3a (full_adder_34)          1.31e-04 55.3103-55.3104    0.000    0.000
      HA_p2 (half_adder_23)           1.16e-04 19209.0525-19209.0526
                                                                  0.000    0.000
      FA_p3b (full_adder_35)          8.32e-05 19130.2100-19130.2101
                                                                  0.000    0.000
      FA_p2 (full_adder_36)           1.89e-04 55.2351-55.2352    0.000    0.000
    bb_hh_3 (ns_bitbrick_2)           3.55e-04 18456.4946-18456.4947
                                                                  0.000    0.000
      HA_p1 (half_adder_16)           1.13e-04 18381.2210-18381.2211
                                                                  0.000    0.000
      FA_p3a (full_adder_22)          1.31e-04 67.5644-67.5645    0.000    0.000
      HA_p2 (half_adder_15)           1.16e-04 18747.0094-18747.0095
                                                                  0.000    0.000
      FA_p3b (full_adder_23)          8.17e-05 18377.7139-18377.7140
                                                                  0.000    0.000
      FA_p2 (full_adder_24)           2.04e-04 10777.4833-10777.4834
                                                                  0.000    0.000
    bb_hh_4 (s_bitbrick_3)            2.68e-04 281.0091-281.0092
                                                                  0.000    0.000
      FA_p2 (full_adder_12)           1.85e-04 17833.4847-17833.4848
                                                                  0.000    0.000
      HA_p1 (half_adder_8)            1.12e-04 19205.4727-19205.4728
                                                                  0.000    0.000
      HA_p2 (half_adder_7)            1.17e-04 25.5155-25.5156    0.000    0.000
      FA_p3a (full_adder_10)          1.03e-04 19090.0228-19090.0229
                                                                  0.000    0.000
      FA_p3b (full_adder_11)          9.20e-05 39.4994-39.4995    0.000    0.000
    bb_lh_1 (ns_bitbrick_5)           3.18e-04 19105.7386-19105.7387
                                                                  0.000    0.000
      HA_p1 (half_adder_28)           1.13e-04 18230.7360-18230.7361
                                                                  0.000    0.000
      FA_p3a (full_adder_40)          1.05e-04 20.2834-20.2835    0.000    0.000
      HA_p2 (half_adder_27)           1.16e-04 19153.0025-19153.0026
                                                                  0.000    0.000
      FA_p3b (full_adder_41)          8.03e-05 48.2139-48.2140    0.000    0.000
      FA_p2 (full_adder_42)           1.92e-04 9004.7491-9004.7492
                                                                  0.000    0.000
    bb_lh_2 (s_bitbrick_0)            2.84e-04 473.4745-473.4746
                                                                  0.000    0.000
      FA_p2 (full_adder_30)           1.88e-04 19152.9976-19152.9977
                                                                  0.000    0.000
      HA_p1 (half_adder_20)           1.11e-04 19205.4727-19205.4728
                                                                  0.000    0.000
      HA_p2 (half_adder_19)           1.15e-04 16.8282-16.8283    0.000    0.000
      FA_p3a (full_adder_28)          1.18e-04 709.8324-709.8325
                                                                  0.000    0.000
      FA_p3b (full_adder_29)          9.08e-05 18.4995-18.4996    0.000    0.000
    bb_lh_3 (ns_bitbrick_1)           3.12e-04 11284.9664-11284.9665
                                                                  0.000    0.000
      HA_p1 (half_adder_12)           1.05e-04 18757.4860-18757.4861
                                                                  0.000    0.000
      FA_p3a (full_adder_16)          1.21e-04 382.5466-382.5467
                                                                  0.000    0.000
      HA_p2 (half_adder_11)           9.90e-05 41.3057-41.3058    0.000    0.000
      FA_p3b (full_adder_17)          6.57e-05 77.9627-77.9628    0.000    0.000
      FA_p2 (full_adder_18)           1.59e-04 3600.7477-3600.7478
                                                                  0.000    0.000
    bb_lh_4 (s_bitbrick_1)            2.58e-04 18706.7719-18706.7720
                                                                  0.000    0.000
      FA_p2 (full_adder_6)            1.87e-04 18703.2469-18703.2470
                                                                  0.000    0.000
      HA_p1 (half_adder_4)            1.11e-04 19205.4723-19205.4724
                                                                  0.000    0.000
      HA_p2 (half_adder_3)            1.09e-04 16.8274-16.8275    0.000    0.000
      FA_p3a (full_adder_4)           1.20e-04 18.5557-18.5558    0.000    0.000
      FA_p3b (full_adder_5)           9.08e-05 18.4990-18.4991    0.000    0.000
    add_0_root_add_0_root_add_456_3 (proposed_DW01_add_11)
                                      3.18e-04 2398.7802-2398.7803
                                                                  0.000    0.000
    add_546 (proposed_DW01_add_2)     4.83e-04 5261.4616-5261.4617
                                                                  0.000    0.000
    add_354_2 (proposed_DW01_add_7)   3.47e-04 17684.8522-17684.8523
                                                                  0.000    0.000
    add_553 (proposed_DW01_add_1)     3.42e-04 3390.7334-3390.7335
                                                                  0.000    0.000
    sign_ctrl (signbit_ctrl)          2.55e-05 14.0000-14.0001    0.000    0.000
    add_563 (proposed_DW01_add_0)     2.79e-04 1256.0992-1256.0993
                                                                  0.000    0.000
    bb_hl_1 (ns_bitbrick_0)           3.35e-04 7562.7269-7562.7270
                                                                  0.000    0.000
      HA_p1 (half_adder_0)            1.13e-04 19095.2325-19095.2326
                                                                  0.000    0.000
      FA_p3a (full_adder_43)          1.19e-04 15569.0412-15569.0413
                                                                  0.000    0.000
      HA_p2 (half_adder_29)           1.16e-04 19249.3283-19249.3284
                                                                  0.000    0.000
      FA_p3b (full_adder_44)          8.12e-05 19219.4611-19219.4612
                                                                  0.000    0.000
      FA_p2 (full_adder_0)            2.04e-04 15073.7450-15073.7451
                                                                  0.000    0.000
    bb_hl_2 (ns_bitbrick_3)           3.12e-04 3301.4798-3301.4799
                                                                  0.000    0.000
      HA_p1 (half_adder_22)           1.05e-04 19131.9806-19131.9807
                                                                  0.000    0.000
      FA_p3a (full_adder_31)          1.20e-04 540.0416-540.0417
                                                                  0.000    0.000
      HA_p2 (half_adder_21)           1.09e-04 19090.0830-19090.0831
                                                                  0.000    0.000
      FA_p3b (full_adder_32)          7.55e-05 18794.2382-18794.2383
                                                                  0.000    0.000
      FA_p2 (full_adder_33)           1.70e-04 18277.9914-18277.9915
                                                                  0.000    0.000
    bb_hl_3 (s_bitbrick_4)            2.36e-04 18747.0193-18747.0194
                                                                  0.000    0.000
      FA_p2 (full_adder_21)           1.55e-04 25.4941-25.4942    0.000    0.000
      HA_p1 (half_adder_14)           1.10e-04 19184.4744-19184.4745
                                                                  0.000    0.000
      HA_p2 (half_adder_13)           1.06e-04 27.3213-27.3214    0.000    0.000
      FA_p3a (full_adder_19)          9.82e-05 19237.0414-19237.0415
                                                                  0.000    0.000
      FA_p3b (full_adder_20)          7.15e-05 25.5193-25.5194    0.000    0.000
    bb_hl_4 (s_bitbrick_2)            2.64e-04 18757.4953-18757.4954
                                                                  0.000    0.000
      FA_p2 (full_adder_9)            1.88e-04 17138.7453-17138.7454
                                                                  0.000    0.000
      HA_p1 (half_adder_6)            1.09e-04 19256.2243-19256.2244
                                                                  0.000    0.000
      HA_p2 (half_adder_5)            1.32e-04 23.8228-23.8229    0.000    0.000
      FA_p3a (full_adder_7)           1.40e-04 19202.0681-19202.0682
                                                                  0.000    0.000
      FA_p3b (full_adder_8)           9.20e-05 25.5104-25.5105    0.000    0.000
    add_336_2 (proposed_DW01_add_5)   3.32e-04 7487.5997-7487.5998
                                                                  0.000    0.000
    bb_ll_1 (fs_bitbrick_0)           3.14e-04 18960.5255-18960.5256
                                                                  0.000    0.000
      FA_p2 (full_adder_39)           1.82e-04 18960.5048-18960.5049
                                                                  0.000    0.000
      HA_p1 (half_adder_26)           1.13e-04 19098.7399-19098.7400
                                                                  0.000    0.000
      HA_p2 (half_adder_25)           1.13e-04 30.8284-30.8285    0.000    0.000
      FA_p3a (full_adder_37)          1.03e-04 19147.7944-19147.7945
                                                                  0.000    0.000
      FA_p3b (full_adder_38)          9.18e-05 32.5210-32.5211    0.000    0.000
    bb_ll_2 (fs_bitbrick_3)           2.68e-04 1383.4860-1383.4861
                                                                  0.000    0.000
      FA_p2 (full_adder_27)           1.00e-04 32.4860-32.4861    0.000    0.000
      HA_p1 (half_adder_18)           1.12e-04 19131.9849-19131.9850
                                                                  0.000    0.000
      HA_p2 (half_adder_17)           9.69e-05 30.8277-30.8278    0.000    0.000
      FA_p3a (full_adder_25)          9.14e-05 32.5519-32.5520    0.000    0.000
      FA_p3b (full_adder_26)          9.07e-05 46.5117-46.5118    0.000    0.000
    bb_ll_3 (fs_bitbrick_2)           2.94e-04 296.7779-296.7780
                                                                  0.000    0.000
      FA_p2 (full_adder_15)           1.50e-04 151.5052-151.5053
                                                                  0.000    0.000
      HA_p1 (half_adder_10)           1.12e-04 19186.2346-19186.2347
                                                                  0.000    0.000
      HA_p2 (half_adder_9)            9.69e-05 32.5279-32.5280    0.000    0.000
      FA_p3a (full_adder_13)          9.14e-05 34.3091-34.3092    0.000    0.000
      FA_p3b (full_adder_14)          9.07e-05 65.7728-65.7729    0.000    0.000
    bb_ll_4 (fs_bitbrick_1)           2.53e-04 434.9862-434.9863
                                                                  0.000    0.000
      FA_p2 (full_adder_3)            1.52e-04 1740.5050-1740.5051
                                                                  0.000    0.000
      HA_p1 (half_adder_2)            1.07e-04 19254.4845-19254.4846
                                                                  0.000    0.000
      HA_p2 (half_adder_1)            9.69e-05 30.8283-30.8284    0.000    0.000
      FA_p3a (full_adder_1)           9.14e-05 32.5522-32.5523    0.000    0.000
      FA_p3b (full_adder_2)           9.08e-05 44.7711-44.7712    0.000    0.000
    add_433_2 (proposed_DW01_add_14)  3.65e-04 2867.7500-2867.7501
                                                                  0.000    0.000
    add_391_2 (proposed_DW01_add_9)   4.55e-04 12184.6715-12184.6716
                                                               1.39e-10    0.000
    add_375_2 (proposed_DW01_add_3)   3.13e-04 16897.3815-16897.3816
                                                                  0.000    0.000
    add_0_root_add_0_root_add_440_3 (proposed_DW01_add_16)
                                      2.86e-04 7484.2200-7484.2201
                                                                  0.000    0.000
  add_80_aco (mac_engine_DW01_inc_1_DW01_inc_2)
                                      3.70e-04 263.4501-263.4502
                                                                  0.000    0.000
1
