Loading db file '/cad/tools/libraries/dwc_logic_in_gf22fdx_sc7p5t_116cpp_base_csc20l/GF22FDX_SC7P5T_116CPP_BASE_CSC20L_FDK_RELV02R80/model/timing/db/GF22FDX_SC7P5T_116CPP_BASE_CSC20L_TT_0P80V_0P00V_0P00V_0P00V_25C.db'
Information: Propagating switching activity (low effort zero delay simulation). (PWR-6)
Warning: Design has unannotated primary inputs. (PWR-414)
Warning: Design has unannotated sequential cell outputs. (PWR-415)
 
****************************************
Report : power
        -analysis_effort low
Design : mac_engine
Version: U-2022.12
Date   : Fri May 10 14:06:09 2024
****************************************


Library(s) Used:

    GF22FDX_SC7P5T_116CPP_BASE_CSC20L_TT_0P80V_0P00V_0P00V_0P00V_25C (File: /cad/tools/libraries/dwc_logic_in_gf22fdx_sc7p5t_116cpp_base_csc20l/GF22FDX_SC7P5T_116CPP_BASE_CSC20L_FDK_RELV02R80/model/timing/db/GF22FDX_SC7P5T_116CPP_BASE_CSC20L_TT_0P80V_0P00V_0P00V_0P00V_25C.db)


Operating Conditions: TT_0P80V_0P00V_0P00V_0P00V_25C   Library: GF22FDX_SC7P5T_116CPP_BASE_CSC20L_TT_0P80V_0P00V_0P00V_0P00V_25C
Wire Load Model Mode: top


Global Operating Voltage = 0.8  
Power-specific unit information :
    Voltage Units = 1V
    Capacitance Units = 1.000000ff
    Time Units = 1ps
    Dynamic Power Units = 1mW    (derived from V,C,T units)
    Leakage Power Units = 1uW


Attributes
----------
i - Including register clock pin internal power


  Cell Internal Power  =  94.2223 uW   (90%)
  Net Switching Power  =  10.8294 uW   (10%)
                         ---------
Total Dynamic Power    = 105.0517 uW  (100%)

Cell Leakage Power     =   1.0806 uW


                 Internal         Switching           Leakage            Total
Power Group      Power            Power               Power              Power   (   %    )  Attrs
--------------------------------------------------------------------------------------------------
io_pad             0.0000            0.0000            0.0000            0.0000  (   0.00%)
memory             0.0000            0.0000            0.0000            0.0000  (   0.00%)
black_box          0.0000            0.0000            0.0000            0.0000  (   0.00%)
clock_network  7.6980e-02            0.0000            0.0000        7.6980e-02  (  72.53%)  i
register       3.1701e-03        8.7171e-04            0.1989        4.2407e-03  (   4.00%)
sequential         0.0000            0.0000            0.0000            0.0000  (   0.00%)
combinational  1.4072e-02        9.9577e-03            0.8817        2.4911e-02  (  23.47%)
--------------------------------------------------------------------------------------------------
Total          9.4222e-02 mW     1.0829e-02 mW         1.0806 uW         0.1061 mW
1
