Initializing gui preferences from file  /home/kpelayo/.synopsys_dc_gui/preferences.tcl
set search_path "$search_path mapped lib cons rtl"
. /cad/tools/synopsys/syn/U-2022.12/libraries/syn /cad/tools/synopsys/syn/U-2022.12/dw/syn_ver /cad/tools/synopsys/syn/U-2022.12/dw/sim_ver mapped lib cons rtl
set target_library /cad/tools/libraries/dwc_logic_in_gf22fdx_sc7p5t_116cpp_base_csc20l/GF22FDX_SC7P5T_116CPP_BASE_CSC20L_FDK_RELV02R80/model/timing/db/GF22FDX_SC7P5T_116CPP_BASE_CSC20L_TT_0P80V_0P00V_0P00V_0P00V_25C.db
/cad/tools/libraries/dwc_logic_in_gf22fdx_sc7p5t_116cpp_base_csc20l/GF22FDX_SC7P5T_116CPP_BASE_CSC20L_FDK_RELV02R80/model/timing/db/GF22FDX_SC7P5T_116CPP_BASE_CSC20L_TT_0P80V_0P00V_0P00V_0P00V_25C.db
set link_library "* $target_library"
* /cad/tools/libraries/dwc_logic_in_gf22fdx_sc7p5t_116cpp_base_csc20l/GF22FDX_SC7P5T_116CPP_BASE_CSC20L_FDK_RELV02R80/model/timing/db/GF22FDX_SC7P5T_116CPP_BASE_CSC20L_TT_0P80V_0P00V_0P00V_0P00V_25C.db
read_verilog fusion_unit.v
Loading db file '/cad/tools/libraries/dwc_logic_in_gf22fdx_sc7p5t_116cpp_base_csc20l/GF22FDX_SC7P5T_116CPP_BASE_CSC20L_FDK_RELV02R80/model/timing/db/GF22FDX_SC7P5T_116CPP_BASE_CSC20L_TT_0P80V_0P00V_0P00V_0P00V_25C.db'
Loading db file '/cad/tools/synopsys/syn/U-2022.12/libraries/syn/gtech.db'
Loading db file '/cad/tools/synopsys/syn/U-2022.12/libraries/syn/standard.sldb'
  Loading link library 'GF22FDX_SC7P5T_116CPP_BASE_CSC20L_TT_0P80V_0P00V_0P00V_0P00V_25C'
  Loading link library 'gtech'
Loading verilog file '/home/kpelayo/Documents/Pelayo_196_199/fusion/rtl/fusion_unit.v'
Detecting input file type automatically (-rtl or -netlist).
Reading with Presto HDL Compiler (equivalent to -rtl option).
Running PRESTO HDLC
Compiling source file /home/kpelayo/Documents/Pelayo_196_199/fusion/rtl/fusion_unit.v

Statistics for case statements in always block at line 101 in file
        '/home/kpelayo/Documents/Pelayo_196_199/fusion/rtl/fusion_unit.v'
===============================================
|           Line           |  full/ parallel  |
===============================================
|           102            |    auto/auto     |
===============================================

Statistics for case statements in always block at line 121 in file
        '/home/kpelayo/Documents/Pelayo_196_199/fusion/rtl/fusion_unit.v'
===============================================
|           Line           |  full/ parallel  |
===============================================
|           122            |    auto/auto     |
===============================================

Statistics for case statements in always block at line 267 in file
        '/home/kpelayo/Documents/Pelayo_196_199/fusion/rtl/fusion_unit.v'
===============================================
|           Line           |  full/ parallel  |
===============================================
|           268            |    auto/auto     |
===============================================

Statistics for case statements in always block at line 442 in file
        '/home/kpelayo/Documents/Pelayo_196_199/fusion/rtl/fusion_unit.v'
===============================================
|           Line           |  full/ parallel  |
===============================================
|           453            |    auto/auto     |
===============================================

Inferred memory devices in process
        in routine fusion_unit line 378 in file
                '/home/kpelayo/Documents/Pelayo_196_199/fusion/rtl/fusion_unit.v'.
===============================================================================
|    Register Name    |   Type    | Width | Bus | MB | AR | AS | SR | SS | ST |
===============================================================================
|   mode_buffer_reg   | Flip-flop |   4   |  Y  | N  | N  | N  | N  | N  | N  |
===============================================================================

Inferred memory devices in process
        in routine fusion_unit line 442 in file
                '/home/kpelayo/Documents/Pelayo_196_199/fusion/rtl/fusion_unit.v'.
===============================================================================
|    Register Name    |   Type    | Width | Bus | MB | AR | AS | SR | SS | ST |
===============================================================================
|       sum_reg       | Flip-flop |  20   |  Y  | N  | N  | N  | N  | N  | N  |
===============================================================================
Presto compilation completed successfully.
Current design is now '/home/kpelayo/Documents/Pelayo_196_199/fusion/rtl/full_adder.db:full_adder'
Loaded 5 designs.
Current design is 'full_adder'.
full_adder half_adder bitbrick signbit_ctrl fusion_unit
read_verilog mac_engine.v
Loading verilog file '/home/kpelayo/Documents/Pelayo_196_199/fusion/rtl/mac_engine.v'
Detecting input file type automatically (-rtl or -netlist).
Reading with Presto HDL Compiler (equivalent to -rtl option).
Running PRESTO HDLC
Compiling source file /home/kpelayo/Documents/Pelayo_196_199/fusion/rtl/mac_engine.v

Statistics for case statements in always block at line 58 in file
        '/home/kpelayo/Documents/Pelayo_196_199/fusion/rtl/mac_engine.v'
===============================================
|           Line           |  full/ parallel  |
===============================================
|            64            |     no/auto      |
===============================================

Inferred memory devices in process
        in routine mac_engine line 58 in file
                '/home/kpelayo/Documents/Pelayo_196_199/fusion/rtl/mac_engine.v'.
===============================================================================
|    Register Name    |   Type    | Width | Bus | MB | AR | AS | SR | SS | ST |
===============================================================================
|      valid_reg      | Flip-flop |   1   |  N  | N  | N  | N  | N  | N  | N  |
|      state_reg      | Flip-flop |   3   |  Y  | N  | N  | N  | N  | N  | N  |
|       ctr_reg       | Flip-flop |   8   |  Y  | N  | N  | N  | N  | N  | N  |
===============================================================================

Inferred memory devices in process
        in routine mac_engine line 101 in file
                '/home/kpelayo/Documents/Pelayo_196_199/fusion/rtl/mac_engine.v'.
===============================================================================
|    Register Name    |   Type    | Width | Bus | MB | AR | AS | SR | SS | ST |
===============================================================================
|      WBUF_reg       | Flip-flop |  16   |  Y  | N  | N  | N  | N  | N  | N  |
|      IBUF_reg       | Flip-flop |  16   |  Y  | N  | N  | N  | N  | N  | N  |
===============================================================================
Presto compilation completed successfully.
Current design is now '/home/kpelayo/Documents/Pelayo_196_199/fusion/rtl/mac_engine.db:mac_engine'
Loaded 1 design.
Current design is 'mac_engine'.
mac_engine
current_design mac_engine
Current design is 'mac_engine'.
{mac_engine}
link

  Linking design 'mac_engine'
  Using the following designs and libraries:
  --------------------------------------------------------------------------
  * (6 designs)               /home/kpelayo/Documents/Pelayo_196_199/fusion/rtl/mac_engine.db, etc
  GF22FDX_SC7P5T_116CPP_BASE_CSC20L_TT_0P80V_0P00V_0P00V_0P00V_25C (library) /cad/tools/libraries/dwc_logic_in_gf22fdx_sc7p5t_116cpp_base_csc20l/GF22FDX_SC7P5T_116CPP_BASE_CSC20L_FDK_RELV02R80/model/timing/db/GF22FDX_SC7P5T_116CPP_BASE_CSC20L_TT_0P80V_0P00V_0P00V_0P00V_25C.db

1
check_design > logs/check_design.log
source timing.sdc
1
compile
Information: Evaluating DesignWare library utilization. (UISN-27)

============================================================================
| DesignWare Building Block Library  |         Version         | Available |
============================================================================
| Basic DW Building Blocks           | U-2022.12-DWBB_202212.0 |     *     |
| Licensed DW Building Blocks        |                         |           |
============================================================================

====================================================================================================
| Flow Information                                                                                 |
----------------------------------------------------------------------------------------------------
| Flow         | Design Compiler                                                                   |
====================================================================================================
| Design Information                                      | Value                                  |
====================================================================================================
| Number of Scenarios                                     | 0                                      |
| Leaf Cell Count                                         | 1244                                   |
| Number of User Hierarchies                              | 114                                    |
| Sequential Cell Count                                   | 68                                     |
| Macro Count                                             | 0                                      |
| Number of Power Domains                                 | 0                                      |
| Number of Path Groups                                   | 2                                      |
| Number of VT Class                                      | 1                                      |
| Number of Clocks                                        | 1                                      |
| Number of Dont Touch Cells                              | 109                                    |
| Number of Dont Touch Nets                               | 0                                      |
| Number of Size Only Cells                               | 0                                      |
| Design with UPF Data                                    | false                                  |
====================================================================================================

Information: There are 31 potential problems in your design. Please run 'check_design' for more information. (LINT-99)



  Beginning Pass 1 Mapping
  ------------------------
  Processing 'full_adder_0'
  Processing 'half_adder_0'
  Processing 'bitbrick_0'
  Processing 'signbit_ctrl'
  Processing 'fusion_unit'
  Processing 'mac_engine'
Information: The register 'state_reg[2]' is a constant and will be removed. (OPT-1206)

  Updating timing information
Information: Updating design information... (UID-85)

  Beginning Implementation Selection
  ----------------------------------
  Processing 'mac_engine_DW01_cmp6_0_DW01_cmp6_1'
  Processing 'mac_engine_DW01_inc_0'
  Processing 'fusion_unit_DW01_add_0'
  Processing 'fusion_unit_DW01_add_1'
  Processing 'fusion_unit_DW01_add_2'
  Processing 'fusion_unit_DW01_add_3'
  Processing 'fusion_unit_DW01_add_4'
  Processing 'fusion_unit_DW01_add_5'
  Processing 'fusion_unit_DW01_add_6'
  Allocating blocks in 'DW02_mult_A_width8_B_width1'
  Building model 'DW01_MUX'
  Processing 'DW01_MUX'
  Building model 'DW01_mmux_width2'
  Processing 'DW01_mmux_width2'
  Building model 'DW01_mmux_width3'
  Processing 'DW01_mmux_width3'
  Building model 'DW01_mmux_width4'
  Processing 'DW01_mmux_width4'
  Building model 'DW01_mmux_width5'
  Processing 'DW01_mmux_width5'
  Allocating blocks in 'DW01_absval_width8'
  Building model 'DW01_NAND2'
  Processing 'DW01_NAND2'
  Building model 'DW01_inc_width8' (cla)
  Processing 'DW01_inc_width8'
  Building model 'DW01_absval_width8' (cla)
  Processing 'DW01_absval_width8'
  Allocating blocks in 'DW01_absval_width1'
  Building model 'DW01_inc_width1' (cla)
  Processing 'DW01_inc_width1'
  Building model 'DW01_absval_width1' (cla)
  Processing 'DW01_absval_width1'
  Building model 'DW01_inc_width9' (cla)
  Processing 'DW01_inc_width9'
  Building model 'DW02_mult_A_width8_B_width1' (csa)
  Processing 'DW02_mult_A_width8_B_width1'
  Building model 'DW01_inc_width8' (rpl)
  Processing 'DW01_inc_width8'
  Building model 'DW01_add_width8' (rpl)
  Processing 'DW01_add_width8'
  Building model 'DW01_add_width8' (cla)
  Processing 'DW01_add_width8'
  Building model 'DW01_add_width12' (rpl)
  Processing 'DW01_add_width12'
  Building model 'DW01_add_width12' (cla)
  Processing 'DW01_add_width12'
  Building model 'DW01_add_width10' (rpl)
  Processing 'DW01_add_width10'
  Building model 'DW01_add_width10' (cla)
  Processing 'DW01_add_width10'
  Building model 'DW01_add_width16' (rpl)
  Processing 'DW01_add_width16'
  Building model 'DW01_add_width16' (cla)
  Processing 'DW01_add_width16'
  Building model 'DW01_add_width14' (rpl)
  Processing 'DW01_add_width14'
  Building model 'DW01_add_width14' (cla)
  Processing 'DW01_add_width14'
  Processing 'mac_engine_DW01_inc_1_DW01_inc_2'
  Processing 'mac_engine_DW02_mult_0'
  Processing 'fusion_unit_DW01_add_7'
  Processing 'fusion_unit_DW01_add_8'
  Processing 'fusion_unit_DW01_add_9'
  Processing 'fusion_unit_DW01_add_10'
  Processing 'fusion_unit_DW01_add_11'
  Processing 'fusion_unit_DW01_add_12'
  Processing 'fusion_unit_DW01_add_13'
  Processing 'fusion_unit_DW01_add_14'
  Processing 'fusion_unit_DW01_add_15'
  Processing 'fusion_unit_DW01_add_16'
  Processing 'fusion_unit_DW01_add_17'
  Processing 'fusion_unit_DW01_add_18'
  Processing 'fusion_unit_DW01_add_19'
  Processing 'fusion_unit_DW01_add_20'
  Processing 'fusion_unit_DW01_add_21'
  Processing 'fusion_unit_DW01_add_22'
  Processing 'fusion_unit_DW01_add_23'
  Processing 'fusion_unit_DW01_add_24'
  Processing 'fusion_unit_DW01_add_25'
  Processing 'fusion_unit_DW01_add_26'
  Processing 'fusion_unit_DW01_add_27'
  Processing 'fusion_unit_DW01_add_28'
  Processing 'fusion_unit_DW01_add_29'
  Processing 'fusion_unit_DW01_add_30'
  Processing 'fusion_unit_DW01_add_31'
  Processing 'fusion_unit_DW01_add_32'
  Processing 'fusion_unit_DW01_add_33'
  Processing 'fusion_unit_DW01_add_34'
  Processing 'fusion_unit_DW01_add_35'
  Processing 'fusion_unit_DW01_add_36'
  Processing 'fusion_unit_DW01_add_37'
  Processing 'fusion_unit_DW01_add_38'
  Processing 'fusion_unit_DW01_add_39'
  Processing 'fusion_unit_DW01_add_40'
  Processing 'fusion_unit_DW01_add_41'
  Processing 'fusion_unit_DW01_add_42'
  Processing 'fusion_unit_DW01_add_43'
  Processing 'fusion_unit_DW01_add_44'
  Processing 'fusion_unit_DW01_add_45'
  Processing 'fusion_unit_DW01_add_46'
  Processing 'fusion_unit_DW01_add_47'
  Processing 'fusion_unit_DW01_add_48'
  Processing 'fusion_unit_DW01_add_49'
  Processing 'fusion_unit_DW01_add_50'
  Processing 'fusion_unit_DW01_add_51'
  Processing 'fusion_unit_DW01_add_52'
  Processing 'fusion_unit_DW01_add_53'
  Processing 'fusion_unit_DW01_add_54'
  Processing 'fusion_unit_DW01_add_55'
  Processing 'fusion_unit_DW01_add_56'
  Processing 'fusion_unit_DW01_add_57'
  Processing 'fusion_unit_DW01_add_58'
  Processing 'fusion_unit_DW01_add_59'
  Processing 'fusion_unit_DW01_add_60'
  Processing 'fusion_unit_DW01_add_61'
  Processing 'fusion_unit_DW01_add_62'
  Processing 'fusion_unit_DW01_add_63'
  Processing 'fusion_unit_DW01_add_64'
  Processing 'fusion_unit_DW01_add_65'
  Processing 'fusion_unit_DW01_add_66'
  Processing 'fusion_unit_DW01_add_67'
  Processing 'fusion_unit_DW01_add_68'
  Processing 'fusion_unit_DW01_add_69'
  Processing 'fusion_unit_DW01_add_70'
  Processing 'fusion_unit_DW01_add_71'
  Processing 'fusion_unit_DW01_add_72'
  Processing 'fusion_unit_DW01_add_73'
  Processing 'fusion_unit_DW01_add_74'
  Processing 'fusion_unit_DW01_add_75'
  Processing 'fusion_unit_DW01_add_76'
  Processing 'fusion_unit_DW01_add_77'
  Processing 'fusion_unit_DW01_add_78'
  Processing 'fusion_unit_DW01_add_79'
  Processing 'fusion_unit_DW01_add_80'
  Processing 'fusion_unit_DW01_add_81'
  Processing 'fusion_unit_DW01_add_82'
  Processing 'fusion_unit_DW01_add_83'
  Processing 'fusion_unit_DW01_add_84'
  Processing 'fusion_unit_DW01_add_85'
  Processing 'fusion_unit_DW01_add_86'
  Processing 'fusion_unit_DW01_add_87'
  Processing 'fusion_unit_DW01_add_88'
  Processing 'fusion_unit_DW01_add_89'
  Processing 'fusion_unit_DW01_add_90'
  Processing 'fusion_unit_DW01_add_91'
  Processing 'fusion_unit_DW01_add_92'
  Processing 'fusion_unit_DW01_add_93'
  Processing 'fusion_unit_DW01_add_94'
  Processing 'fusion_unit_DW01_add_95'
  Processing 'fusion_unit_DW01_add_96'
  Processing 'fusion_unit_DW01_add_97'
  Processing 'fusion_unit_DW01_add_98'
  Processing 'fusion_unit_DW01_add_99'
  Processing 'fusion_unit_DW01_add_100'
  Processing 'fusion_unit_DW01_add_101'
  Processing 'fusion_unit_DW01_add_102'
  Processing 'fusion_unit_DW01_add_103'

  Beginning Mapping Optimizations  (Medium effort)
  -------------------------------

                                  TOTAL                                      
   ELAPSED            WORST NEG   SETUP    DESIGN                            
    TIME      AREA      SLACK     COST    RULE COST         ENDPOINT         
  --------- --------- --------- --------- --------- -------------------------
    0:00:05    2100.7      0.00       0.0       0.0                          
    0:00:05    2100.7      0.00       0.0       0.0                          
    0:00:05    2100.7      0.00       0.0       0.0                          
    0:00:05    2100.7      0.00       0.0       0.0                          
    0:00:05    2100.7      0.00       0.0       0.0                          
    0:00:05    1624.7    221.45    1019.8       0.0                          
    0:00:05    1668.8    177.14     659.7       0.0                          
    0:00:06    1650.6     76.59     121.1       0.0                          
    0:00:06    1649.7      0.00       0.0       0.0                          
    0:00:06    1645.5      2.99       4.1       0.0                          
    0:00:06    1645.8      0.00       0.0       0.0                          
    0:00:06    1644.6     58.11      75.9       0.0                          
    0:00:06    1646.5     20.58      20.6       0.0                          
    0:00:06    1645.8      0.00       0.0       0.0                          
    0:00:06    1644.5     46.38     116.9       0.0                          
    0:00:06    1645.6      0.00       0.0       0.0                          
    0:00:06    1645.6      0.00       0.0       0.0                          
    0:00:06    1645.6      0.00       0.0       0.0                          
    0:00:06    1645.6      0.00       0.0       0.0                          
    0:00:06    1645.6      0.00       0.0       0.0                          
    0:00:06    1645.6      0.00       0.0       0.0                          
    0:00:06    1645.6      0.00       0.0       0.0                          



  Beginning Delay Optimization Phase
  ----------------------------------

                                  TOTAL                                      
   ELAPSED            WORST NEG   SETUP    DESIGN                            
    TIME      AREA      SLACK     COST    RULE COST         ENDPOINT         
  --------- --------- --------- --------- --------- -------------------------
    0:00:06    1645.6      0.00       0.0       0.0                          
    0:00:06    1645.6      0.00       0.0       0.0                          
    0:00:06    1645.6      0.00       0.0       0.0                          


  Beginning Area-Recovery Phase  (cleanup)
  -----------------------------

                                  TOTAL                                      
   ELAPSED            WORST NEG   SETUP    DESIGN                            
    TIME      AREA      SLACK     COST    RULE COST         ENDPOINT         
  --------- --------- --------- --------- --------- -------------------------
    0:00:06    1645.6      0.00       0.0       0.0                          
    0:00:06    1645.6      0.00       0.0       0.0                          
    0:00:06    1643.6      0.00       0.0       0.0                          
    0:00:06    1642.4      0.00       0.0       0.0                          
    0:00:06    1642.1      0.00       0.0       0.0                          
    0:00:06    1642.1      0.00       0.0       0.0                          
    0:00:06    1642.1      0.00       0.0       0.0                          
    0:00:06    1642.1      0.00       0.0       0.0                          
    0:00:06    1620.4     73.96     246.7       0.0                          
    0:00:06    1619.3     74.35     213.8       0.0                          
    0:00:06    1619.3     74.35     213.8       0.0                          
    0:00:06    1619.3     74.35     213.8       0.0                          
    0:00:06    1619.3     74.35     213.8       0.0                          
    0:00:06    1619.3     74.35     213.8       0.0                          
    0:00:06    1619.3     74.35     213.8       0.0                          
    0:00:06    1608.1      0.00       0.0       0.0                          
Loading db file '/cad/tools/libraries/dwc_logic_in_gf22fdx_sc7p5t_116cpp_base_csc20l/GF22FDX_SC7P5T_116CPP_BASE_CSC20L_FDK_RELV02R80/model/timing/db/GF22FDX_SC7P5T_116CPP_BASE_CSC20L_TT_0P80V_0P00V_0P00V_0P00V_25C.db'


Note: Symbol # after min delay cost means estimated hold TNS across all active scenarios 


  Optimization Complete
  ---------------------
1
report_constraint -all_violators > logs/constraint_report.log
report_area -hierarchy > logs/area_report.log
report_timing > logs/timing_report.log
report_power -hierarchy > logs/power_report.log
write_file -format verilog -hierarchy -output mapped/mac_engine_mapped.v
Writing verilog file '/home/kpelayo/Documents/Pelayo_196_199/fusion/mapped/mac_engine_mapped.v'.
Warning: Verilog 'assign' or 'tran' statements are written out. (VO-4)
1
write_file -format ddc -hierarchy -output mapped/mac_engine_mapped.ddc
Writing ddc file 'mapped/mac_engine_mapped.ddc'.
1
write_sdf mapped/mac_engine_mapped.sdf
Information: Annotated 'cell' delays are assumed to include load delay. (UID-282)
Information: Writing timing information to file '/home/kpelayo/Documents/Pelayo_196_199/fusion/mapped/mac_engine_mapped.sdf'. (WT-3)
1
write_sdc mapped/mac_engine_mapped.sdc
1
quit
Memory usage for this session 545 Mbytes.
Memory usage for this session including child processes 545 Mbytes.
CPU usage for this session 13 seconds ( 0.00 hours ).
Elapsed time for this session 15 seconds ( 0.00 hours ).

Thank you...

