****************************************
Report : Time Based Power
	-hierarchy
Design : mac_engine
Version: U-2022.12
Date   : Fri Apr  5 05:52:01 2024
****************************************



                                      Int      Switch   Leak     Total
Hierarchy                             Power    Power    Power    Power    %
----------------------------------------------------------------------------------
mac_engine                            5.60e-06 3.30e-06 2.66e-06 1.16e-05 100.0
  FU1 (fusion_unit)                   4.86e-06 3.24e-06 2.44e-06 1.05e-05  91.2
    add_3_root_add_0_root_add_301_15 (fusion_unit_DW01_add_65)
                                      4.08e-08 2.43e-08 1.89e-08 8.40e-08   0.7
    add_0_root_add_205_3 (fusion_unit_DW01_add_94)
                                      2.26e-08 4.79e-08 1.26e-08 8.32e-08   0.7
    add_440 (fusion_unit_DW01_add_2)  7.58e-08 2.44e-08 1.86e-08 1.19e-07   1.0
    add_0_root_add_0_root_add_215_3 (fusion_unit_DW01_add_10)
                                      2.13e-08 4.07e-08 1.27e-08 7.46e-08   0.6
    add_453 (fusion_unit_DW01_add_1)  1.01e-07 3.65e-08 2.72e-08 1.65e-07   1.4
    add_4_root_add_0_root_add_301_15 (fusion_unit_DW01_add_63)
                                      3.84e-08 2.15e-08 1.82e-08 7.81e-08   0.7
    add_459 (fusion_unit_DW01_add_0)  9.72e-08 3.34e-08 2.44e-08 1.55e-07   1.3
    sign_ctrl (signbit_ctrl)          1.80e-09 3.26e-09 1.96e-08 2.46e-08   0.2
    add_0_root_add_0_root_add_334_10 (fusion_unit_DW01_add_35)
                                      3.74e-08 2.35e-08 1.49e-08 7.59e-08   0.7
    add_0_root_add_0_root_add_292_15 (fusion_unit_DW01_add_76)
                                      6.98e-08 2.07e-08 1.84e-08 1.09e-07   0.9
    add_0_root_add_0_root_add_334_14 (fusion_unit_DW01_add_34)
                                      4.01e-08 2.45e-08 1.53e-08 7.99e-08   0.7
    add_0_root_add_0_root_add_334_15 (fusion_unit_DW01_add_31)
                                      9.31e-08 3.02e-08 2.20e-08 1.45e-07   1.3
    add_0_root_add_0_root_add_271_3 (fusion_unit_DW01_add_91)
                                      8.90e-08 2.93e-08 2.14e-08 1.40e-07   1.2
    add_5_root_add_0_root_add_282_15 (fusion_unit_DW01_add_19)
                                      3.45e-08 1.92e-08 1.66e-08 7.02e-08   0.6
    add_1_root_add_0_root_add_292_15 (fusion_unit_DW01_add_77)
                                      5.34e-08 3.17e-08 1.91e-08 1.04e-07   0.9
    add_1_root_add_0_root_add_334_15 (fusion_unit_DW01_add_33)
                                      8.06e-08 5.00e-08 2.23e-08 1.53e-07   1.3
    add_0_root_add_0_root_add_225_3 (fusion_unit_DW01_add_7)
                                      2.70e-08 5.10e-08 1.69e-08 9.49e-08   0.8
    add_6_root_add_0_root_add_282_15 (fusion_unit_DW01_add_22)
                                      1.67e-08 8.46e-09 1.51e-08 4.02e-08   0.3
    add_2_root_add_0_root_add_292_15 (fusion_unit_DW01_add_80)
                                      5.79e-08 3.17e-08 1.97e-08 1.09e-07   0.9
    add_0_root_add_0_root_add_324_3 (fusion_unit_DW01_add_52)
                                      3.21e-08 1.84e-08 1.55e-08 6.60e-08   0.6
    add_2_root_add_0_root_add_334_15 (fusion_unit_DW01_add_32)
                                      6.51e-08 3.84e-08 2.17e-08 1.25e-07   1.1
    add_0_root_add_0_root_add_324_6 (fusion_unit_DW01_add_51)
                                      3.71e-08 2.26e-08 1.53e-08 7.50e-08   0.6
    r502 (fusion_unit_DW01_add_4)     9.42e-08 3.07e-08 2.16e-08 1.47e-07   1.3
    add_3_root_add_0_root_add_292_15 (fusion_unit_DW01_add_79)
                                      4.32e-08 2.55e-08 1.92e-08 8.79e-08   0.8
    add_5_root_add_0_root_add_301_15 (fusion_unit_DW01_add_67)
                                      4.84e-08 2.83e-08 1.97e-08 9.64e-08   0.8
    add_4_root_add_0_root_add_292_15 (fusion_unit_DW01_add_78)
                                      3.98e-08 2.24e-08 1.92e-08 8.13e-08   0.7
    add_0_root_add_0_root_add_235_3 (fusion_unit_DW01_add_13)
                                      2.52e-08 4.88e-08 1.20e-08 8.60e-08   0.7
    bb_lh_1 (bitbrick_14)             2.93e-08 4.18e-08 3.47e-08 1.06e-07   0.9
      FA_p2 (full_adder_56)           6.65e-09 2.64e-09 5.07e-09 1.44e-08   0.1
      FA_p4 (full_adder_53)           3.90e-09 4.86e-09 5.44e-09 1.42e-08   0.1
      HA_p1 (half_adder_28)           1.63e-09 5.09e-09 2.75e-09 9.47e-09   0.1
      HA_p2 (half_adder_27)           5.69e-09 7.49e-09 4.71e-09 1.79e-08   0.2
      FA_p3a (full_adder_54)          5.88e-09 6.92e-09 6.01e-09 1.88e-08   0.2
      FA_p3b (full_adder_55)          3.25e-09 1.22e-09 6.15e-09 1.06e-08   0.1
    bb_lh_2 (bitbrick_10)             2.59e-08 4.38e-08 3.24e-08 1.02e-07   0.9
      FA_p2 (full_adder_40)           4.38e-09 1.76e-09 4.58e-09 1.07e-08   0.1
      FA_p4 (full_adder_37)           3.94e-09 5.31e-09 5.37e-09 1.46e-08   0.1
      HA_p1 (half_adder_20)           2.76e-09 7.62e-09 2.61e-09 1.30e-08   0.1
      HA_p2 (half_adder_19)           3.49e-09 5.71e-09 3.66e-09 1.29e-08   0.1
      FA_p3a (full_adder_38)          5.71e-09 6.37e-09 5.62e-09 1.77e-08   0.2
      FA_p3b (full_adder_39)          2.86e-09 1.29e-09 6.16e-09 1.03e-08   0.1
    bb_lh_3 (bitbrick_6)              1.91e-08 3.74e-08 3.38e-08 9.03e-08   0.8
      FA_p2 (full_adder_24)           2.49e-09 9.50e-10 5.23e-09 8.67e-09   0.1
      FA_p4 (full_adder_21)           3.62e-09 4.82e-09 5.46e-09 1.39e-08   0.1
      HA_p1 (half_adder_12)           1.78e-09 5.28e-09 2.68e-09 9.74e-09   0.1
      HA_p2 (half_adder_11)           1.54e-09 2.83e-09 3.78e-09 8.14e-09   0.1
      FA_p3a (full_adder_22)          3.89e-09 5.15e-09 6.03e-09 1.51e-08   0.1
      FA_p3b (full_adder_23)          3.30e-09 1.35e-09 6.15e-09 1.08e-08   0.1
    bb_lh_4 (bitbrick_2)              2.83e-08 3.83e-08 3.43e-08 1.01e-07   0.9
      FA_p2 (full_adder_8)            4.39e-09 1.86e-09 4.43e-09 1.07e-08   0.1
      FA_p4 (full_adder_5)            4.12e-09 5.67e-09 5.34e-09 1.51e-08   0.1
      HA_p1 (half_adder_4)            2.70e-09 7.62e-09 2.68e-09 1.30e-08   0.1
      HA_p2 (half_adder_3)            3.61e-09 6.30e-09 3.69e-09 1.36e-08   0.1
      FA_p3a (full_adder_6)           6.84e-09 6.90e-09 6.57e-09 2.03e-08   0.2
      FA_p3b (full_adder_7)           3.59e-09 1.40e-09 7.21e-09 1.22e-08   0.1
    add_6_root_add_0_root_add_301_15 (fusion_unit_DW01_add_64)
                                      3.17e-08 1.94e-08 1.82e-08 6.92e-08   0.6
    add_0_root_add_0_root_add_334_3 (fusion_unit_DW01_add_37)
                                      4.16e-08 2.44e-08 1.67e-08 8.28e-08   0.7
    add_0_root_add_0_root_add_334_6 (fusion_unit_DW01_add_36)
                                      2.50e-08 1.51e-08 1.52e-08 5.53e-08   0.5
    add_311_3 (fusion_unit_DW01_add_101)
                                      1.06e-07 3.83e-08 2.57e-08 1.70e-07   1.5
    bb_ll_1 (bitbrick_13)             3.46e-08 5.05e-08 3.35e-08 1.18e-07   1.0
      FA_p2 (full_adder_52)           7.44e-09 3.05e-09 5.03e-09 1.55e-08   0.1
      FA_p4 (full_adder_49)           4.27e-09 4.09e-09 5.27e-09 1.36e-08   0.1
      HA_p1 (half_adder_26)           4.29e-09 1.56e-08 2.88e-09 2.27e-08   0.2
      HA_p2 (half_adder_25)           4.39e-09 6.23e-09 3.36e-09 1.40e-08   0.1
      FA_p3a (full_adder_50)          6.95e-09 6.58e-09 5.74e-09 1.93e-08   0.2
      FA_p3b (full_adder_51)          3.52e-09 1.51e-09 6.27e-09 1.13e-08   0.1
    bb_ll_2 (bitbrick_9)              2.21e-08 3.68e-08 3.26e-08 9.15e-08   0.8
      FA_p2 (full_adder_36)           3.65e-09 1.47e-09 4.41e-09 9.53e-09   0.1
      FA_p4 (full_adder_33)           3.29e-09 4.20e-09 5.40e-09 1.29e-08   0.1
      HA_p1 (half_adder_18)           2.48e-09 1.14e-08 2.81e-09 1.67e-08   0.1
      HA_p2 (half_adder_17)           2.70e-09 3.65e-09 3.72e-09 1.01e-08   0.1
      FA_p3a (full_adder_34)          4.58e-09 4.97e-09 5.66e-09 1.52e-08   0.1
      FA_p3b (full_adder_35)          2.20e-09 9.29e-10 6.22e-09 9.35e-09   0.1
    add_0_root_add_0_root_add_324_10 (fusion_unit_DW01_add_50)
                                      4.99e-08 2.77e-08 1.64e-08 9.40e-08   0.8
    bb_ll_3 (bitbrick_5)              3.28e-08 4.58e-08 3.46e-08 1.13e-07   1.0
      FA_p2 (full_adder_20)           6.64e-09 2.79e-09 5.18e-09 1.46e-08   0.1
      FA_p4 (full_adder_17)           4.11e-09 4.12e-09 5.33e-09 1.36e-08   0.1
      HA_p1 (half_adder_10)           3.43e-09 1.17e-08 2.74e-09 1.79e-08   0.2
      HA_p2 (half_adder_9)            3.71e-09 5.14e-09 3.31e-09 1.22e-08   0.1
      FA_p3a (full_adder_18)          6.48e-09 6.58e-09 5.81e-09 1.89e-08   0.2
      FA_p3b (full_adder_19)          4.61e-09 1.77e-09 7.33e-09 1.37e-08   0.1
    bb_ll_4 (bitbrick_1)              2.47e-08 3.76e-08 3.28e-08 9.50e-08   0.8
      FA_p2 (full_adder_4)            4.94e-09 1.96e-09 4.49e-09 1.14e-08   0.1
      FA_p4 (full_adder_1)            3.31e-09 3.94e-09 5.46e-09 1.27e-08   0.1
      HA_p1 (half_adder_2)            2.11e-09 7.31e-09 2.81e-09 1.22e-08   0.1
      HA_p2 (half_adder_1)            3.25e-09 4.44e-09 3.80e-09 1.15e-08   0.1
      FA_p3a (full_adder_2)           5.47e-09 6.05e-09 5.68e-09 1.72e-08   0.1
      FA_p3b (full_adder_3)           2.26e-09 9.71e-10 6.25e-09 9.48e-09   0.1
    add_0_root_add_0_root_add_282_15 (fusion_unit_DW01_add_16)
                                      4.72e-08 1.35e-08 1.68e-08 7.75e-08   0.7
    add_0_root_add_0_root_add_324_14 (fusion_unit_DW01_add_49)
                                      3.68e-08 2.15e-08 1.63e-08 7.46e-08   0.6
    add_0_root_add_0_root_add_324_15 (fusion_unit_DW01_add_46)
                                      8.75e-08 2.88e-08 2.22e-08 1.38e-07   1.2
    bb_hh_1 (bitbrick_0)              1.24e-08 2.15e-08 3.72e-08 7.11e-08   0.6
      FA_p2 (full_adder_0)            2.12e-09 9.76e-10 4.83e-09 7.92e-09   0.1
      FA_p4 (full_adder_61)           1.79e-09 2.24e-09 6.57e-09 1.06e-08   0.1
      HA_p1 (half_adder_0)            8.61e-10 2.54e-09 2.69e-09 6.09e-09   0.1
      HA_p2 (half_adder_31)           1.60e-09 2.78e-09 4.35e-09 8.73e-09   0.1
      FA_p3a (full_adder_62)          2.57e-09 2.95e-09 6.66e-09 1.22e-08   0.1
      FA_p3b (full_adder_63)          1.17e-09 6.21e-10 7.09e-09 8.88e-09   0.1
    bb_hh_2 (bitbrick_12)             2.01e-08 2.81e-08 3.62e-08 8.44e-08   0.7
      FA_p2 (full_adder_48)           4.38e-09 1.86e-09 4.44e-09 1.07e-08   0.1
      FA_p4 (full_adder_45)           4.15e-09 4.63e-09 6.65e-09 1.54e-08   0.1
      HA_p1 (half_adder_24)              0.000    0.000 2.62e-09 2.62e-09   0.0
      HA_p2 (half_adder_23)           2.69e-09 5.56e-09 3.80e-09 1.21e-08   0.1
      FA_p3a (full_adder_46)          3.57e-09 2.69e-09 6.73e-09 1.30e-08   0.1
      FA_p3b (full_adder_47)          2.75e-09 1.15e-09 6.97e-09 1.09e-08   0.1
    bb_hh_3 (bitbrick_8)              1.72e-08 2.87e-08 3.53e-08 8.12e-08   0.7
      FA_p2 (full_adder_32)           2.54e-09 9.76e-10 5.14e-09 8.65e-09   0.1
      FA_p4 (full_adder_29)           1.93e-09 1.76e-09 5.74e-09 9.42e-09   0.1
      HA_p1 (half_adder_16)           2.64e-09 7.59e-09 2.75e-09 1.30e-08   0.1
      HA_p2 (half_adder_15)           2.21e-09 4.44e-09 4.36e-09 1.10e-08   0.1
      FA_p3a (full_adder_30)          2.31e-09 2.29e-09 6.18e-09 1.08e-08   0.1
      FA_p3b (full_adder_31)          2.42e-09 1.08e-09 5.90e-09 9.40e-09   0.1
    bb_hh_4 (bitbrick_4)              2.99e-08 6.84e-08 3.33e-08 1.32e-07   1.1
      FA_p2 (full_adder_16)           1.45e-09 5.68e-10 4.42e-09 6.44e-09   0.1
      FA_p4 (full_adder_13)           6.91e-09 7.70e-09 6.25e-09 2.09e-08   0.2
      HA_p1 (half_adder_8)            3.83e-09 1.01e-08 2.88e-09 1.69e-08   0.1
      HA_p2 (half_adder_7)            3.44e-09 8.13e-09 3.32e-09 1.49e-08   0.1
      FA_p3a (full_adder_14)          7.77e-09 9.13e-09 5.59e-09 2.25e-08   0.2
      FA_p3b (full_adder_15)          2.31e-09 1.05e-09 5.78e-09 9.14e-09   0.1
    add_1_root_add_0_root_add_282_15 (fusion_unit_DW01_add_17)
                                      3.68e-08 1.98e-08 1.63e-08 7.29e-08   0.6
    add_1_root_add_0_root_add_324_15 (fusion_unit_DW01_add_48)
                                      7.27e-08 4.47e-08 2.24e-08 1.40e-07   1.2
    add_317_3 (fusion_unit_DW01_add_98)
                                      1.05e-07 3.70e-08 2.56e-08 1.68e-07   1.5
    bb_hl_1 (bitbrick_15)             3.17e-08 5.57e-08 3.60e-08 1.23e-07   1.1
      FA_p2 (full_adder_60)           4.74e-09 2.05e-09 4.43e-09 1.12e-08   0.1
      FA_p4 (full_adder_57)           6.38e-09 8.05e-09 6.23e-09 2.07e-08   0.2
      HA_p1 (half_adder_30)           2.70e-09 7.62e-09 2.74e-09 1.31e-08   0.1
      HA_p2 (half_adder_29)           2.76e-09 3.70e-09 3.59e-09 1.00e-08   0.1
      FA_p3a (full_adder_58)          8.01e-09 8.96e-09 6.52e-09 2.35e-08   0.2
      FA_p3b (full_adder_59)          3.09e-09 1.05e-09 7.02e-09 1.12e-08   0.1
    bb_hl_2 (bitbrick_11)             2.18e-08 4.05e-08 3.39e-08 9.62e-08   0.8
      FA_p2 (full_adder_44)           4.38e-09 1.86e-09 4.30e-09 1.05e-08   0.1
      FA_p4 (full_adder_41)           3.57e-09 4.63e-09 5.52e-09 1.37e-08   0.1
      HA_p1 (half_adder_22)           7.72e-10 2.54e-09 2.68e-09 6.00e-09   0.1
      HA_p2 (half_adder_21)           2.19e-09 3.36e-09 3.83e-09 9.39e-09   0.1
      FA_p3a (full_adder_42)          4.49e-09 5.47e-09 5.61e-09 1.56e-08   0.1
      FA_p3b (full_adder_43)          3.09e-09 1.05e-09 7.07e-09 1.12e-08   0.1
    bb_hl_3 (bitbrick_7)              3.98e-08 6.16e-08 3.42e-08 1.36e-07   1.2
      FA_p2 (full_adder_28)           8.22e-09 3.31e-09 5.28e-09 1.68e-08   0.1
      FA_p4 (full_adder_25)           5.63e-09 5.84e-09 5.24e-09 1.67e-08   0.1
      HA_p1 (half_adder_14)           1.56e-09 3.25e-09 3.07e-09 7.88e-09   0.1
      HA_p2 (half_adder_13)           4.44e-09 7.36e-09 3.39e-09 1.52e-08   0.1
      FA_p3a (full_adder_26)          8.66e-09 8.74e-09 5.67e-09 2.31e-08   0.2
      FA_p3b (full_adder_27)          6.19e-09 2.78e-09 5.99e-09 1.50e-08   0.1
    bb_hl_4 (bitbrick_3)              3.87e-08 5.11e-08 3.43e-08 1.24e-07   1.1
      FA_p2 (full_adder_12)           6.02e-09 2.61e-09 4.69e-09 1.33e-08   0.1
      FA_p4 (full_adder_9)            5.30e-09 7.07e-09 5.33e-09 1.77e-08   0.2
      HA_p1 (half_adder_6)            3.41e-09 8.26e-09 2.87e-09 1.45e-08   0.1
      HA_p2 (half_adder_5)            4.25e-09 7.32e-09 3.69e-09 1.53e-08   0.1
      FA_p3a (full_adder_10)          8.66e-09 1.00e-08 5.61e-09 2.43e-08   0.2
      FA_p3b (full_adder_11)          6.32e-09 2.21e-09 7.12e-09 1.56e-08   0.1
    add_2_root_add_0_root_add_282_15 (fusion_unit_DW01_add_18)
                                      3.39e-08 1.69e-08 1.61e-08 6.69e-08   0.6
    add_2_root_add_0_root_add_324_15 (fusion_unit_DW01_add_47)
                                      6.66e-08 4.00e-08 2.23e-08 1.29e-07   1.1
    add_0_root_add_0_root_add_301_15 (fusion_unit_DW01_add_61)
                                      8.04e-08 2.60e-08 1.98e-08 1.26e-07   1.1
    add_3_root_add_0_root_add_282_15 (fusion_unit_DW01_add_28)
                                      3.28e-08 1.82e-08 1.61e-08 6.70e-08   0.6
    add_5_root_add_0_root_add_292_15 (fusion_unit_DW01_add_81)
                                      4.05e-08 2.46e-08 1.92e-08 8.43e-08   0.7
    add_0_root_add_0_root_add_276_3 (fusion_unit_DW01_add_95)
                                      6.31e-08 2.12e-08 1.80e-08 1.02e-07   0.9
    add_1_root_add_0_root_add_301_15 (fusion_unit_DW01_add_62)
                                      6.11e-08 3.63e-08 1.93e-08 1.17e-07   1.0
    add_4_root_add_0_root_add_282_15 (fusion_unit_DW01_add_25)
                                      1.96e-08 1.17e-08 1.52e-08 4.65e-08   0.4
    add_6_root_add_0_root_add_292_15 (fusion_unit_DW01_add_82)
                                      3.92e-08 2.45e-08 1.83e-08 8.20e-08   0.7
    add_2_root_add_0_root_add_301_15 (fusion_unit_DW01_add_66)
                                      5.47e-08 3.20e-08 1.93e-08 1.06e-07   0.9
    add_429 (fusion_unit_DW01_add_3)  1.16e-07 4.06e-08 5.23e-08 2.09e-07   1.8
  add_73 (mac_engine_DW01_inc_0)         0.000    0.000 1.39e-08 1.39e-08   0.1
  add_79_aco (mac_engine_DW01_inc_1_DW01_inc_2)
                                      6.74e-09 2.14e-09 1.25e-08 2.14e-08   0.2


                                      Peak     Peak            Glitch   X-tran
Hierarchy                             Power    Time            Power    Power
--------------------------------------------------------------------------------
mac_engine                            1.51e-02 6000.0000-6000.0001
                                                               2.28e-09    0.000
  FU1 (fusion_unit)                   7.11e-03 6450.0000-6450.0001
                                                               2.28e-09    0.000
    add_3_root_add_0_root_add_301_15 (fusion_unit_DW01_add_65)
                                      2.28e-04 9075.3558-9075.3559
                                                                  0.000    0.000
    add_0_root_add_205_3 (fusion_unit_DW01_add_94)
                                      2.19e-04 12825.2771-12825.2772
                                                                  0.000    0.000
    add_440 (fusion_unit_DW01_add_2)  1.88e-04 10425.0979-10425.0980
                                                                  0.000    0.000
    add_0_root_add_0_root_add_215_3 (fusion_unit_DW01_add_10)
                                      2.28e-04 14925.3028-14925.3029
                                                                  0.000    0.000
    add_453 (fusion_unit_DW01_add_1)  2.86e-04 7575.0979-7575.0980
                                                                  0.000    0.000
    add_4_root_add_0_root_add_301_15 (fusion_unit_DW01_add_63)
                                      2.30e-04 17475.3589-17475.3590
                                                                  0.000    0.000
    add_459 (fusion_unit_DW01_add_0)  2.40e-04 10425.1442-10425.1443
                                                                  0.000    0.000
    sign_ctrl (signbit_ctrl)          6.70e-04 1200.0000-1200.0001
                                                                  0.000    0.000
    add_0_root_add_0_root_add_334_10 (fusion_unit_DW01_add_35)
                                      2.70e-04 10425.4401-10425.4402
                                                                  0.000    0.000
    add_0_root_add_0_root_add_292_15 (fusion_unit_DW01_add_76)
                                      1.66e-04 2775.4465-2775.4466
                                                                  0.000    0.000
    add_0_root_add_0_root_add_334_14 (fusion_unit_DW01_add_34)
                                      2.30e-04 13575.3035-13575.3036
                                                                  0.000    0.000
    add_0_root_add_0_root_add_334_15 (fusion_unit_DW01_add_31)
                                      2.31e-04 17325.4718-17325.4719
                                                                  0.000    0.000
    add_0_root_add_0_root_add_271_3 (fusion_unit_DW01_add_91)
                                      2.47e-04 6075.4281-6075.4282
                                                                  0.000    0.000
    add_5_root_add_0_root_add_282_15 (fusion_unit_DW01_add_19)
                                      1.49e-04 16725.4264-16725.4265
                                                                  0.000    0.000
    add_1_root_add_0_root_add_292_15 (fusion_unit_DW01_add_77)
                                      1.96e-04 19875.4350-19875.4351
                                                                  0.000    0.000
    add_1_root_add_0_root_add_334_15 (fusion_unit_DW01_add_33)
                                      2.26e-04 9375.4685-9375.4686
                                                                  0.000    0.000
    add_0_root_add_0_root_add_225_3 (fusion_unit_DW01_add_7)
                                      2.27e-04 2025.2910-2025.2911
                                                                  0.000    0.000
    add_6_root_add_0_root_add_282_15 (fusion_unit_DW01_add_22)
                                      1.22e-04 17325.3961-17325.3962
                                                                  0.000    0.000
    add_2_root_add_0_root_add_292_15 (fusion_unit_DW01_add_80)
                                      2.09e-04 10875.4987-10875.4988
                                                                  0.000    0.000
    add_0_root_add_0_root_add_324_3 (fusion_unit_DW01_add_52)
                                      1.78e-04 17775.3062-17775.3063
                                                                  0.000    0.000
    add_2_root_add_0_root_add_334_15 (fusion_unit_DW01_add_32)
                                      2.33e-04 19275.3035-19275.3036
                                                                  0.000    0.000
    add_0_root_add_0_root_add_324_6 (fusion_unit_DW01_add_51)
                                      2.49e-04 9075.3547-9075.3548
                                                                  0.000    0.000
    r502 (fusion_unit_DW01_add_4)     2.31e-04 10425.0979-10425.0980
                                                                  0.000    0.000
    add_3_root_add_0_root_add_292_15 (fusion_unit_DW01_add_79)
                                      1.85e-04 8175.3950-8175.3951
                                                                  0.000    0.000
    add_5_root_add_0_root_add_301_15 (fusion_unit_DW01_add_67)
                                      2.20e-04 17175.4627-17175.4628
                                                                  0.000    0.000
    add_4_root_add_0_root_add_292_15 (fusion_unit_DW01_add_78)
                                      2.63e-04 17775.4197-17775.4198
                                                                  0.000    0.000
    add_0_root_add_0_root_add_235_3 (fusion_unit_DW01_add_13)
                                      2.92e-04 9825.3251-9825.3252
                                                                  0.000    0.000
    bb_lh_1 (bitbrick_14)             3.44e-04 2475.1169-2475.1170
                                                                  0.000    0.000
      FA_p2 (full_adder_56)           1.00e-04 2475.0882-2475.0883
                                                                  0.000    0.000
      FA_p4 (full_adder_53)           9.57e-05 18225.2341-18225.2342
                                                                  0.000    0.000
      HA_p1 (half_adder_28)           1.18e-04 1575.0864-1575.0865
                                                                  0.000    0.000
      HA_p2 (half_adder_27)           1.52e-04 18225.1674-18225.1675
                                                                  0.000    0.000
      FA_p3a (full_adder_54)          1.26e-04 1425.2103-1425.2104
                                                                  0.000    0.000
      FA_p3b (full_adder_55)          1.09e-04 10425.1261-10425.1262
                                                                  0.000    0.000
    bb_lh_2 (bitbrick_10)             2.72e-04 2775.1301-2775.1302
                                                               2.21e-09    0.000
      FA_p2 (full_adder_40)           9.98e-05 2175.0872-2175.0873
                                                                  0.000    0.000
      FA_p4 (full_adder_37)           9.54e-05 1725.1701-1725.1702
                                                                  0.000    0.000
      HA_p1 (half_adder_20)           9.34e-05 1875.0835-1875.0836
                                                                  0.000    0.000
      HA_p2 (half_adder_19)           1.10e-04 3975.1600-3975.1601
                                                                  0.000    0.000
      FA_p3a (full_adder_38)          9.93e-05 1725.1471-1725.1472
                                                                  0.000    0.000
      FA_p3b (full_adder_39)          9.66e-05 15375.1236-15375.1237
                                                                  0.000    0.000
    bb_lh_3 (bitbrick_6)              2.90e-04 4125.2134-4125.2135
                                                                  0.000    0.000
      FA_p2 (full_adder_24)           1.01e-04 2475.0875-2475.0876
                                                                  0.000    0.000
      FA_p4 (full_adder_21)           9.60e-05 3525.1634-3525.1635
                                                                  0.000    0.000
      HA_p1 (half_adder_12)           1.19e-04 1575.0864-1575.0865
                                                                  0.000    0.000
      HA_p2 (half_adder_11)           1.18e-04 2025.1623-2025.1624
                                                                  0.000    0.000
      FA_p3a (full_adder_22)          1.26e-04 2475.1533-2475.1534
                                                                  0.000    0.000
      FA_p3b (full_adder_23)          1.09e-04 4125.1269-4125.1270
                                                                  0.000    0.000
    bb_lh_4 (bitbrick_2)              2.46e-04 16725.1182-16725.1183
                                                                  0.000    0.000
      FA_p2 (full_adder_8)            1.01e-04 4275.0872-4275.0873
                                                                  0.000    0.000
      FA_p4 (full_adder_5)            9.57e-05 18675.2422-18675.2423
                                                                  0.000    0.000
      HA_p1 (half_adder_4)            1.19e-04 2025.0856-2025.0857
                                                                  0.000    0.000
      HA_p2 (half_adder_3)            1.10e-04 1875.1722-1875.1723
                                                                  0.000    0.000
      FA_p3a (full_adder_6)           1.28e-04 1425.1473-1425.1474
                                                                  0.000    0.000
      FA_p3b (full_adder_7)           1.31e-04 16725.1261-16725.1262
                                                                  0.000    0.000
    add_6_root_add_0_root_add_301_15 (fusion_unit_DW01_add_64)
                                      2.39e-04 12075.4413-12075.4414
                                                                  0.000    0.000
    add_0_root_add_0_root_add_334_3 (fusion_unit_DW01_add_37)
                                      2.89e-04 10125.4245-10125.4246
                                                                  0.000    0.000
    add_0_root_add_0_root_add_334_6 (fusion_unit_DW01_add_36)
                                      2.73e-04 17325.3867-17325.3868
                                                                  0.000    0.000
    add_311_3 (fusion_unit_DW01_add_101)
                                      2.23e-04 18975.5704-18975.5705
                                                                  0.000    0.000
    bb_ll_1 (bitbrick_13)             3.53e-04 2475.0879-2475.0880
                                                                  0.000    0.000
      FA_p2 (full_adder_52)           9.92e-05 1875.0875-1875.0876
                                                                  0.000    0.000
      FA_p4 (full_adder_49)           9.53e-05 9825.2364-9825.2365
                                                                  0.000    0.000
      HA_p1 (half_adder_26)           1.42e-04 2325.0859-2325.0860
                                                                  0.000    0.000
      HA_p2 (half_adder_25)           1.08e-04 1425.1668-1425.1669
                                                                  0.000    0.000
      FA_p3a (full_adder_50)          9.93e-05 8025.2087-8025.2088
                                                                  0.000    0.000
      FA_p3b (full_adder_51)          8.69e-05 8025.1257-8025.1258
                                                                  0.000    0.000
    bb_ll_2 (bitbrick_9)              3.50e-04 2025.0875-2025.0876
                                                                  0.000    0.000
      FA_p2 (full_adder_36)           9.94e-05 2025.0875-2025.0876
                                                                  0.000    0.000
      FA_p4 (full_adder_33)           9.60e-05 10575.1631-10575.1632
                                                                  0.000    0.000
      HA_p1 (half_adder_18)           1.07e-04 2025.0833-2025.0834
                                                                  0.000    0.000
      HA_p2 (half_adder_17)           1.08e-04 1425.1668-1425.1669
                                                                  0.000    0.000
      FA_p3a (full_adder_34)          1.05e-04 10725.1714-10725.1715
                                                                  0.000    0.000
      FA_p3b (full_adder_35)          8.70e-05 8475.1244-8475.1245
                                                                  0.000    0.000
    add_0_root_add_0_root_add_324_10 (fusion_unit_DW01_add_50)
                                      2.32e-04 18375.4276-18375.4277
                                                                  0.000    0.000
    bb_ll_3 (bitbrick_5)              3.51e-04 2625.0879-2625.0880
                                                                  0.000    0.000
      FA_p2 (full_adder_20)           1.00e-04 2625.0879-2625.0880
                                                                  0.000    0.000
      FA_p4 (full_adder_17)           8.99e-05 8325.1874-8325.1875
                                                                  0.000    0.000
      HA_p1 (half_adder_10)           1.42e-04 1575.0858-1575.0859
                                                                  0.000    0.000
      HA_p2 (half_adder_9)            1.08e-04 2025.1621-2025.1622
                                                                  0.000    0.000
      FA_p3a (full_adder_18)          9.97e-05 7725.2111-7725.2112
                                                                  0.000    0.000
      FA_p3b (full_adder_19)          1.31e-04 7725.1269-7725.1270
                                                                  0.000    0.000
    bb_ll_4 (bitbrick_1)              2.86e-04 2325.0949-2325.0950
                                                                  0.000    0.000
      FA_p2 (full_adder_4)            9.99e-05 2325.0872-2325.0873
                                                                  0.000    0.000
      FA_p4 (full_adder_1)            9.56e-05 1875.2350-1875.2351
                                                                  0.000    0.000
      HA_p1 (half_adder_2)            1.27e-04 2025.0864-2025.0865
                                                                  0.000    0.000
      HA_p2 (half_adder_1)            1.08e-04 1875.1653-1875.1654
                                                                  0.000    0.000
      FA_p3a (full_adder_2)           9.93e-05 1875.2120-1875.2121
                                                                  0.000    0.000
      FA_p3b (full_adder_3)           9.79e-05 10575.1237-10575.1238
                                                                  0.000    0.000
    add_0_root_add_0_root_add_282_15 (fusion_unit_DW01_add_16)
                                      1.59e-04 2775.4353-2775.4354
                                                                  0.000    0.000
    add_0_root_add_0_root_add_324_14 (fusion_unit_DW01_add_49)
                                      2.70e-04 16425.3805-16425.3806
                                                                  0.000    0.000
    add_0_root_add_0_root_add_324_15 (fusion_unit_DW01_add_46)
                                      2.14e-04 8175.4901-8175.4902
                                                                  0.000    0.000
    bb_hh_1 (bitbrick_0)              2.66e-04 4425.0882-4425.0883
                                                                  0.000    0.000
      FA_p2 (full_adder_0)            6.55e-05 2175.1331-2175.1332
                                                                  0.000    0.000
      FA_p4 (full_adder_61)           1.28e-04 2325.1784-2325.1785
                                                                  0.000    0.000
      HA_p1 (half_adder_0)            1.18e-04 2475.0864-2475.0865
                                                                  0.000    0.000
      HA_p2 (half_adder_31)           1.41e-04 2175.1632-2175.1633
                                                                  0.000    0.000
      FA_p3a (full_adder_62)          1.27e-04 2325.1545-2325.1546
                                                                  0.000    0.000
      FA_p3b (full_adder_63)          1.00e-04 10725.1178-10725.1179
                                                                  0.000    0.000
    bb_hh_2 (bitbrick_12)             2.84e-04 6075.2328-6075.2329
                                                                  0.000    0.000
      FA_p2 (full_adder_48)           1.00e-04 2025.0879-2025.0880
                                                                  0.000    0.000
      FA_p4 (full_adder_45)           1.28e-04 8325.1780-8325.1781
                                                                  0.000    0.000
      HA_p1 (half_adder_24)           2.62e-09  0.0000-0.0001     0.000    0.000
      HA_p2 (half_adder_23)           1.11e-04 1875.1621-1875.1622
                                                                  0.000    0.000
      FA_p3a (full_adder_46)          1.26e-04 6075.2090-6075.2091
                                                                  0.000    0.000
      FA_p3b (full_adder_47)          1.00e-04 14625.1212-14625.1213
                                                                  0.000    0.000
    bb_hh_3 (bitbrick_8)              3.49e-04 2475.0963-2475.0964
                                                                  0.000    0.000
      FA_p2 (full_adder_32)           1.00e-04 2475.0882-2475.0883
                                                                  0.000    0.000
      FA_p4 (full_adder_29)           9.40e-05 5625.1646-5625.1647
                                                                  0.000    0.000
      HA_p1 (half_adder_16)           1.18e-04 1575.0864-1575.0865
                                                                  0.000    0.000
      HA_p2 (half_adder_15)           1.41e-04 2175.1660-2175.1661
                                                                  0.000    0.000
      FA_p3a (full_adder_30)          9.43e-05 5775.2060-5775.2061
                                                                  0.000    0.000
      FA_p3b (full_adder_31)          9.97e-05 2475.1225-2475.1226
                                                                  0.000    0.000
    bb_hh_4 (bitbrick_4)              2.83e-04 16875.0872-16875.0873
                                                                  0.000    0.000
      FA_p2 (full_adder_16)           9.98e-05 6375.0872-6375.0873
                                                                  0.000    0.000
      FA_p4 (full_adder_13)           1.28e-04 17025.1744-17025.1745
                                                                  0.000    0.000
      HA_p1 (half_adder_8)            1.19e-04 18975.0861-18975.0862
                                                                  0.000    0.000
      HA_p2 (half_adder_7)            9.75e-05 6075.1595-6075.1596
                                                                  0.000    0.000
      FA_p3a (full_adder_14)          1.02e-04 14775.1742-14775.1743
                                                                  0.000    0.000
      FA_p3b (full_adder_15)          1.09e-04 13275.1236-13275.1237
                                                                  0.000    0.000
    add_1_root_add_0_root_add_282_15 (fusion_unit_DW01_add_17)
                                      1.51e-04 17175.4125-17175.4126
                                                                  0.000    0.000
    add_1_root_add_0_root_add_324_15 (fusion_unit_DW01_add_48)
                                      2.42e-04 17475.4167-17475.4168
                                                                  0.000    0.000
    add_317_3 (fusion_unit_DW01_add_98)
                                      2.89e-04 12975.5164-12975.5165
                                                                  0.000    0.000
    bb_hl_1 (bitbrick_15)             3.43e-04 3075.0882-3075.0883
                                                                  0.000    0.000
      FA_p2 (full_adder_60)           9.98e-05 3075.0882-3075.0883
                                                                  0.000    0.000
      FA_p4 (full_adder_57)           1.31e-04 16575.1712-16575.1713
                                                                  0.000    0.000
      HA_p1 (half_adder_30)           1.18e-04 8775.0859-8775.0860
                                                                  0.000    0.000
      HA_p2 (half_adder_29)           1.10e-04 1725.1653-1725.1654
                                                                  0.000    0.000
      FA_p3a (full_adder_58)          1.29e-04 1725.2122-1725.2123
                                                                  0.000    0.000
      FA_p3b (full_adder_59)          1.00e-04 19125.1178-19125.1179
                                                                  0.000    0.000
    bb_hl_2 (bitbrick_11)             3.43e-04 2025.0882-2025.0883
                                                                  0.000    0.000
      FA_p2 (full_adder_44)           9.98e-05 2025.0882-2025.0883
                                                                  0.000    0.000
      FA_p4 (full_adder_41)           9.53e-05 10125.2350-10125.2351
                                                                  0.000    0.000
      HA_p1 (half_adder_22)           9.34e-05 2025.0840-2025.0841
                                                                  0.000    0.000
      HA_p2 (half_adder_21)           1.10e-04 1725.1653-1725.1654
                                                                  0.000    0.000
      FA_p3a (full_adder_42)          9.93e-05 1725.2120-1725.2121
                                                                  0.000    0.000
      FA_p3b (full_adder_43)          1.00e-04 10725.1178-10725.1179
                                                                  0.000    0.000
    bb_hl_3 (bitbrick_7)              3.39e-04 3675.0964-3675.0965
                                                                  0.000    0.000
      FA_p2 (full_adder_28)           9.92e-05 1875.0875-1875.0876
                                                                  0.000    0.000
      FA_p4 (full_adder_25)           9.55e-05 18825.1631-18825.1632
                                                                  0.000    0.000
      HA_p1 (half_adder_14)           9.51e-05 10875.0838-10875.0839
                                                                  0.000    0.000
      HA_p2 (half_adder_13)           1.10e-04 1725.1621-1725.1622
                                                                  0.000    0.000
      FA_p3a (full_adder_26)          1.01e-04 5775.1386-5775.1387
                                                                  0.000    0.000
      FA_p3b (full_adder_27)          1.09e-04 11925.1257-11925.1258
                                                                  0.000    0.000
    bb_hl_4 (bitbrick_3)              3.40e-04 4125.0959-4125.0960
                                                                  0.000    0.000
      FA_p2 (full_adder_12)           9.98e-05 2325.0877-2325.0878
                                                                  0.000    0.000
      FA_p4 (full_adder_9)            9.53e-05 17325.1770-17325.1771
                                                                  0.000    0.000
      HA_p1 (half_adder_6)            9.41e-05 15075.0838-15075.0839
                                                                  0.000    0.000
      HA_p2 (half_adder_5)            1.10e-04 2175.1614-2175.1615
                                                                  0.000    0.000
      FA_p3a (full_adder_10)          1.10e-04 3675.1780-3675.1781
                                                                  0.000    0.000
      FA_p3b (full_adder_11)          1.21e-04 18525.1276-18525.1277
                                                                  0.000    0.000
    add_2_root_add_0_root_add_282_15 (fusion_unit_DW01_add_18)
                                      1.33e-04 2325.3455-2325.3456
                                                                  0.000    0.000
    add_2_root_add_0_root_add_324_15 (fusion_unit_DW01_add_47)
                                      2.35e-04 17475.4077-17475.4078
                                                                  0.000    0.000
    add_0_root_add_0_root_add_301_15 (fusion_unit_DW01_add_61)
                                      1.73e-04 10575.4625-10575.4626
                                                                  0.000    0.000
    add_3_root_add_0_root_add_282_15 (fusion_unit_DW01_add_28)
                                      1.62e-04 10275.4205-10275.4206
                                                                  0.000    0.000
    add_5_root_add_0_root_add_292_15 (fusion_unit_DW01_add_81)
                                      1.63e-04 16275.4268-16275.4269
                                                                  0.000    0.000
    add_0_root_add_0_root_add_276_3 (fusion_unit_DW01_add_95)
                                      1.74e-04 4875.3751-4875.3752
                                                                  0.000    0.000
    add_1_root_add_0_root_add_301_15 (fusion_unit_DW01_add_62)
                                      2.17e-04 12525.4228-12525.4229
                                                                  0.000    0.000
    add_4_root_add_0_root_add_282_15 (fusion_unit_DW01_add_25)
                                      1.52e-04 19875.4205-19875.4206
                                                                  0.000    0.000
    add_6_root_add_0_root_add_292_15 (fusion_unit_DW01_add_82)
                                      2.02e-04 18675.4422-18675.4423
                                                                  0.000    0.000
    add_2_root_add_0_root_add_301_15 (fusion_unit_DW01_add_66)
                                      1.68e-04 19875.5109-19875.5110
                                                                  0.000    0.000
    add_429 (fusion_unit_DW01_add_3)  5.16e-04 6375.4871-6375.4872
                                                                  0.000    0.000
  add_73 (mac_engine_DW01_inc_0)      1.39e-08  0.0000-0.0001     0.000    0.000
  add_79_aco (mac_engine_DW01_inc_1_DW01_inc_2)
                                      2.07e-04 17625.1744-17625.1745
                                                                  0.000    0.000
1
