 
****************************************
check_design summary:
Version:     U-2022.12
Date:        Mon Apr 15 01:49:55 2024
****************************************

                   Name                                            Total
--------------------------------------------------------------------------------
Inputs/Outputs                                                    143
    Unconnected ports (LINT-28)                                   128
    Shorted outputs (LINT-31)                                       7
    Constant outputs (LINT-52)                                      8

Cells                                                               8
    Cells do not drive (LINT-1)                                     5
    Connected to power or ground (LINT-32)                          3

Nets                                                               39
    Unloaded nets (LINT-2)                                         39
--------------------------------------------------------------------------------

Warning: In design 'mac_engine', cell 'C258' does not drive any nets. (LINT-1)
Warning: In design 'proposed', cell 'C1871' does not drive any nets. (LINT-1)
Warning: In design 'proposed', cell 'C1897' does not drive any nets. (LINT-1)
Warning: In design 'proposed', cell 'C1898' does not drive any nets. (LINT-1)
Warning: In design 'proposed', cell 'C1899' does not drive any nets. (LINT-1)
Warning: In design 'mac_engine', net 'PFU1/bb_lh_1/HA_p3_co' driven by pin 'PFU1/bb_lh_1/FA_p3a/co' has no loads. (LINT-2)
Warning: In design 'mac_engine', net 'PFU1/bb_lh_1/FA_p3_co' driven by pin 'PFU1/bb_lh_1/FA_p3b/co' has no loads. (LINT-2)
Warning: In design 'mac_engine', net 'PFU1/bb_hh_2/HA_p3_co' driven by pin 'PFU1/bb_hh_2/FA_p3a/co' has no loads. (LINT-2)
Warning: In design 'mac_engine', net 'PFU1/bb_hh_2/FA_p3_co' driven by pin 'PFU1/bb_hh_2/FA_p3b/co' has no loads. (LINT-2)
Warning: In design 'mac_engine', net 'PFU1/bb_hl_2/HA_p3_co' driven by pin 'PFU1/bb_hl_2/FA_p3a/co' has no loads. (LINT-2)
Warning: In design 'mac_engine', net 'PFU1/bb_hl_2/FA_p3_co' driven by pin 'PFU1/bb_hl_2/FA_p3b/co' has no loads. (LINT-2)
Warning: In design 'mac_engine', net 'PFU1/bb_ll_2/HA_p3_co' driven by pin 'PFU1/bb_ll_2/FA_p3a/co' has no loads. (LINT-2)
Warning: In design 'mac_engine', net 'PFU1/bb_ll_2/FA_p3_co' driven by pin 'PFU1/bb_ll_2/FA_p3b/co' has no loads. (LINT-2)
Warning: In design 'mac_engine', net 'PFU1/bb_hh_3/HA_p3_co' driven by pin 'PFU1/bb_hh_3/FA_p3a/co' has no loads. (LINT-2)
Warning: In design 'mac_engine', net 'PFU1/bb_hh_3/FA_p3_co' driven by pin 'PFU1/bb_hh_3/FA_p3b/co' has no loads. (LINT-2)
Warning: In design 'mac_engine', net 'PFU1/bb_hl_3/HA_p3_co' driven by pin 'PFU1/bb_hl_3/FA_p3a/co' has no loads. (LINT-2)
Warning: In design 'mac_engine', net 'PFU1/bb_hl_3/FA_p3_co' driven by pin 'PFU1/bb_hl_3/FA_p3b/co' has no loads. (LINT-2)
Warning: In design 'mac_engine', net 'PFU1/bb_lh_3/HA_p3_co' driven by pin 'PFU1/bb_lh_3/FA_p3a/co' has no loads. (LINT-2)
Warning: In design 'mac_engine', net 'PFU1/bb_lh_3/FA_p3_co' driven by pin 'PFU1/bb_lh_3/FA_p3b/co' has no loads. (LINT-2)
Warning: In design 'mac_engine', net 'PFU1/bb_ll_3/HA_p3_co' driven by pin 'PFU1/bb_ll_3/FA_p3a/co' has no loads. (LINT-2)
Warning: In design 'mac_engine', net 'PFU1/bb_ll_3/FA_p3_co' driven by pin 'PFU1/bb_ll_3/FA_p3b/co' has no loads. (LINT-2)
Warning: In design 'mac_engine', net 'PFU1/bb_hh_4/HA_p3_co' driven by pin 'PFU1/bb_hh_4/FA_p3a/co' has no loads. (LINT-2)
Warning: In design 'mac_engine', net 'PFU1/bb_hh_4/FA_p3_co' driven by pin 'PFU1/bb_hh_4/FA_p3b/co' has no loads. (LINT-2)
Warning: In design 'mac_engine', net 'PFU1/pp_hh_4[4]' driven by pin 'PFU1/bb_hh_4/p[4]' has no loads. (LINT-2)
Warning: In design 'mac_engine', net 'PFU1/bb_hl_4/HA_p3_co' driven by pin 'PFU1/bb_hl_4/FA_p3a/co' has no loads. (LINT-2)
Warning: In design 'mac_engine', net 'PFU1/bb_hl_4/FA_p3_co' driven by pin 'PFU1/bb_hl_4/FA_p3b/co' has no loads. (LINT-2)
Warning: In design 'mac_engine', net 'PFU1/bb_lh_4/HA_p3_co' driven by pin 'PFU1/bb_lh_4/FA_p3a/co' has no loads. (LINT-2)
Warning: In design 'mac_engine', net 'PFU1/bb_lh_4/FA_p3_co' driven by pin 'PFU1/bb_lh_4/FA_p3b/co' has no loads. (LINT-2)
Warning: In design 'mac_engine', net 'PFU1/bb_ll_4/HA_p3_co' driven by pin 'PFU1/bb_ll_4/FA_p3a/co' has no loads. (LINT-2)
Warning: In design 'mac_engine', net 'PFU1/bb_ll_4/FA_p3_co' driven by pin 'PFU1/bb_ll_4/FA_p3b/co' has no loads. (LINT-2)
Warning: In design 'mac_engine', net 'PFU1/lh_sy[1]' driven by pin 'PFU1/sign_ctrl/lh_sy[1]' has no loads. (LINT-2)
Warning: In design 'mac_engine', net 'PFU1/lh_sy[3]' driven by pin 'PFU1/sign_ctrl/lh_sy[3]' has no loads. (LINT-2)
Warning: In design 'mac_engine', net 'PFU1/hh_sy[1]' driven by pin 'PFU1/sign_ctrl/hh_sy[1]' has no loads. (LINT-2)
Warning: In design 'mac_engine', net 'PFU1/hh_sy[3]' driven by pin 'PFU1/sign_ctrl/hh_sy[3]' has no loads. (LINT-2)
Warning: In design 'mac_engine', net 'PFU1/hl_sx[1]' driven by pin 'PFU1/sign_ctrl/hl_sx[1]' has no loads. (LINT-2)
Warning: In design 'mac_engine', net 'PFU1/hl_sx[2]' driven by pin 'PFU1/sign_ctrl/hl_sx[2]' has no loads. (LINT-2)
Warning: In design 'mac_engine', net 'PFU1/hh_sx[1]' driven by pin 'PFU1/sign_ctrl/hh_sx[1]' has no loads. (LINT-2)
Warning: In design 'mac_engine', net 'PFU1/hh_sx[2]' driven by pin 'PFU1/sign_ctrl/hh_sx[2]' has no loads. (LINT-2)
Warning: In design 'mac_engine', net 'PFU1/bb_hl_1/FA_p3_co' driven by pin 'PFU1/bb_hl_1/FA_p3b/co' has no loads. (LINT-2)
Warning: In design 'mac_engine', net 'PFU1/bb_hl_1/HA_p3_co' driven by pin 'PFU1/bb_hl_1/FA_p3a/co' has no loads. (LINT-2)
Warning: In design 'mac_engine', net 'PFU1/bb_ll_1/FA_p3_co' driven by pin 'PFU1/bb_ll_1/FA_p3b/co' has no loads. (LINT-2)
Warning: In design 'mac_engine', net 'PFU1/bb_ll_1/HA_p3_co' driven by pin 'PFU1/bb_ll_1/FA_p3a/co' has no loads. (LINT-2)
Warning: In design 'mac_engine', net 'PFU1/bb_lh_2/FA_p3_co' driven by pin 'PFU1/bb_lh_2/FA_p3b/co' has no loads. (LINT-2)
Warning: In design 'mac_engine', net 'PFU1/bb_lh_2/HA_p3_co' driven by pin 'PFU1/bb_lh_2/FA_p3a/co' has no loads. (LINT-2)
Warning: In design 'mac_engine', port 'OBUF[127]' is not connected to any nets. (LINT-28)
Warning: In design 'mac_engine', port 'OBUF[126]' is not connected to any nets. (LINT-28)
Warning: In design 'mac_engine', port 'OBUF[125]' is not connected to any nets. (LINT-28)
Warning: In design 'mac_engine', port 'OBUF[124]' is not connected to any nets. (LINT-28)
Warning: In design 'mac_engine', port 'OBUF[123]' is not connected to any nets. (LINT-28)
Warning: In design 'mac_engine', port 'OBUF[122]' is not connected to any nets. (LINT-28)
Warning: In design 'mac_engine', port 'OBUF[121]' is not connected to any nets. (LINT-28)
Warning: In design 'mac_engine', port 'OBUF[120]' is not connected to any nets. (LINT-28)
Warning: In design 'mac_engine', port 'OBUF[119]' is not connected to any nets. (LINT-28)
Warning: In design 'mac_engine', port 'OBUF[118]' is not connected to any nets. (LINT-28)
Warning: In design 'mac_engine', port 'OBUF[117]' is not connected to any nets. (LINT-28)
Warning: In design 'mac_engine', port 'OBUF[116]' is not connected to any nets. (LINT-28)
Warning: In design 'mac_engine', port 'OBUF[115]' is not connected to any nets. (LINT-28)
Warning: In design 'mac_engine', port 'OBUF[114]' is not connected to any nets. (LINT-28)
Warning: In design 'mac_engine', port 'OBUF[113]' is not connected to any nets. (LINT-28)
Warning: In design 'mac_engine', port 'OBUF[112]' is not connected to any nets. (LINT-28)
Warning: In design 'mac_engine', port 'OBUF[111]' is not connected to any nets. (LINT-28)
Warning: In design 'mac_engine', port 'OBUF[110]' is not connected to any nets. (LINT-28)
Warning: In design 'mac_engine', port 'OBUF[109]' is not connected to any nets. (LINT-28)
Warning: In design 'mac_engine', port 'OBUF[108]' is not connected to any nets. (LINT-28)
Warning: In design 'mac_engine', port 'OBUF[107]' is not connected to any nets. (LINT-28)
Warning: In design 'mac_engine', port 'OBUF[106]' is not connected to any nets. (LINT-28)
Warning: In design 'mac_engine', port 'OBUF[105]' is not connected to any nets. (LINT-28)
Warning: In design 'mac_engine', port 'OBUF[104]' is not connected to any nets. (LINT-28)
Warning: In design 'mac_engine', port 'OBUF[103]' is not connected to any nets. (LINT-28)
Warning: In design 'mac_engine', port 'OBUF[102]' is not connected to any nets. (LINT-28)
Warning: In design 'mac_engine', port 'OBUF[101]' is not connected to any nets. (LINT-28)
Warning: In design 'mac_engine', port 'OBUF[100]' is not connected to any nets. (LINT-28)
Warning: In design 'mac_engine', port 'OBUF[99]' is not connected to any nets. (LINT-28)
Warning: In design 'mac_engine', port 'OBUF[98]' is not connected to any nets. (LINT-28)
Warning: In design 'mac_engine', port 'OBUF[97]' is not connected to any nets. (LINT-28)
Warning: In design 'mac_engine', port 'OBUF[96]' is not connected to any nets. (LINT-28)
Warning: In design 'mac_engine', port 'OBUF[95]' is not connected to any nets. (LINT-28)
Warning: In design 'mac_engine', port 'OBUF[94]' is not connected to any nets. (LINT-28)
Warning: In design 'mac_engine', port 'OBUF[93]' is not connected to any nets. (LINT-28)
Warning: In design 'mac_engine', port 'OBUF[92]' is not connected to any nets. (LINT-28)
Warning: In design 'mac_engine', port 'OBUF[91]' is not connected to any nets. (LINT-28)
Warning: In design 'mac_engine', port 'OBUF[90]' is not connected to any nets. (LINT-28)
Warning: In design 'mac_engine', port 'OBUF[89]' is not connected to any nets. (LINT-28)
Warning: In design 'mac_engine', port 'OBUF[88]' is not connected to any nets. (LINT-28)
Warning: In design 'mac_engine', port 'OBUF[87]' is not connected to any nets. (LINT-28)
Warning: In design 'mac_engine', port 'OBUF[86]' is not connected to any nets. (LINT-28)
Warning: In design 'mac_engine', port 'OBUF[85]' is not connected to any nets. (LINT-28)
Warning: In design 'mac_engine', port 'OBUF[84]' is not connected to any nets. (LINT-28)
Warning: In design 'mac_engine', port 'OBUF[83]' is not connected to any nets. (LINT-28)
Warning: In design 'mac_engine', port 'OBUF[82]' is not connected to any nets. (LINT-28)
Warning: In design 'mac_engine', port 'OBUF[81]' is not connected to any nets. (LINT-28)
Warning: In design 'mac_engine', port 'OBUF[80]' is not connected to any nets. (LINT-28)
Warning: In design 'mac_engine', port 'OBUF[79]' is not connected to any nets. (LINT-28)
Warning: In design 'mac_engine', port 'OBUF[78]' is not connected to any nets. (LINT-28)
Warning: In design 'mac_engine', port 'OBUF[77]' is not connected to any nets. (LINT-28)
Warning: In design 'mac_engine', port 'OBUF[76]' is not connected to any nets. (LINT-28)
Warning: In design 'mac_engine', port 'OBUF[75]' is not connected to any nets. (LINT-28)
Warning: In design 'mac_engine', port 'OBUF[74]' is not connected to any nets. (LINT-28)
Warning: In design 'mac_engine', port 'OBUF[73]' is not connected to any nets. (LINT-28)
Warning: In design 'mac_engine', port 'OBUF[72]' is not connected to any nets. (LINT-28)
Warning: In design 'mac_engine', port 'OBUF[71]' is not connected to any nets. (LINT-28)
Warning: In design 'mac_engine', port 'OBUF[70]' is not connected to any nets. (LINT-28)
Warning: In design 'mac_engine', port 'OBUF[69]' is not connected to any nets. (LINT-28)
Warning: In design 'mac_engine', port 'OBUF[68]' is not connected to any nets. (LINT-28)
Warning: In design 'mac_engine', port 'OBUF[67]' is not connected to any nets. (LINT-28)
Warning: In design 'mac_engine', port 'OBUF[66]' is not connected to any nets. (LINT-28)
Warning: In design 'mac_engine', port 'OBUF[65]' is not connected to any nets. (LINT-28)
Warning: In design 'mac_engine', port 'OBUF[64]' is not connected to any nets. (LINT-28)
Warning: In design 'mac_engine', port 'OBUF[63]' is not connected to any nets. (LINT-28)
Warning: In design 'mac_engine', port 'OBUF[62]' is not connected to any nets. (LINT-28)
Warning: In design 'mac_engine', port 'OBUF[61]' is not connected to any nets. (LINT-28)
Warning: In design 'mac_engine', port 'OBUF[60]' is not connected to any nets. (LINT-28)
Warning: In design 'mac_engine', port 'OBUF[59]' is not connected to any nets. (LINT-28)
Warning: In design 'mac_engine', port 'OBUF[58]' is not connected to any nets. (LINT-28)
Warning: In design 'mac_engine', port 'OBUF[57]' is not connected to any nets. (LINT-28)
Warning: In design 'mac_engine', port 'OBUF[56]' is not connected to any nets. (LINT-28)
Warning: In design 'mac_engine', port 'OBUF[55]' is not connected to any nets. (LINT-28)
Warning: In design 'mac_engine', port 'OBUF[54]' is not connected to any nets. (LINT-28)
Warning: In design 'mac_engine', port 'OBUF[53]' is not connected to any nets. (LINT-28)
Warning: In design 'mac_engine', port 'OBUF[52]' is not connected to any nets. (LINT-28)
Warning: In design 'mac_engine', port 'OBUF[51]' is not connected to any nets. (LINT-28)
Warning: In design 'mac_engine', port 'OBUF[50]' is not connected to any nets. (LINT-28)
Warning: In design 'mac_engine', port 'OBUF[49]' is not connected to any nets. (LINT-28)
Warning: In design 'mac_engine', port 'OBUF[48]' is not connected to any nets. (LINT-28)
Warning: In design 'mac_engine', port 'OBUF[47]' is not connected to any nets. (LINT-28)
Warning: In design 'mac_engine', port 'OBUF[46]' is not connected to any nets. (LINT-28)
Warning: In design 'mac_engine', port 'OBUF[45]' is not connected to any nets. (LINT-28)
Warning: In design 'mac_engine', port 'OBUF[44]' is not connected to any nets. (LINT-28)
Warning: In design 'mac_engine', port 'OBUF[43]' is not connected to any nets. (LINT-28)
Warning: In design 'mac_engine', port 'OBUF[42]' is not connected to any nets. (LINT-28)
Warning: In design 'mac_engine', port 'OBUF[41]' is not connected to any nets. (LINT-28)
Warning: In design 'mac_engine', port 'OBUF[40]' is not connected to any nets. (LINT-28)
Warning: In design 'mac_engine', port 'OBUF[39]' is not connected to any nets. (LINT-28)
Warning: In design 'mac_engine', port 'OBUF[38]' is not connected to any nets. (LINT-28)
Warning: In design 'mac_engine', port 'OBUF[37]' is not connected to any nets. (LINT-28)
Warning: In design 'mac_engine', port 'OBUF[36]' is not connected to any nets. (LINT-28)
Warning: In design 'mac_engine', port 'OBUF[35]' is not connected to any nets. (LINT-28)
Warning: In design 'mac_engine', port 'OBUF[34]' is not connected to any nets. (LINT-28)
Warning: In design 'mac_engine', port 'OBUF[33]' is not connected to any nets. (LINT-28)
Warning: In design 'mac_engine', port 'OBUF[32]' is not connected to any nets. (LINT-28)
Warning: In design 'mac_engine', port 'OBUF[31]' is not connected to any nets. (LINT-28)
Warning: In design 'mac_engine', port 'OBUF[30]' is not connected to any nets. (LINT-28)
Warning: In design 'mac_engine', port 'OBUF[29]' is not connected to any nets. (LINT-28)
Warning: In design 'mac_engine', port 'OBUF[28]' is not connected to any nets. (LINT-28)
Warning: In design 'mac_engine', port 'OBUF[27]' is not connected to any nets. (LINT-28)
Warning: In design 'mac_engine', port 'OBUF[26]' is not connected to any nets. (LINT-28)
Warning: In design 'mac_engine', port 'OBUF[25]' is not connected to any nets. (LINT-28)
Warning: In design 'mac_engine', port 'OBUF[24]' is not connected to any nets. (LINT-28)
Warning: In design 'mac_engine', port 'OBUF[23]' is not connected to any nets. (LINT-28)
Warning: In design 'mac_engine', port 'OBUF[22]' is not connected to any nets. (LINT-28)
Warning: In design 'mac_engine', port 'OBUF[21]' is not connected to any nets. (LINT-28)
Warning: In design 'mac_engine', port 'OBUF[20]' is not connected to any nets. (LINT-28)
Warning: In design 'mac_engine', port 'OBUF[19]' is not connected to any nets. (LINT-28)
Warning: In design 'mac_engine', port 'OBUF[18]' is not connected to any nets. (LINT-28)
Warning: In design 'mac_engine', port 'OBUF[17]' is not connected to any nets. (LINT-28)
Warning: In design 'mac_engine', port 'OBUF[16]' is not connected to any nets. (LINT-28)
Warning: In design 'mac_engine', port 'OBUF[15]' is not connected to any nets. (LINT-28)
Warning: In design 'mac_engine', port 'OBUF[14]' is not connected to any nets. (LINT-28)
Warning: In design 'mac_engine', port 'OBUF[13]' is not connected to any nets. (LINT-28)
Warning: In design 'mac_engine', port 'OBUF[12]' is not connected to any nets. (LINT-28)
Warning: In design 'mac_engine', port 'OBUF[11]' is not connected to any nets. (LINT-28)
Warning: In design 'mac_engine', port 'OBUF[10]' is not connected to any nets. (LINT-28)
Warning: In design 'mac_engine', port 'OBUF[9]' is not connected to any nets. (LINT-28)
Warning: In design 'mac_engine', port 'OBUF[8]' is not connected to any nets. (LINT-28)
Warning: In design 'mac_engine', port 'OBUF[7]' is not connected to any nets. (LINT-28)
Warning: In design 'mac_engine', port 'OBUF[6]' is not connected to any nets. (LINT-28)
Warning: In design 'mac_engine', port 'OBUF[5]' is not connected to any nets. (LINT-28)
Warning: In design 'mac_engine', port 'OBUF[4]' is not connected to any nets. (LINT-28)
Warning: In design 'mac_engine', port 'OBUF[3]' is not connected to any nets. (LINT-28)
Warning: In design 'mac_engine', port 'OBUF[2]' is not connected to any nets. (LINT-28)
Warning: In design 'mac_engine', port 'OBUF[1]' is not connected to any nets. (LINT-28)
Warning: In design 'mac_engine', port 'OBUF[0]' is not connected to any nets. (LINT-28)
Warning: In design 'signbit_ctrl', output port 'hh_sx[2]' is connected directly to output port 'hh_sy[1]'. (LINT-31)
Warning: In design 'signbit_ctrl', output port 'hh_sx[2]' is connected directly to output port 'hh_sy[3]'. (LINT-31)
Warning: In design 'signbit_ctrl', output port 'hh_sx[2]' is connected directly to output port 'lh_sy[1]'. (LINT-31)
Warning: In design 'signbit_ctrl', output port 'hh_sx[2]' is connected directly to output port 'lh_sy[3]'. (LINT-31)
Warning: In design 'signbit_ctrl', output port 'hh_sx[2]' is connected directly to output port 'hh_sx[1]'. (LINT-31)
Warning: In design 'signbit_ctrl', output port 'hh_sx[2]' is connected directly to output port 'hl_sx[1]'. (LINT-31)
Warning: In design 'signbit_ctrl', output port 'hh_sx[2]' is connected directly to output port 'hl_sx[2]'. (LINT-31)
Warning: In design 'ns_bitbrick', a pin on submodule 'FA_p3a' is connected to logic 1 or logic 0. (LINT-32)
   Pin 'ci' is connected to logic 1. 
Warning: In design 'fs_bitbrick', a pin on submodule 'FA_p3a' is connected to logic 1 or logic 0. (LINT-32)
   Pin 'ci' is connected to logic 1. 
Warning: In design 's_bitbrick', a pin on submodule 'FA_p3a' is connected to logic 1 or logic 0. (LINT-32)
   Pin 'ci' is connected to logic 1. 
Warning: In design 'signbit_ctrl', output port 'hh_sx[2]' is connected directly to 'logic 1'. (LINT-52)
Warning: In design 'signbit_ctrl', output port 'hh_sx[1]' is connected directly to 'logic 1'. (LINT-52)
Warning: In design 'signbit_ctrl', output port 'hl_sx[2]' is connected directly to 'logic 1'. (LINT-52)
Warning: In design 'signbit_ctrl', output port 'hl_sx[1]' is connected directly to 'logic 1'. (LINT-52)
Warning: In design 'signbit_ctrl', output port 'hh_sy[3]' is connected directly to 'logic 1'. (LINT-52)
Warning: In design 'signbit_ctrl', output port 'hh_sy[1]' is connected directly to 'logic 1'. (LINT-52)
Warning: In design 'signbit_ctrl', output port 'lh_sy[3]' is connected directly to 'logic 1'. (LINT-52)
Warning: In design 'signbit_ctrl', output port 'lh_sy[1]' is connected directly to 'logic 1'. (LINT-52)
1
