****************************************
Report : Time Based Power
	-hierarchy
Design : mac_engine
Version: U-2022.12
Date   : Tue May 21 23:02:39 2024
****************************************



                                      Int      Switch   Leak     Total
Hierarchy                             Power    Power    Power    Power    %
----------------------------------------------------------------------------------
mac_engine                            3.49e-04 9.04e-05 1.77e-06 4.41e-04 100.0
  add_74 (mac_engine_DW01_inc_0)         0.000    0.000 1.72e-08 1.72e-08   0.0
  PFU1 (proposed)                     2.85e-04 8.27e-05 1.54e-06 3.69e-04  83.7
    add_383_2 (proposed_DW01_add_27)  2.45e-06 1.35e-06 1.46e-08 3.81e-06   0.9
    sign_ctrl (signbit_ctrl)          7.34e-12    0.000 3.44e-09 3.44e-09   0.0
    add_478 (proposed_DW01_add_20)    1.75e-05 6.35e-06 3.69e-08 2.39e-05   5.4
    add_490 (proposed_DW01_add_19)       0.000    0.000 1.99e-08 1.99e-08   0.0
    add_491 (proposed_DW01_add_18)       0.000    0.000 1.99e-08 1.99e-08   0.0
    add_492 (proposed_DW01_add_17)    6.30e-06 1.95e-06 2.24e-08 8.27e-06   1.9
    add_493 (proposed_DW01_add_16)    1.12e-05 3.71e-06 2.40e-08 1.50e-05   3.4
    add_397_2 (proposed_DW01_add_29)  9.32e-06 2.68e-06 2.34e-08 1.20e-05   2.7
    add_328_2 (proposed_DW01_add_21)  2.86e-06 1.75e-06 1.35e-08 4.62e-06   1.0
    bb_lh_1 (ns_bitbrick_5)           2.04e-06 1.25e-06 2.88e-08 3.31e-06   0.8
      HA_p1 (half_adder_28)           1.86e-07 1.25e-07 2.86e-09 3.14e-07   0.1
      FA_p3a (full_adder_40)          6.25e-07 3.23e-07 6.47e-09 9.54e-07   0.2
      HA_p2 (half_adder_27)           4.04e-07 2.12e-07 4.34e-09 6.21e-07   0.1
      FA_p3b (full_adder_41)          2.50e-07 3.56e-08 7.10e-09 2.92e-07   0.1
      FA_p2 (full_adder_42)           3.87e-07 1.49e-07 5.07e-09 5.41e-07   0.1
    bb_lh_2 (s_bitbrick_0)            2.17e-06 1.58e-06 3.44e-08 3.78e-06   0.9
      FA_p2 (full_adder_30)           5.25e-07 2.04e-07 5.28e-09 7.35e-07   0.2
      HA_p1 (half_adder_20)           2.73e-07 1.74e-07 2.90e-09 4.50e-07   0.1
      HA_p2 (half_adder_19)           2.87e-07 1.42e-07 4.27e-09 4.33e-07   0.1
      FA_p3a (full_adder_28)          6.03e-07 1.80e-07 6.91e-09 7.90e-07   0.2
      FA_p3b (full_adder_29)          1.88e-07 8.43e-08 7.40e-09 2.79e-07   0.1
    bb_lh_3 (ns_bitbrick_1)           2.03e-06 1.24e-06 2.88e-08 3.31e-06   0.7
      HA_p1 (half_adder_12)           1.86e-07 1.26e-07 2.86e-09 3.14e-07   0.1
      FA_p3a (full_adder_16)          6.19e-07 3.17e-07 6.47e-09 9.43e-07   0.2
      HA_p2 (half_adder_11)           4.05e-07 2.13e-07 4.34e-09 6.22e-07   0.1
      FA_p3b (full_adder_17)          2.50e-07 3.57e-08 7.10e-09 2.93e-07   0.1
      FA_p2 (full_adder_18)           3.88e-07 1.49e-07 5.08e-09 5.43e-07   0.1
    bb_lh_4 (s_bitbrick_1)            2.02e-06 1.57e-06 3.24e-08 3.62e-06   0.8
      FA_p2 (full_adder_6)            4.62e-07 1.88e-07 4.59e-09 6.55e-07   0.1
      HA_p1 (half_adder_4)            2.73e-07 1.71e-07 2.91e-09 4.47e-07   0.1
      HA_p2 (half_adder_3)            2.00e-07 1.41e-07 3.28e-09 3.45e-07   0.1
      FA_p3a (full_adder_4)           6.03e-07 1.81e-07 6.92e-09 7.91e-07   0.2
      FA_p3b (full_adder_5)           1.85e-07 8.32e-08 6.48e-09 2.75e-07   0.1
    bb_ll_1 (fs_bitbrick_0)           2.34e-06 1.64e-06 3.05e-08 4.00e-06   0.9
      FA_p2 (full_adder_39)           5.68e-07 2.21e-07 5.40e-09 7.95e-07   0.2
      HA_p1 (half_adder_26)           2.85e-07 2.18e-07 2.96e-09 5.06e-07   0.1
      HA_p2 (half_adder_25)           3.25e-07 1.30e-07 4.22e-09 4.59e-07   0.1
      FA_p3a (full_adder_37)          6.65e-07 2.00e-07 6.96e-09 8.71e-07   0.2
      FA_p3b (full_adder_38)          2.02e-07 9.04e-08 7.44e-09 2.99e-07   0.1
    bb_ll_2 (fs_bitbrick_3)           2.16e-06 1.52e-06 3.01e-08 3.71e-06   0.8
      FA_p2 (full_adder_27)           5.23e-07 2.04e-07 5.29e-09 7.31e-07   0.2
      HA_p1 (half_adder_18)           2.69e-07 2.05e-07 2.89e-09 4.77e-07   0.1
      HA_p2 (half_adder_17)           2.99e-07 1.19e-07 4.26e-09 4.22e-07   0.1
      FA_p3a (full_adder_25)          5.99e-07 1.81e-07 6.91e-09 7.87e-07   0.2
      FA_p3b (full_adder_26)          1.85e-07 8.31e-08 7.40e-09 2.76e-07   0.1
    bb_ll_3 (fs_bitbrick_2)           2.35e-06 1.60e-06 3.05e-08 3.98e-06   0.9
      FA_p2 (full_adder_15)           5.78e-07 2.25e-07 5.42e-09 8.09e-07   0.2
      HA_p1 (half_adder_10)           2.79e-07 2.12e-07 2.97e-09 4.94e-07   0.1
      HA_p2 (half_adder_9)            3.14e-07 1.27e-07 4.21e-09 4.45e-07   0.1
      FA_p3a (full_adder_13)          6.80e-07 2.04e-07 6.97e-09 8.92e-07   0.2
      FA_p3b (full_adder_14)          2.06e-07 9.23e-08 7.44e-09 3.05e-07   0.1
    bb_ll_4 (fs_bitbrick_1)           1.95e-06 1.33e-06 2.84e-08 3.31e-06   0.7
      FA_p2 (full_adder_3)            4.53e-07 1.89e-07 4.58e-09 6.47e-07   0.1
      HA_p1 (half_adder_2)            2.69e-07 1.14e-07 2.91e-09 3.86e-07   0.1
      HA_p2 (half_adder_1)            2.35e-07 1.08e-07 3.84e-09 3.47e-07   0.1
      FA_p3a (full_adder_1)           5.22e-07 1.79e-07 6.33e-09 7.08e-07   0.2
      FA_p3b (full_adder_2)           1.84e-07 7.21e-08 7.40e-09 2.64e-07   0.1
    bb_hh_1 (ss_bitbrick)             2.79e-07 6.96e-07 5.51e-09 9.81e-07   0.2
    bb_hh_2 (ns_bitbrick_4)           3.00e-06 1.53e-06 2.90e-08 4.56e-06   1.0
      HA_p1 (half_adder_24)           2.54e-07 1.69e-07 2.95e-09 4.26e-07   0.1
      FA_p3a (full_adder_34)          9.51e-07 1.90e-07 6.37e-09 1.15e-06   0.3
      HA_p2 (half_adder_23)           6.10e-07 3.23e-07 4.15e-09 9.37e-07   0.2
      FA_p3b (full_adder_35)          3.63e-07 5.17e-08 7.05e-09 4.21e-07   0.1
      FA_p2 (full_adder_36)           5.68e-07 2.19e-07 5.32e-09 7.92e-07   0.2
    bb_hh_3 (ns_bitbrick_2)           2.04e-06 1.07e-06 2.88e-08 3.14e-06   0.7
      HA_p1 (half_adder_16)           1.81e-07 1.23e-07 2.86e-09 3.08e-07   0.1
      FA_p3a (full_adder_22)          6.18e-07 1.22e-07 6.47e-09 7.46e-07   0.2
      HA_p2 (half_adder_15)           4.38e-07 2.28e-07 4.34e-09 6.70e-07   0.2
      FA_p3b (full_adder_23)          2.44e-07 3.49e-08 7.10e-09 2.86e-07   0.1
      FA_p2 (full_adder_24)           3.78e-07 1.46e-07 5.07e-09 5.29e-07   0.1
    bb_hh_4 (s_bitbrick_3)            2.19e-06 1.60e-06 3.44e-08 3.83e-06   0.9
      FA_p2 (full_adder_12)           5.39e-07 2.10e-07 5.30e-09 7.54e-07   0.2
      HA_p1 (half_adder_8)            2.75e-07 2.01e-07 2.90e-09 4.79e-07   0.1
      HA_p2 (half_adder_7)            3.03e-07 1.52e-07 4.26e-09 4.59e-07   0.1
      FA_p3a (full_adder_10)          5.88e-07 1.14e-07 6.92e-09 7.08e-07   0.2
      FA_p3b (full_adder_11)          1.85e-07 8.31e-08 7.40e-09 2.76e-07   0.1
    bb_hl_1 (ns_bitbrick_0)           3.03e-06 1.78e-06 2.93e-08 4.84e-06   1.1
      HA_p1 (half_adder_0)            2.60e-07 1.76e-07 3.02e-09 4.39e-07   0.1
      FA_p3a (full_adder_43)          8.78e-07 4.20e-07 6.36e-09 1.30e-06   0.3
      HA_p2 (half_adder_29)           5.99e-07 3.21e-07 4.12e-09 9.25e-07   0.2
      FA_p3b (full_adder_44)          3.99e-07 5.69e-08 7.03e-09 4.63e-07   0.1
      FA_p2 (full_adder_0)            6.27e-07 2.41e-07 5.45e-09 8.74e-07   0.2
    bb_hl_2 (ns_bitbrick_3)           2.81e-06 1.67e-06 2.90e-08 4.50e-06   1.0
      HA_p1 (half_adder_22)           2.55e-07 1.70e-07 2.94e-09 4.28e-07   0.1
      FA_p3a (full_adder_31)          8.40e-07 4.13e-07 6.37e-09 1.26e-06   0.3
      HA_p2 (half_adder_21)           5.59e-07 2.99e-07 4.15e-09 8.62e-07   0.2
      FA_p3b (full_adder_32)          3.53e-07 5.04e-08 7.05e-09 4.11e-07   0.1
      FA_p2 (full_adder_33)           5.53e-07 2.13e-07 5.30e-09 7.72e-07   0.2
    bb_hl_3 (s_bitbrick_4)            2.39e-06 1.69e-06 3.53e-08 4.11e-06   0.9
      FA_p2 (full_adder_21)           5.77e-07 2.25e-07 5.43e-09 8.08e-07   0.2
      HA_p1 (half_adder_14)           2.87e-07 1.83e-07 2.96e-09 4.73e-07   0.1
      HA_p2 (half_adder_13)           3.33e-07 1.66e-07 4.21e-09 5.03e-07   0.1
      FA_p3a (full_adder_19)          6.78e-07 2.04e-07 6.97e-09 8.89e-07   0.2
      FA_p3b (full_adder_20)          2.04e-07 9.15e-08 7.44e-09 3.03e-07   0.1
    bb_hl_4 (s_bitbrick_2)            2.00e-06 1.53e-06 3.32e-08 3.57e-06   0.8
      FA_p2 (full_adder_9)            4.53e-07 1.85e-07 4.57e-09 6.43e-07   0.1
      HA_p1 (half_adder_6)            2.73e-07 1.70e-07 2.90e-09 4.46e-07   0.1
      HA_p2 (half_adder_5)            2.04e-07 1.44e-07 3.28e-09 3.51e-07   0.1
      FA_p3a (full_adder_7)           5.87e-07 1.60e-07 6.91e-09 7.54e-07   0.2
      FA_p3b (full_adder_8)           1.82e-07 8.16e-08 7.40e-09 2.71e-07   0.1
    add_367_2 (proposed_DW01_add_25)  2.19e-06 1.61e-06 1.28e-08 3.82e-06   0.9
    add_346_2 (proposed_DW01_add_23)  2.70e-06 2.02e-06 1.31e-08 4.73e-06   1.1
  add_80_aco (mac_engine_DW01_inc_1_DW01_inc_2)
                                      7.43e-07 2.43e-07 1.44e-08 1.00e-06   0.2


                                      Peak     Peak            Glitch   X-tran
Hierarchy                             Power    Time            Power    Power
--------------------------------------------------------------------------------
mac_engine                            4.46e-02 3332.4200-3332.4201
                                                               9.05e-10    0.000
  add_74 (mac_engine_DW01_inc_0)      1.72e-08 14.5812-14.5813    0.000    0.000
  PFU1 (proposed)                     3.59e-02 9429.4200-9429.4201
                                                               9.05e-10    0.000
    add_383_2 (proposed_DW01_add_27)  2.40e-04 19080.0942-19080.0943
                                                                  0.000    0.000
    sign_ctrl (signbit_ctrl)          2.55e-05 14.5600-14.5601    0.000    0.000
    add_478 (proposed_DW01_add_20)    4.68e-04 8221.9366-8221.9367
                                                                  0.000    0.000
    add_490 (proposed_DW01_add_19)    1.99e-08  0.0000-0.0001     0.000    0.000
    add_491 (proposed_DW01_add_18)    1.99e-08  0.0000-0.0001     0.000    0.000
    add_492 (proposed_DW01_add_17)    2.21e-04 14885.0155-14885.0156
                                                                  0.000    0.000
    add_493 (proposed_DW01_add_16)    3.18e-04 3797.5166-3797.5167
                                                                  0.000    0.000
    add_397_2 (proposed_DW01_add_29)  3.73e-04 12910.4755-12910.4756
                                                                  0.000    0.000
    add_328_2 (proposed_DW01_add_21)  2.67e-04 14461.0093-14461.0094
                                                                  0.000    0.000
    bb_lh_1 (ns_bitbrick_5)           3.71e-04 139.3442-139.3443
                                                                  0.000    0.000
      HA_p1 (half_adder_28)           1.14e-04 19413.1181-19413.1182
                                                                  0.000    0.000
      FA_p3a (full_adder_40)          1.07e-04 44.7258-44.7259    0.000    0.000
      HA_p2 (half_adder_27)           1.18e-04 19973.7178-19973.7179
                                                                  0.000    0.000
      FA_p3b (full_adder_41)          8.33e-05 137.4993-137.4994
                                                                  0.000    0.000
      FA_p2 (full_adder_42)           1.88e-04 13556.3771-13556.3772
                                                                  0.000    0.000
    bb_lh_2 (s_bitbrick_0)            2.35e-04 18588.6967-18588.6968
                                                                  0.000    0.000
      FA_p2 (full_adder_30)           1.85e-04 19489.5799-19489.5800
                                                                  0.000    0.000
      HA_p1 (half_adder_20)           1.13e-04 19993.7077-19993.7078
                                                                  0.000    0.000
      HA_p2 (half_adder_19)           1.18e-04 19.2812-19.2813    0.000    0.000
      FA_p3a (full_adder_28)          1.03e-04 19813.5765-19813.5766
                                                                  0.000    0.000
      FA_p3b (full_adder_29)          9.20e-05 31.9747-31.9748    0.000    0.000
    bb_lh_3 (ns_bitbrick_1)           3.71e-04 139.3442-139.3443
                                                                  0.000    0.000
      HA_p1 (half_adder_12)           1.14e-04 19404.0178-19404.0179
                                                                  0.000    0.000
      FA_p3a (full_adder_16)          1.07e-04 41.0858-41.0859    0.000    0.000
      HA_p2 (half_adder_11)           1.18e-04 19804.4590-19804.4591
                                                                  0.000    0.000
      FA_p3b (full_adder_17)          8.33e-05 253.9793-253.9794
                                                                  0.000    0.000
      FA_p2 (full_adder_18)           1.88e-04 456.0171-456.0172
                                                                  0.000    0.000
    bb_lh_4 (s_bitbrick_1)            2.24e-04 19697.0262-19697.0263
                                                                  0.000    0.000
      FA_p2 (full_adder_6)            1.55e-04 357.7392-357.7393
                                                                  0.000    0.000
      HA_p1 (half_adder_4)            1.12e-04 19516.8677-19516.8678
                                                                  0.000    0.000
      HA_p2 (half_adder_3)            8.15e-05 22.9198-22.9199    0.000    0.000
      FA_p3a (full_adder_4)           1.03e-04 19768.0761-19768.0762
                                                                  0.000    0.000
      FA_p3b (full_adder_5)           9.20e-05 19.2348-19.2349    0.000    0.000
    bb_ll_1 (fs_bitbrick_0)           3.13e-04 19500.5172-19500.5173
                                                                  0.000    0.000
      FA_p2 (full_adder_39)           1.81e-04 19968.2365-19968.2366
                                                                  0.000    0.000
      HA_p1 (half_adder_26)           1.11e-04 19982.7813-19982.7814
                                                                  0.000    0.000
      HA_p2 (half_adder_25)           1.15e-04 32.0185-32.0186    0.000    0.000
      FA_p3a (full_adder_37)          1.03e-04 19813.5757-19813.5758
                                                                  0.000    0.000
      FA_p3b (full_adder_38)          9.20e-05 37.4324-37.4325    0.000    0.000
    bb_ll_2 (fs_bitbrick_3)           3.13e-04 2781.9972-2781.9973
                                                                  0.000    0.000
      FA_p2 (full_adder_27)           1.81e-04 19749.8365-19749.8366
                                                                  0.000    0.000
      HA_p1 (half_adder_18)           1.11e-04 19966.4023-19966.4024
                                                                  0.000    0.000
      HA_p2 (half_adder_17)           1.15e-04 30.2027-30.2028    0.000    0.000
      FA_p3a (full_adder_25)          1.03e-04 20004.6757-20004.6758
                                                                  0.000    0.000
      FA_p3b (full_adder_26)          9.20e-05 41.0724-41.0725    0.000    0.000
    bb_ll_3 (fs_bitbrick_2)           2.82e-04 19762.5940-19762.5941
                                                                  0.000    0.000
      FA_p2 (full_adder_15)           1.81e-04 19540.5365-19540.5366
                                                                  0.000    0.000
      HA_p1 (half_adder_10)           1.11e-04 19940.9213-19940.9214
                                                                  0.000    0.000
      HA_p2 (half_adder_9)            1.15e-04 17.4623-17.4624    0.000    0.000
      FA_p3a (full_adder_13)          1.03e-04 19981.0153-19981.0154
                                                                  0.000    0.000
      FA_p3b (full_adder_14)          9.20e-05 30.1495-30.1496    0.000    0.000
    bb_ll_4 (fs_bitbrick_1)           2.30e-04 323.1431-323.1432
                                                                  0.000    0.000
      FA_p2 (full_adder_3)            1.01e-04 26.4855-26.4856    0.000    0.000
      HA_p1 (half_adder_2)            1.05e-04 19940.9210-19940.9211
                                                                  0.000    0.000
      HA_p2 (half_adder_1)            9.83e-05 22.9206-22.9207    0.000    0.000
      FA_p3a (full_adder_1)           9.34e-05 26.5513-26.5514    0.000    0.000
      FA_p3b (full_adder_2)           9.08e-05 19984.6287-19984.6288
                                                                  0.000    0.000
    bb_hh_1 (ss_bitbrick)             1.88e-04 13743.8133-13743.8134
                                                               1.38e-10    0.000
    bb_hh_2 (ns_bitbrick_4)           3.72e-04 19960.9612-19960.9613
                                                                  0.000    0.000
      HA_p1 (half_adder_24)           1.14e-04 19926.3602-19926.3603
                                                                  0.000    0.000
      FA_p3a (full_adder_34)          1.33e-04 52.0557-52.0558    0.000    0.000
      HA_p2 (half_adder_23)           1.18e-04 20019.2678-20019.2679
                                                                  0.000    0.000
      FA_p3b (full_adder_35)          8.32e-05 19979.1365-19979.1366
                                                                  0.000    0.000
      FA_p2 (full_adder_36)           1.89e-04 235.8022-235.8023
                                                                  0.000    0.000
    bb_hh_3 (ns_bitbrick_2)           3.59e-04 18297.4896-18297.4897
                                                                  0.000    0.000
      HA_p1 (half_adder_16)           1.14e-04 19611.5065-19611.5066
                                                                  0.000    0.000
      FA_p3a (full_adder_22)          1.33e-04 272.2829-272.2830
                                                                  0.000    0.000
      HA_p2 (half_adder_15)           1.18e-04 19813.6170-19813.6171
                                                                  0.000    0.000
      FA_p3b (full_adder_23)          8.16e-05 48.3193-48.3194    0.000    0.000
      FA_p2 (full_adder_24)           2.04e-04 881.8988-881.8989
                                                                  0.000    0.000
    bb_hh_4 (s_bitbrick_3)            2.68e-04 133.9049-133.9050
                                                                  0.000    0.000
      FA_p2 (full_adder_12)           1.84e-04 18393.9401-18393.9402
                                                                  0.000    0.000
      HA_p1 (half_adder_8)            1.15e-04 19393.1094-19393.1095
                                                                  0.000    0.000
      HA_p2 (half_adder_7)            1.18e-04 17.4720-17.4721    0.000    0.000
      FA_p3a (full_adder_10)          1.03e-04 19194.7782-19194.7783
                                                                  0.000    0.000
      FA_p3b (full_adder_11)          9.20e-05 26.5148-26.5149    0.000    0.000
    bb_hl_1 (ns_bitbrick_0)           3.72e-04 1591.7012-1591.7013
                                                                  0.000    0.000
      HA_p1 (half_adder_0)            1.14e-04 20020.9960-20020.9961
                                                                  0.000    0.000
      FA_p3a (full_adder_43)          1.21e-04 139.3741-139.3742
                                                                  0.000    0.000
      HA_p2 (half_adder_29)           1.18e-04 19990.0960-19990.0961
                                                                  0.000    0.000
      FA_p3b (full_adder_44)          8.36e-05 42.8565-42.8566    0.000    0.000
      FA_p2 (full_adder_0)            1.89e-04 16140.7753-16140.7754
                                                                  0.000    0.000
    bb_hl_2 (ns_bitbrick_3)           3.72e-04 375.9412-375.9413
                                                                  0.000    0.000
      HA_p1 (half_adder_22)           1.14e-04 19984.5960-19984.5961
                                                                  0.000    0.000
      FA_p3a (full_adder_31)          1.21e-04 33.8141-33.8142    0.000    0.000
      HA_p2 (half_adder_21)           1.18e-04 20015.6291-20015.6292
                                                                  0.000    0.000
      FA_p3b (full_adder_32)          8.36e-05 39.2165-39.2166    0.000    0.000
      FA_p2 (full_adder_33)           1.89e-04 14178.8162-14178.8163
                                                                  0.000    0.000
    bb_hl_3 (s_bitbrick_4)            2.68e-04 19864.5249-19864.5250
                                                                  0.000    0.000
      FA_p2 (full_adder_21)           1.84e-04 19864.5001-19864.5002
                                                                  0.000    0.000
      HA_p1 (half_adder_14)           1.13e-04 20021.0030-20021.0031
                                                                  0.000    0.000
      HA_p2 (half_adder_13)           1.18e-04 17.4720-17.4721    0.000    0.000
      FA_p3a (full_adder_19)          1.03e-04 19484.1535-19484.1536
                                                                  0.000    0.000
      FA_p3b (full_adder_20)          9.20e-05 33.8029-33.8030    0.000    0.000
    bb_hl_4 (s_bitbrick_2)            2.49e-04 19496.8456-19496.8457
                                                                  0.000    0.000
      FA_p2 (full_adder_9)            1.55e-04 232.1594-232.1595
                                                                  0.000    0.000
      HA_p1 (half_adder_6)            1.12e-04 19804.4230-19804.4231
                                                                  0.000    0.000
      HA_p2 (half_adder_5)            8.15e-05 22.9311-22.9312    0.000    0.000
      FA_p3a (full_adder_7)           1.03e-04 19919.1335-19919.1336
                                                                  0.000    0.000
      FA_p3b (full_adder_8)           9.20e-05 33.7921-33.7922    0.000    0.000
    add_367_2 (proposed_DW01_add_25)  2.74e-04 19103.7567-19103.7568
                                                                  0.000    0.000
    add_346_2 (proposed_DW01_add_23)  2.75e-04 19931.8482-19931.8483
                                                                  0.000    0.000
  add_80_aco (mac_engine_DW01_inc_1_DW01_inc_2)
                                      3.70e-04 73.7851-73.7852    0.000    0.000
1
