Initializing gui preferences from file  /home/kpelayo/.synopsys_dc_gui/preferences.tcl
set search_path "$search_path mapped lib cons rtl"
. /cad/tools/synopsys/syn/U-2022.12/libraries/syn /cad/tools/synopsys/syn/U-2022.12/dw/syn_ver /cad/tools/synopsys/syn/U-2022.12/dw/sim_ver mapped lib cons rtl
set target_library /cad/tools/libraries/dwc_logic_in_gf22fdx_sc7p5t_116cpp_base_csc20l/GF22FDX_SC7P5T_116CPP_BASE_CSC20L_FDK_RELV02R80/model/timing/db/GF22FDX_SC7P5T_116CPP_BASE_CSC20L_TT_0P80V_0P00V_0P00V_0P00V_25C.db
/cad/tools/libraries/dwc_logic_in_gf22fdx_sc7p5t_116cpp_base_csc20l/GF22FDX_SC7P5T_116CPP_BASE_CSC20L_FDK_RELV02R80/model/timing/db/GF22FDX_SC7P5T_116CPP_BASE_CSC20L_TT_0P80V_0P00V_0P00V_0P00V_25C.db
set link_library "* $target_library"
* /cad/tools/libraries/dwc_logic_in_gf22fdx_sc7p5t_116cpp_base_csc20l/GF22FDX_SC7P5T_116CPP_BASE_CSC20L_FDK_RELV02R80/model/timing/db/GF22FDX_SC7P5T_116CPP_BASE_CSC20L_TT_0P80V_0P00V_0P00V_0P00V_25C.db
read_verilog mac.v
Loading db file '/cad/tools/libraries/dwc_logic_in_gf22fdx_sc7p5t_116cpp_base_csc20l/GF22FDX_SC7P5T_116CPP_BASE_CSC20L_FDK_RELV02R80/model/timing/db/GF22FDX_SC7P5T_116CPP_BASE_CSC20L_TT_0P80V_0P00V_0P00V_0P00V_25C.db'
Loading db file '/cad/tools/synopsys/syn/U-2022.12/libraries/syn/gtech.db'
Loading db file '/cad/tools/synopsys/syn/U-2022.12/libraries/syn/standard.sldb'
  Loading link library 'GF22FDX_SC7P5T_116CPP_BASE_CSC20L_TT_0P80V_0P00V_0P00V_0P00V_25C'
  Loading link library 'gtech'
Loading verilog file '/home/kpelayo/Documents/Pelayo_196_199/baseline/rtl/mac.v'
Detecting input file type automatically (-rtl or -netlist).
Reading with Presto HDL Compiler (equivalent to -rtl option).
Running PRESTO HDLC
Compiling source file /home/kpelayo/Documents/Pelayo_196_199/baseline/rtl/mac.v

Statistics for case statements in always block at line 53 in file
        '/home/kpelayo/Documents/Pelayo_196_199/baseline/rtl/mac.v'
===============================================
|           Line           |  full/ parallel  |
===============================================
|            54            |    auto/auto     |
===============================================

Inferred memory devices in process
        in routine psmac line 104 in file
                '/home/kpelayo/Documents/Pelayo_196_199/baseline/rtl/mac.v'.
===============================================================================
|    Register Name    |   Type    | Width | Bus | MB | AR | AS | SR | SS | ST |
===============================================================================
|   mode_buffer_reg   | Flip-flop |   4   |  Y  | N  | N  | N  | N  | N  | N  |
===============================================================================

Inferred memory devices in process
        in routine psmac line 112 in file
                '/home/kpelayo/Documents/Pelayo_196_199/baseline/rtl/mac.v'.
===============================================================================
|    Register Name    |   Type    | Width | Bus | MB | AR | AS | SR | SS | ST |
===============================================================================
|       sum_reg       | Flip-flop |  20   |  Y  | N  | N  | N  | N  | N  | N  |
===============================================================================
Presto compilation completed successfully.
Current design is now '/home/kpelayo/Documents/Pelayo_196_199/baseline/rtl/mult.db:mult'
Loaded 2 designs.
Current design is 'mult'.
mult psmac
read_verilog mac_engine.v
Loading verilog file '/home/kpelayo/Documents/Pelayo_196_199/baseline/rtl/mac_engine.v'
Detecting input file type automatically (-rtl or -netlist).
Reading with Presto HDL Compiler (equivalent to -rtl option).
Running PRESTO HDLC
Compiling source file /home/kpelayo/Documents/Pelayo_196_199/baseline/rtl/mac_engine.v

Statistics for case statements in always block at line 64 in file
        '/home/kpelayo/Documents/Pelayo_196_199/baseline/rtl/mac_engine.v'
===============================================
|           Line           |  full/ parallel  |
===============================================
|            70            |     no/auto      |
===============================================

Inferred memory devices in process
        in routine mac_engine line 64 in file
                '/home/kpelayo/Documents/Pelayo_196_199/baseline/rtl/mac_engine.v'.
===============================================================================
|    Register Name    |   Type    | Width | Bus | MB | AR | AS | SR | SS | ST |
===============================================================================
|      valid_reg      | Flip-flop |   1   |  N  | N  | N  | N  | N  | N  | N  |
|      state_reg      | Flip-flop |   3   |  Y  | N  | N  | N  | N  | N  | N  |
|       ctr_reg       | Flip-flop |   8   |  Y  | N  | N  | N  | N  | N  | N  |
===============================================================================

Inferred memory devices in process
        in routine mac_engine line 101 in file
                '/home/kpelayo/Documents/Pelayo_196_199/baseline/rtl/mac_engine.v'.
===============================================================================
|    Register Name    |   Type    | Width | Bus | MB | AR | AS | SR | SS | ST |
===============================================================================
|      WBUF_reg       | Flip-flop |  16   |  Y  | N  | N  | N  | N  | N  | N  |
|      IBUF_reg       | Flip-flop |  16   |  Y  | N  | N  | N  | N  | N  | N  |
===============================================================================
Presto compilation completed successfully.
Current design is now '/home/kpelayo/Documents/Pelayo_196_199/baseline/rtl/mac_engine.db:mac_engine'
Loaded 1 design.
Current design is 'mac_engine'.
mac_engine
current_design mac_engine
Current design is 'mac_engine'.
{mac_engine}
link

  Linking design 'mac_engine'
  Using the following designs and libraries:
  --------------------------------------------------------------------------
  * (3 designs)               /home/kpelayo/Documents/Pelayo_196_199/baseline/rtl/mac_engine.db, etc
  GF22FDX_SC7P5T_116CPP_BASE_CSC20L_TT_0P80V_0P00V_0P00V_0P00V_25C (library) /cad/tools/libraries/dwc_logic_in_gf22fdx_sc7p5t_116cpp_base_csc20l/GF22FDX_SC7P5T_116CPP_BASE_CSC20L_FDK_RELV02R80/model/timing/db/GF22FDX_SC7P5T_116CPP_BASE_CSC20L_TT_0P80V_0P00V_0P00V_0P00V_25C.db

1
check_design > logs/check_design.log
source timing.sdc
1
compile
Information: Evaluating DesignWare library utilization. (UISN-27)

============================================================================
| DesignWare Building Block Library  |         Version         | Available |
============================================================================
| Basic DW Building Blocks           | U-2022.12-DWBB_202212.0 |     *     |
| Licensed DW Building Blocks        |                         |           |
============================================================================

====================================================================================================
| Flow Information                                                                                 |
----------------------------------------------------------------------------------------------------
| Flow         | Design Compiler                                                                   |
====================================================================================================
| Design Information                                      | Value                                  |
====================================================================================================
| Number of Scenarios                                     | 0                                      |
| Leaf Cell Count                                         | 199                                    |
| Number of User Hierarchies                              | 2                                      |
| Sequential Cell Count                                   | 68                                     |
| Macro Count                                             | 0                                      |
| Number of Power Domains                                 | 0                                      |
| Number of Path Groups                                   | 2                                      |
| Number of VT Class                                      | 1                                      |
| Number of Clocks                                        | 1                                      |
| Number of Dont Touch Cells                              | 57                                     |
| Number of Dont Touch Nets                               | 0                                      |
| Number of Size Only Cells                               | 0                                      |
| Design with UPF Data                                    | false                                  |
====================================================================================================

Information: There are 4 potential problems in your design. Please run 'check_design' for more information. (LINT-99)



  Beginning Pass 1 Mapping
  ------------------------
  Processing 'mult'
  Processing 'psmac'
  Processing 'mac_engine'
Information: The register 'state_reg[2]' is a constant and will be removed. (OPT-1206)

  Updating timing information
Information: Updating design information... (UID-85)

  Beginning Implementation Selection
  ----------------------------------
  Processing 'mac_engine_DW01_cmp6_0_DW01_cmp6_1'
  Processing 'mac_engine_DW01_inc_0'
  Processing 'psmac_DW01_add_0'
  Allocating blocks in 'DW02_mult_A_width8_B_width8'
  Building model 'DW01_MUX'
  Processing 'DW01_MUX'
  Building model 'DW01_mmux_width2'
  Processing 'DW01_mmux_width2'
  Building model 'DW01_mmux_width3'
  Processing 'DW01_mmux_width3'
  Building model 'DW01_mmux_width4'
  Processing 'DW01_mmux_width4'
  Building model 'DW01_mmux_width5'
  Processing 'DW01_mmux_width5'
  Building model 'DW01_NAND2'
  Processing 'DW01_NAND2'
  Building model 'DW01_add_width14' (cla)
  Processing 'DW01_add_width14'
  Building model 'DW02_mult_A_width8_B_width8' (csa)
  Processing 'DW02_mult_A_width8_B_width8'
  Allocating blocks in 'DW02_mult_A_width8_B_width1'
  Allocating blocks in 'DW01_absval_width8'
  Building model 'DW01_inc_width8' (cla)
  Processing 'DW01_inc_width8'
  Building model 'DW01_absval_width8' (cla)
  Processing 'DW01_absval_width8'
  Allocating blocks in 'DW01_absval_width1'
  Building model 'DW01_inc_width1' (cla)
  Processing 'DW01_inc_width1'
  Building model 'DW01_absval_width1' (cla)
  Processing 'DW01_absval_width1'
  Building model 'DW01_inc_width9' (cla)
  Processing 'DW01_inc_width9'
  Building model 'DW02_mult_A_width8_B_width1' (csa)
  Processing 'DW02_mult_A_width8_B_width1'
  Building model 'DW01_inc_width8' (rpl)
  Processing 'DW01_inc_width8'
  Processing 'mult_DW02_mult_0'
  Processing 'mult_DW01_add_0_DW01_add_1'
  Processing 'mac_engine_DW01_inc_1_DW01_inc_2'
  Processing 'mac_engine_DW02_mult_0_DW02_mult_1'

  Beginning Mapping Optimizations  (Medium effort)
  -------------------------------

                                  TOTAL                                      
   ELAPSED            WORST NEG   SETUP    DESIGN                            
    TIME      AREA      SLACK     COST    RULE COST         ENDPOINT         
  --------- --------- --------- --------- --------- -------------------------
    0:00:02     399.2      0.00       0.0       0.0                          
    0:00:02     399.2      0.00       0.0       0.0                          
    0:00:02     399.2      0.00       0.0       0.0                          
    0:00:02     399.2      0.00       0.0       0.0                          
    0:00:02     399.2      0.00       0.0       0.0                          
    0:00:02     291.8     60.83      62.8       0.0                          
    0:00:02     306.7      0.00       0.0       0.0                          
    0:00:02     293.6     59.44      60.0       0.0                          
    0:00:02     303.0      0.00       0.0       0.0                          
    0:00:02     294.8     18.88      18.9       0.0                          
    0:00:02     301.9      0.00       0.0       0.0                          
    0:00:02     296.6      4.22       4.2       0.0                          
    0:00:02     297.8      0.00       0.0       0.0                          
    0:00:02     296.6      3.34       3.3       0.0                          
    0:00:02     298.6      0.00       0.0       0.0                          
    0:00:02     298.6      0.00       0.0       0.0                          
    0:00:02     298.6      0.00       0.0       0.0                          
    0:00:02     298.6      0.00       0.0       0.0                          
    0:00:02     298.6      0.00       0.0       0.0                          
    0:00:02     298.6      0.00       0.0       0.0                          
    0:00:02     298.6      0.00       0.0       0.0                          



  Beginning Delay Optimization Phase
  ----------------------------------

                                  TOTAL                                      
   ELAPSED            WORST NEG   SETUP    DESIGN                            
    TIME      AREA      SLACK     COST    RULE COST         ENDPOINT         
  --------- --------- --------- --------- --------- -------------------------
    0:00:02     298.6      0.00       0.0       0.0                          
    0:00:02     298.6      0.00       0.0       0.0                          
    0:00:02     298.6      0.00       0.0       0.0                          


  Beginning Area-Recovery Phase  (cleanup)
  -----------------------------

                                  TOTAL                                      
   ELAPSED            WORST NEG   SETUP    DESIGN                            
    TIME      AREA      SLACK     COST    RULE COST         ENDPOINT         
  --------- --------- --------- --------- --------- -------------------------
    0:00:02     298.6      0.00       0.0       0.0                          
    0:00:02     298.6      0.00       0.0       0.0                          
    0:00:02     296.3      0.00       0.0       0.0                          
    0:00:02     296.3      0.00       0.0       0.0                          
    0:00:02     296.3      0.00       0.0       0.0                          
    0:00:02     296.3      0.00       0.0       0.0                          
    0:00:02     296.3      0.00       0.0       0.0                          
    0:00:02     296.0      0.00       0.0       0.0                          
    0:00:02     295.9      0.00       0.0       0.0                          
    0:00:02     295.9      0.00       0.0       0.0                          
    0:00:02     295.9      0.00       0.0       0.0                          
    0:00:02     295.9      0.00       0.0       0.0                          
    0:00:02     295.9      0.00       0.0       0.0                          
    0:00:02     295.9      0.00       0.0       0.0                          
    0:00:02     295.8      0.00       0.0       0.0                          
Loading db file '/cad/tools/libraries/dwc_logic_in_gf22fdx_sc7p5t_116cpp_base_csc20l/GF22FDX_SC7P5T_116CPP_BASE_CSC20L_FDK_RELV02R80/model/timing/db/GF22FDX_SC7P5T_116CPP_BASE_CSC20L_TT_0P80V_0P00V_0P00V_0P00V_25C.db'


Note: Symbol # after min delay cost means estimated hold TNS across all active scenarios 


  Optimization Complete
  ---------------------
1
report_constraint -all_violators > logs/constraint_report.log
report_area -hierarchy > logs/area_report.log
report_timing > logs/timing_report.log
report_power > logs/power_report.log
write_file -format verilog -hierarchy -output mapped/mac_engine_mapped.v
Writing verilog file '/home/kpelayo/Documents/Pelayo_196_199/baseline/mapped/mac_engine_mapped.v'.
Warning: Verilog 'assign' or 'tran' statements are written out. (VO-4)
1
write_file -format ddc -hierarchy -output mapped/mac_engine_mapped.ddc
Writing ddc file 'mapped/mac_engine_mapped.ddc'.
1
write_sdf mapped/mac_engine_mapped.sdf
Information: Annotated 'cell' delays are assumed to include load delay. (UID-282)
Information: Writing timing information to file '/home/kpelayo/Documents/Pelayo_196_199/baseline/mapped/mac_engine_mapped.sdf'. (WT-3)
1
write_sdc mapped/mac_engine_mapped.sdc
1
quit
Memory usage for this session 536 Mbytes.
Memory usage for this session including child processes 536 Mbytes.
CPU usage for this session 9 seconds ( 0.00 hours ).
Elapsed time for this session 11 seconds ( 0.00 hours ).

Thank you...

