****************************************
Report : Time Based Power
	-hierarchy
Design : mac_engine
Version: U-2022.12
Date   : Sat Apr  6 08:34:49 2024
****************************************



                                      Int      Switch   Leak     Total
Hierarchy                             Power    Power    Power    Power    %
----------------------------------------------------------------------------------
mac_engine                            1.50e-06 2.99e-07 5.45e-07 2.35e-06 100.0
  add_79 (mac_engine_DW01_inc_0)         0.000    0.000 1.39e-08 1.39e-08   0.6
  add_85_aco (mac_engine_DW01_inc_1_DW01_inc_2)
                                      6.74e-09 2.14e-09 1.25e-08 2.14e-08   0.9
  PSMAC1 (psmac)                      7.61e-07 2.48e-07 3.22e-07 1.33e-06  56.7
    simple_mult (mult)                2.21e-07 1.79e-07 1.62e-07 5.62e-07  23.9
      mult_28 (mult_DW02_mult_0)      2.21e-07 1.79e-07 1.62e-07 5.62e-07  23.9
        FS_1 (mult_DW01_add_0_DW01_add_1)
                                      6.66e-08 5.70e-08 2.96e-08 1.53e-07   6.5
    add_122 (psmac_DW01_add_0)        1.04e-07 3.22e-08 3.39e-08 1.71e-07   7.3


                                      Peak     Peak            Glitch   X-tran
Hierarchy                             Power    Time            Power    Power
--------------------------------------------------------------------------------
mac_engine                            1.55e-02 10200.0000-10200.0001
                                                                  0.000    0.000
  add_79 (mac_engine_DW01_inc_0)      1.39e-08  0.0000-0.0001     0.000    0.000
  add_85_aco (mac_engine_DW01_inc_1_DW01_inc_2)
                                      2.07e-04 7125.1744-7125.1745
                                                                  0.000    0.000
  PSMAC1 (psmac)                      7.35e-03 5850.0000-5850.0001
                                                                  0.000    0.000
    simple_mult (mult)                1.25e-03 6075.0877-6075.0878
                                                                  0.000    0.000
      mult_28 (mult_DW02_mult_0)      1.25e-03 6075.0877-6075.0878
                                                                  0.000    0.000
        FS_1 (mult_DW01_add_0_DW01_add_1)
                                      8.07e-04 5625.3211-5625.3212
                                                                  0.000    0.000
    add_122 (psmac_DW01_add_0)        3.61e-04 7575.0751-7575.0752
                                                                  0.000    0.000
1
